M-matrix-small.txt
2022-10-06 18:13:50,417 INFO impl.MetricsConfig: Loaded properties from hadoop-metrics2.properties
2022-10-06 18:13:50,479 INFO impl.MetricsSystemImpl: Scheduled Metric snapshot period at 10 second(s).
2022-10-06 18:13:50,479 INFO impl.MetricsSystemImpl: JobTracker metrics system started
2022-10-06 18:13:50,530 WARN mapreduce.JobResourceUploader: Hadoop command-line option parsing not performed. Implement the Tool interface and execute your application with ToolRunner to remedy this.
2022-10-06 18:13:50,613 INFO input.FileInputFormat: Total input files to process : 1
2022-10-06 18:13:50,643 INFO mapreduce.JobSubmitter: number of splits:1
2022-10-06 18:13:50,750 INFO mapreduce.JobSubmitter: Submitting tokens for job: job_local1335499727_0001
2022-10-06 18:13:50,750 INFO mapreduce.JobSubmitter: Executing with tokens: []
2022-10-06 18:13:50,832 INFO mapreduce.Job: The url to track the job: http://localhost:8080/
2022-10-06 18:13:50,835 INFO mapreduce.Job: Running job: job_local1335499727_0001
2022-10-06 18:13:50,839 INFO mapred.LocalJobRunner: OutputCommitter set in config null
2022-10-06 18:13:50,845 INFO output.FileOutputCommitter: File Output Committer Algorithm version is 2
2022-10-06 18:13:50,845 INFO output.FileOutputCommitter: FileOutputCommitter skip cleanup _temporary folders under output directory:false, ignore cleanup failures: false
2022-10-06 18:13:50,846 INFO mapred.LocalJobRunner: OutputCommitter is org.apache.hadoop.mapreduce.lib.output.FileOutputCommitter
2022-10-06 18:13:50,933 INFO mapred.LocalJobRunner: Waiting for map tasks
2022-10-06 18:13:50,934 INFO mapred.LocalJobRunner: Starting task: attempt_local1335499727_0001_m_000000_0
2022-10-06 18:13:50,955 INFO output.FileOutputCommitter: File Output Committer Algorithm version is 2
2022-10-06 18:13:50,955 INFO output.FileOutputCommitter: FileOutputCommitter skip cleanup _temporary folders under output directory:false, ignore cleanup failures: false
2022-10-06 18:13:50,977 INFO mapred.Task:  Using ResourceCalculatorProcessTree : [ ]
2022-10-06 18:13:50,980 INFO mapred.MapTask: Processing split: file:/home/bdumpa/project2/M-matrix-small.txt:0+132
2022-10-06 18:13:51,000 INFO mapred.MapTask: (EQUATOR) 0 kvi 26214396(104857584)
2022-10-06 18:13:51,000 INFO mapred.MapTask: mapreduce.task.io.sort.mb: 100
2022-10-06 18:13:51,000 INFO mapred.MapTask: soft limit at 83886080
2022-10-06 18:13:51,000 INFO mapred.MapTask: bufstart = 0; bufvoid = 104857600
2022-10-06 18:13:51,000 INFO mapred.MapTask: kvstart = 26214396; length = 6553600
2022-10-06 18:13:51,004 INFO mapred.MapTask: Map output collector class = org.apache.hadoop.mapred.MapTask$MapOutputBuffer
2022-10-06 18:13:51,032 INFO mapred.LocalJobRunner: 
2022-10-06 18:13:51,032 INFO mapred.MapTask: Starting flush of map output
2022-10-06 18:13:51,032 INFO mapred.MapTask: Spilling map output
2022-10-06 18:13:51,032 INFO mapred.MapTask: bufstart = 0; bufend = 288; bufvoid = 104857600
2022-10-06 18:13:51,032 INFO mapred.MapTask: kvstart = 26214396(104857584); kvend = 26214352(104857408); length = 45/6553600
2022-10-06 18:13:51,036 INFO mapred.MapTask: Finished spill 0
2022-10-06 18:13:51,042 INFO mapred.Task: Task:attempt_local1335499727_0001_m_000000_0 is done. And is in the process of committing
2022-10-06 18:13:51,044 INFO mapred.LocalJobRunner: map
2022-10-06 18:13:51,044 INFO mapred.Task: Task 'attempt_local1335499727_0001_m_000000_0' done.
2022-10-06 18:13:51,048 INFO mapred.Task: Final Counters for attempt_local1335499727_0001_m_000000_0: Counters: 17
	File System Counters
		FILE: Number of bytes read=8951
		FILE: Number of bytes written=552862
		FILE: Number of read operations=0
		FILE: Number of large read operations=0
		FILE: Number of write operations=0
	Map-Reduce Framework
		Map input records=12
		Map output records=12
		Map output bytes=288
		Map output materialized bytes=318
		Input split bytes=235
		Combine input records=0
		Spilled Records=12
		Failed Shuffles=0
		Merged Map outputs=0
		GC time elapsed (ms)=0
		Total committed heap usage (bytes)=2147483648
	File Input Format Counters 
		Bytes Read=0
2022-10-06 18:13:51,048 INFO mapred.LocalJobRunner: Finishing task: attempt_local1335499727_0001_m_000000_0
2022-10-06 18:13:51,049 INFO mapred.LocalJobRunner: map task executor complete.
2022-10-06 18:13:51,052 INFO mapred.LocalJobRunner: Waiting for reduce tasks
2022-10-06 18:13:51,052 INFO mapred.LocalJobRunner: Starting task: attempt_local1335499727_0001_r_000000_0
2022-10-06 18:13:51,058 INFO output.FileOutputCommitter: File Output Committer Algorithm version is 2
2022-10-06 18:13:51,058 INFO output.FileOutputCommitter: FileOutputCommitter skip cleanup _temporary folders under output directory:false, ignore cleanup failures: false
2022-10-06 18:13:51,059 INFO mapred.Task:  Using ResourceCalculatorProcessTree : [ ]
2022-10-06 18:13:51,060 INFO mapred.ReduceTask: Using ShuffleConsumerPlugin: org.apache.hadoop.mapreduce.task.reduce.Shuffle@725db236
2022-10-06 18:13:51,061 WARN impl.MetricsSystemImpl: JobTracker metrics system already initialized!
2022-10-06 18:13:51,072 INFO reduce.MergeManagerImpl: The max number of bytes for a single in-memory shuffle cannot be larger than Integer.MAX_VALUE. Setting it to Integer.MAX_VALUE
2022-10-06 18:13:51,072 INFO reduce.MergeManagerImpl: MergerManager: memoryLimit=22525089792, maxSingleShuffleLimit=2147483647, mergeThreshold=14866560000, ioSortFactor=10, memToMemMergeOutputsThreshold=10
2022-10-06 18:13:51,073 INFO reduce.EventFetcher: attempt_local1335499727_0001_r_000000_0 Thread started: EventFetcher for fetching Map Completion Events
2022-10-06 18:13:51,094 INFO reduce.LocalFetcher: localfetcher#1 about to shuffle output of map attempt_local1335499727_0001_m_000000_0 decomp: 314 len: 318 to MEMORY
2022-10-06 18:13:51,096 INFO reduce.InMemoryMapOutput: Read 314 bytes from map-output for attempt_local1335499727_0001_m_000000_0
2022-10-06 18:13:51,097 INFO reduce.MergeManagerImpl: closeInMemoryFile -> map-output of size: 314, inMemoryMapOutputs.size() -> 1, commitMemory -> 0, usedMemory ->314
2022-10-06 18:13:51,099 INFO reduce.EventFetcher: EventFetcher is interrupted.. Returning
2022-10-06 18:13:51,100 INFO mapred.LocalJobRunner: 1 / 1 copied.
2022-10-06 18:13:51,100 INFO reduce.MergeManagerImpl: finalMerge called with 1 in-memory map-outputs and 0 on-disk map-outputs
2022-10-06 18:13:51,103 INFO mapred.Merger: Merging 1 sorted segments
2022-10-06 18:13:51,103 INFO mapred.Merger: Down to the last merge-pass, with 1 segments left of total size: 304 bytes
2022-10-06 18:13:51,104 INFO reduce.MergeManagerImpl: Merged 1 segments, 314 bytes to disk to satisfy reduce memory limit
2022-10-06 18:13:51,104 INFO reduce.MergeManagerImpl: Merging 1 files, 318 bytes from disk
2022-10-06 18:13:51,105 INFO reduce.MergeManagerImpl: Merging 0 segments, 0 bytes from memory into reduce
2022-10-06 18:13:51,105 INFO mapred.Merger: Merging 1 sorted segments
2022-10-06 18:13:51,105 INFO mapred.Merger: Down to the last merge-pass, with 1 segments left of total size: 304 bytes
2022-10-06 18:13:51,105 INFO mapred.LocalJobRunner: 1 / 1 copied.
2022-10-06 18:13:51,216 INFO Configuration.deprecation: mapred.skip.on is deprecated. Instead, use mapreduce.job.skiprecords
2022-10-06 18:13:51,235 INFO mapred.Task: Task:attempt_local1335499727_0001_r_000000_0 is done. And is in the process of committing
2022-10-06 18:13:51,236 INFO mapred.LocalJobRunner: 1 / 1 copied.
2022-10-06 18:13:51,236 INFO mapred.Task: Task attempt_local1335499727_0001_r_000000_0 is allowed to commit now
2022-10-06 18:13:51,262 INFO output.FileOutputCommitter: Saved output of task 'attempt_local1335499727_0001_r_000000_0' to file:/home/bdumpa/project2/left_tmp
2022-10-06 18:13:51,263 INFO mapred.LocalJobRunner: reduce > reduce
2022-10-06 18:13:51,263 INFO mapred.Task: Task 'attempt_local1335499727_0001_r_000000_0' done.
2022-10-06 18:13:51,263 INFO mapred.Task: Final Counters for attempt_local1335499727_0001_r_000000_0: Counters: 24
	File System Counters
		FILE: Number of bytes read=9619
		FILE: Number of bytes written=633869
		FILE: Number of read operations=0
		FILE: Number of large read operations=0
		FILE: Number of write operations=0
	Map-Reduce Framework
		Combine input records=0
		Combine output records=0
		Reduce input groups=1
		Reduce shuffle bytes=318
		Reduce input records=12
		Reduce output records=1
		Spilled Records=12
		Shuffled Maps =1
		Failed Shuffles=0
		Merged Map outputs=1
		GC time elapsed (ms)=0
		Total committed heap usage (bytes)=2147483648
	Shuffle Errors
		BAD_ID=0
		CONNECTION=0
		IO_ERROR=0
		WRONG_LENGTH=0
		WRONG_MAP=0
		WRONG_REDUCE=0
	File Output Format Counters 
		Bytes Written=80689
2022-10-06 18:13:51,263 INFO mapred.LocalJobRunner: Finishing task: attempt_local1335499727_0001_r_000000_0
2022-10-06 18:13:51,263 INFO mapred.LocalJobRunner: reduce task executor complete.
2022-10-06 18:13:51,843 INFO mapreduce.Job: Job job_local1335499727_0001 running in uber mode : false
2022-10-06 18:13:51,843 INFO mapreduce.Job:  map 100% reduce 100%
2022-10-06 18:13:51,844 INFO mapreduce.Job: Job job_local1335499727_0001 completed successfully
2022-10-06 18:13:51,850 INFO mapreduce.Job: Counters: 30
	File System Counters
		FILE: Number of bytes read=18570
		FILE: Number of bytes written=1186731
		FILE: Number of read operations=0
		FILE: Number of large read operations=0
		FILE: Number of write operations=0
	Map-Reduce Framework
		Map input records=12
		Map output records=12
		Map output bytes=288
		Map output materialized bytes=318
		Input split bytes=235
		Combine input records=0
		Combine output records=0
		Reduce input groups=1
		Reduce shuffle bytes=318
		Reduce input records=12
		Reduce output records=1
		Spilled Records=24
		Shuffled Maps =1
		Failed Shuffles=0
		Merged Map outputs=1
		GC time elapsed (ms)=0
		Total committed heap usage (bytes)=4294967296
	Shuffle Errors
		BAD_ID=0
		CONNECTION=0
		IO_ERROR=0
		WRONG_LENGTH=0
		WRONG_MAP=0
		WRONG_REDUCE=0
	File Input Format Counters 
		Bytes Read=0
	File Output Format Counters 
		Bytes Written=80689
2022-10-06 18:13:51,862 WARN impl.MetricsSystemImpl: JobTracker metrics system already initialized!
2022-10-06 18:13:51,864 WARN mapreduce.JobResourceUploader: Hadoop command-line option parsing not performed. Implement the Tool interface and execute your application with ToolRunner to remedy this.
2022-10-06 18:13:51,866 INFO input.FileInputFormat: Total input files to process : 1
2022-10-06 18:13:51,868 INFO mapreduce.JobSubmitter: number of splits:1
2022-10-06 18:13:51,877 INFO mapreduce.JobSubmitter: Submitting tokens for job: job_local532372234_0002
2022-10-06 18:13:51,877 INFO mapreduce.JobSubmitter: Executing with tokens: []
2022-10-06 18:13:51,992 INFO mapreduce.Job: The url to track the job: http://localhost:8080/
2022-10-06 18:13:51,992 INFO mapreduce.Job: Running job: job_local532372234_0002
2022-10-06 18:13:51,992 INFO mapred.LocalJobRunner: OutputCommitter set in config null
2022-10-06 18:13:51,993 INFO output.FileOutputCommitter: File Output Committer Algorithm version is 2
2022-10-06 18:13:51,993 INFO output.FileOutputCommitter: FileOutputCommitter skip cleanup _temporary folders under output directory:false, ignore cleanup failures: false
2022-10-06 18:13:51,993 INFO mapred.LocalJobRunner: OutputCommitter is org.apache.hadoop.mapreduce.lib.output.FileOutputCommitter
2022-10-06 18:13:52,071 INFO mapred.LocalJobRunner: Waiting for map tasks
2022-10-06 18:13:52,071 INFO mapred.LocalJobRunner: Starting task: attempt_local532372234_0002_m_000000_0
2022-10-06 18:13:52,073 INFO output.FileOutputCommitter: File Output Committer Algorithm version is 2
2022-10-06 18:13:52,073 INFO output.FileOutputCommitter: FileOutputCommitter skip cleanup _temporary folders under output directory:false, ignore cleanup failures: false
2022-10-06 18:13:52,073 INFO mapred.Task:  Using ResourceCalculatorProcessTree : [ ]
2022-10-06 18:13:52,074 INFO mapred.MapTask: Processing split: file:/home/bdumpa/project2/N-matrix-small.txt:0+129
2022-10-06 18:13:52,086 INFO mapred.MapTask: (EQUATOR) 0 kvi 26214396(104857584)
2022-10-06 18:13:52,086 INFO mapred.MapTask: mapreduce.task.io.sort.mb: 100
2022-10-06 18:13:52,086 INFO mapred.MapTask: soft limit at 83886080
2022-10-06 18:13:52,086 INFO mapred.MapTask: bufstart = 0; bufvoid = 104857600
2022-10-06 18:13:52,086 INFO mapred.MapTask: kvstart = 26214396; length = 6553600
2022-10-06 18:13:52,087 INFO mapred.MapTask: Map output collector class = org.apache.hadoop.mapred.MapTask$MapOutputBuffer
2022-10-06 18:13:52,096 INFO mapred.LocalJobRunner: 
2022-10-06 18:13:52,096 INFO mapred.MapTask: Starting flush of map output
2022-10-06 18:13:52,096 INFO mapred.MapTask: Spilling map output
2022-10-06 18:13:52,096 INFO mapred.MapTask: bufstart = 0; bufend = 288; bufvoid = 104857600
2022-10-06 18:13:52,096 INFO mapred.MapTask: kvstart = 26214396(104857584); kvend = 26214352(104857408); length = 45/6553600
2022-10-06 18:13:52,097 INFO mapred.MapTask: Finished spill 0
2022-10-06 18:13:52,098 INFO mapred.Task: Task:attempt_local532372234_0002_m_000000_0 is done. And is in the process of committing
2022-10-06 18:13:52,099 INFO mapred.LocalJobRunner: map
2022-10-06 18:13:52,099 INFO mapred.Task: Task 'attempt_local532372234_0002_m_000000_0' done.
2022-10-06 18:13:52,099 INFO mapred.Task: Final Counters for attempt_local532372234_0002_m_000000_0: Counters: 17
	File System Counters
		FILE: Number of bytes read=18567
		FILE: Number of bytes written=1184115
		FILE: Number of read operations=0
		FILE: Number of large read operations=0
		FILE: Number of write operations=0
	Map-Reduce Framework
		Map input records=12
		Map output records=12
		Map output bytes=288
		Map output materialized bytes=318
		Input split bytes=235
		Combine input records=0
		Spilled Records=12
		Failed Shuffles=0
		Merged Map outputs=0
		GC time elapsed (ms)=0
		Total committed heap usage (bytes)=2147483648
	File Input Format Counters 
		Bytes Read=0
2022-10-06 18:13:52,099 INFO mapred.LocalJobRunner: Finishing task: attempt_local532372234_0002_m_000000_0
2022-10-06 18:13:52,099 INFO mapred.LocalJobRunner: map task executor complete.
2022-10-06 18:13:52,100 INFO mapred.LocalJobRunner: Waiting for reduce tasks
2022-10-06 18:13:52,100 INFO mapred.LocalJobRunner: Starting task: attempt_local532372234_0002_r_000000_0
2022-10-06 18:13:52,102 INFO output.FileOutputCommitter: File Output Committer Algorithm version is 2
2022-10-06 18:13:52,102 INFO output.FileOutputCommitter: FileOutputCommitter skip cleanup _temporary folders under output directory:false, ignore cleanup failures: false
2022-10-06 18:13:52,102 INFO mapred.Task:  Using ResourceCalculatorProcessTree : [ ]
2022-10-06 18:13:52,102 INFO mapred.ReduceTask: Using ShuffleConsumerPlugin: org.apache.hadoop.mapreduce.task.reduce.Shuffle@b618f72
2022-10-06 18:13:52,102 WARN impl.MetricsSystemImpl: JobTracker metrics system already initialized!
2022-10-06 18:13:52,103 INFO reduce.MergeManagerImpl: The max number of bytes for a single in-memory shuffle cannot be larger than Integer.MAX_VALUE. Setting it to Integer.MAX_VALUE
2022-10-06 18:13:52,103 INFO reduce.MergeManagerImpl: MergerManager: memoryLimit=22525089792, maxSingleShuffleLimit=2147483647, mergeThreshold=14866560000, ioSortFactor=10, memToMemMergeOutputsThreshold=10
2022-10-06 18:13:52,103 INFO reduce.EventFetcher: attempt_local532372234_0002_r_000000_0 Thread started: EventFetcher for fetching Map Completion Events
2022-10-06 18:13:52,105 INFO reduce.LocalFetcher: localfetcher#2 about to shuffle output of map attempt_local532372234_0002_m_000000_0 decomp: 314 len: 318 to MEMORY
2022-10-06 18:13:52,105 INFO reduce.InMemoryMapOutput: Read 314 bytes from map-output for attempt_local532372234_0002_m_000000_0
2022-10-06 18:13:52,105 INFO reduce.MergeManagerImpl: closeInMemoryFile -> map-output of size: 314, inMemoryMapOutputs.size() -> 1, commitMemory -> 0, usedMemory ->314
2022-10-06 18:13:52,106 INFO reduce.EventFetcher: EventFetcher is interrupted.. Returning
2022-10-06 18:13:52,106 INFO mapred.LocalJobRunner: 1 / 1 copied.
2022-10-06 18:13:52,106 INFO reduce.MergeManagerImpl: finalMerge called with 1 in-memory map-outputs and 0 on-disk map-outputs
2022-10-06 18:13:52,107 INFO mapred.Merger: Merging 1 sorted segments
2022-10-06 18:13:52,107 INFO mapred.Merger: Down to the last merge-pass, with 1 segments left of total size: 304 bytes
2022-10-06 18:13:52,109 INFO reduce.MergeManagerImpl: Merged 1 segments, 314 bytes to disk to satisfy reduce memory limit
2022-10-06 18:13:52,109 INFO reduce.MergeManagerImpl: Merging 1 files, 318 bytes from disk
2022-10-06 18:13:52,109 INFO reduce.MergeManagerImpl: Merging 0 segments, 0 bytes from memory into reduce
2022-10-06 18:13:52,109 INFO mapred.Merger: Merging 1 sorted segments
2022-10-06 18:13:52,109 INFO mapred.Merger: Down to the last merge-pass, with 1 segments left of total size: 304 bytes
2022-10-06 18:13:52,109 INFO mapred.LocalJobRunner: 1 / 1 copied.
2022-10-06 18:13:52,185 INFO mapred.Task: Task:attempt_local532372234_0002_r_000000_0 is done. And is in the process of committing
2022-10-06 18:13:52,185 INFO mapred.LocalJobRunner: 1 / 1 copied.
2022-10-06 18:13:52,185 INFO mapred.Task: Task attempt_local532372234_0002_r_000000_0 is allowed to commit now
2022-10-06 18:13:52,198 INFO output.FileOutputCommitter: Saved output of task 'attempt_local532372234_0002_r_000000_0' to file:/home/bdumpa/project2/right_tmp
2022-10-06 18:13:52,198 INFO mapred.LocalJobRunner: reduce > reduce
2022-10-06 18:13:52,198 INFO mapred.Task: Task 'attempt_local532372234_0002_r_000000_0' done.
2022-10-06 18:13:52,199 INFO mapred.Task: Final Counters for attempt_local532372234_0002_r_000000_0: Counters: 24
	File System Counters
		FILE: Number of bytes read=19235
		FILE: Number of bytes written=1265122
		FILE: Number of read operations=0
		FILE: Number of large read operations=0
		FILE: Number of write operations=0
	Map-Reduce Framework
		Combine input records=0
		Combine output records=0
		Reduce input groups=1
		Reduce shuffle bytes=318
		Reduce input records=12
		Reduce output records=1
		Spilled Records=12
		Shuffled Maps =1
		Failed Shuffles=0
		Merged Map outputs=1
		GC time elapsed (ms)=0
		Total committed heap usage (bytes)=2147483648
	Shuffle Errors
		BAD_ID=0
		CONNECTION=0
		IO_ERROR=0
		WRONG_LENGTH=0
		WRONG_MAP=0
		WRONG_REDUCE=0
	File Output Format Counters 
		Bytes Written=80689
2022-10-06 18:13:52,199 INFO mapred.LocalJobRunner: Finishing task: attempt_local532372234_0002_r_000000_0
2022-10-06 18:13:52,199 INFO mapred.LocalJobRunner: reduce task executor complete.
2022-10-06 18:13:52,993 INFO mapreduce.Job: Job job_local532372234_0002 running in uber mode : false
2022-10-06 18:13:52,993 INFO mapreduce.Job:  map 100% reduce 100%
2022-10-06 18:13:52,993 INFO mapreduce.Job: Job job_local532372234_0002 completed successfully
2022-10-06 18:13:52,996 INFO mapreduce.Job: Counters: 30
	File System Counters
		FILE: Number of bytes read=37802
		FILE: Number of bytes written=2449237
		FILE: Number of read operations=0
		FILE: Number of large read operations=0
		FILE: Number of write operations=0
	Map-Reduce Framework
		Map input records=12
		Map output records=12
		Map output bytes=288
		Map output materialized bytes=318
		Input split bytes=235
		Combine input records=0
		Combine output records=0
		Reduce input groups=1
		Reduce shuffle bytes=318
		Reduce input records=12
		Reduce output records=1
		Spilled Records=24
		Shuffled Maps =1
		Failed Shuffles=0
		Merged Map outputs=1
		GC time elapsed (ms)=0
		Total committed heap usage (bytes)=4294967296
	Shuffle Errors
		BAD_ID=0
		CONNECTION=0
		IO_ERROR=0
		WRONG_LENGTH=0
		WRONG_MAP=0
		WRONG_REDUCE=0
	File Input Format Counters 
		Bytes Read=0
	File Output Format Counters 
		Bytes Written=80689
2022-10-06 18:13:53,001 WARN impl.MetricsSystemImpl: JobTracker metrics system already initialized!
2022-10-06 18:13:53,003 WARN mapreduce.JobResourceUploader: Hadoop command-line option parsing not performed. Implement the Tool interface and execute your application with ToolRunner to remedy this.
2022-10-06 18:13:53,010 INFO input.FileInputFormat: Total input files to process : 2
2022-10-06 18:13:53,011 INFO mapreduce.JobSubmitter: number of splits:2
2022-10-06 18:13:53,026 INFO mapreduce.JobSubmitter: Submitting tokens for job: job_local2058607676_0003
2022-10-06 18:13:53,026 INFO mapreduce.JobSubmitter: Executing with tokens: []
2022-10-06 18:13:53,072 INFO mapreduce.Job: The url to track the job: http://localhost:8080/
2022-10-06 18:13:53,072 INFO mapreduce.Job: Running job: job_local2058607676_0003
2022-10-06 18:13:53,072 INFO mapred.LocalJobRunner: OutputCommitter set in config null
2022-10-06 18:13:53,073 INFO output.FileOutputCommitter: File Output Committer Algorithm version is 2
2022-10-06 18:13:53,073 INFO output.FileOutputCommitter: FileOutputCommitter skip cleanup _temporary folders under output directory:false, ignore cleanup failures: false
2022-10-06 18:13:53,073 INFO mapred.LocalJobRunner: OutputCommitter is org.apache.hadoop.mapreduce.lib.output.FileOutputCommitter
2022-10-06 18:13:53,156 INFO mapred.LocalJobRunner: Waiting for map tasks
2022-10-06 18:13:53,156 INFO mapred.LocalJobRunner: Starting task: attempt_local2058607676_0003_m_000000_0
2022-10-06 18:13:53,157 INFO output.FileOutputCommitter: File Output Committer Algorithm version is 2
2022-10-06 18:13:53,157 INFO output.FileOutputCommitter: FileOutputCommitter skip cleanup _temporary folders under output directory:false, ignore cleanup failures: false
2022-10-06 18:13:53,157 INFO mapred.Task:  Using ResourceCalculatorProcessTree : [ ]
2022-10-06 18:13:53,158 INFO mapred.MapTask: Processing split: file:/home/bdumpa/project2/left_tmp/part-r-00000:0+80053
2022-10-06 18:13:53,169 INFO mapred.MapTask: (EQUATOR) 0 kvi 26214396(104857584)
2022-10-06 18:13:53,169 INFO mapred.MapTask: mapreduce.task.io.sort.mb: 100
2022-10-06 18:13:53,169 INFO mapred.MapTask: soft limit at 83886080
2022-10-06 18:13:53,169 INFO mapred.MapTask: bufstart = 0; bufvoid = 104857600
2022-10-06 18:13:53,169 INFO mapred.MapTask: kvstart = 26214396; length = 6553600
2022-10-06 18:13:53,170 INFO mapred.MapTask: Map output collector class = org.apache.hadoop.mapred.MapTask$MapOutputBuffer
2022-10-06 18:13:53,180 INFO mapred.LocalJobRunner: 
2022-10-06 18:13:53,180 INFO mapred.MapTask: Starting flush of map output
2022-10-06 18:13:53,180 INFO mapred.MapTask: Spilling map output
2022-10-06 18:13:53,180 INFO mapred.MapTask: bufstart = 0; bufend = 80008; bufvoid = 104857600
2022-10-06 18:13:53,180 INFO mapred.MapTask: kvstart = 26214396(104857584); kvend = 26214396(104857584); length = 1/6553600
2022-10-06 18:13:53,182 INFO mapred.MapTask: Finished spill 0
2022-10-06 18:13:53,183 INFO mapred.Task: Task:attempt_local2058607676_0003_m_000000_0 is done. And is in the process of committing
2022-10-06 18:13:53,184 INFO mapred.LocalJobRunner: map
2022-10-06 18:13:53,184 INFO mapred.Task: Task 'attempt_local2058607676_0003_m_000000_0' done.
2022-10-06 18:13:53,184 INFO mapred.Task: Final Counters for attempt_local2058607676_0003_m_000000_0: Counters: 17
	File System Counters
		FILE: Number of bytes read=108753
		FILE: Number of bytes written=1898013
		FILE: Number of read operations=0
		FILE: Number of large read operations=0
		FILE: Number of write operations=0
	Map-Reduce Framework
		Map input records=1
		Map output records=1
		Map output bytes=80008
		Map output materialized bytes=80019
		Input split bytes=113
		Combine input records=0
		Spilled Records=1
		Failed Shuffles=0
		Merged Map outputs=0
		GC time elapsed (ms)=0
		Total committed heap usage (bytes)=2147483648
	File Input Format Counters 
		Bytes Read=80689
2022-10-06 18:13:53,184 INFO mapred.LocalJobRunner: Finishing task: attempt_local2058607676_0003_m_000000_0
2022-10-06 18:13:53,184 INFO mapred.LocalJobRunner: Starting task: attempt_local2058607676_0003_m_000001_0
2022-10-06 18:13:53,185 INFO output.FileOutputCommitter: File Output Committer Algorithm version is 2
2022-10-06 18:13:53,185 INFO output.FileOutputCommitter: FileOutputCommitter skip cleanup _temporary folders under output directory:false, ignore cleanup failures: false
2022-10-06 18:13:53,186 INFO mapred.Task:  Using ResourceCalculatorProcessTree : [ ]
2022-10-06 18:13:53,186 INFO mapred.MapTask: Processing split: file:/home/bdumpa/project2/right_tmp/part-r-00000:0+80053
2022-10-06 18:13:53,197 INFO mapred.MapTask: (EQUATOR) 0 kvi 26214396(104857584)
2022-10-06 18:13:53,197 INFO mapred.MapTask: mapreduce.task.io.sort.mb: 100
2022-10-06 18:13:53,197 INFO mapred.MapTask: soft limit at 83886080
2022-10-06 18:13:53,197 INFO mapred.MapTask: bufstart = 0; bufvoid = 104857600
2022-10-06 18:13:53,197 INFO mapred.MapTask: kvstart = 26214396; length = 6553600
2022-10-06 18:13:53,198 INFO mapred.MapTask: Map output collector class = org.apache.hadoop.mapred.MapTask$MapOutputBuffer
2022-10-06 18:13:53,201 INFO mapred.LocalJobRunner: 
2022-10-06 18:13:53,201 INFO mapred.MapTask: Starting flush of map output
2022-10-06 18:13:53,201 INFO mapred.MapTask: Spilling map output
2022-10-06 18:13:53,201 INFO mapred.MapTask: bufstart = 0; bufend = 80008; bufvoid = 104857600
2022-10-06 18:13:53,201 INFO mapred.MapTask: kvstart = 26214396(104857584); kvend = 26214396(104857584); length = 1/6553600
2022-10-06 18:13:53,202 INFO mapred.MapTask: Finished spill 0
2022-10-06 18:13:53,203 INFO mapred.Task: Task:attempt_local2058607676_0003_m_000001_0 is done. And is in the process of committing
2022-10-06 18:13:53,204 INFO mapred.LocalJobRunner: map
2022-10-06 18:13:53,204 INFO mapred.Task: Task 'attempt_local2058607676_0003_m_000001_0' done.
2022-10-06 18:13:53,204 INFO mapred.Task: Final Counters for attempt_local2058607676_0003_m_000001_0: Counters: 17
	File System Counters
		FILE: Number of bytes read=189688
		FILE: Number of bytes written=1978064
		FILE: Number of read operations=0
		FILE: Number of large read operations=0
		FILE: Number of write operations=0
	Map-Reduce Framework
		Map input records=1
		Map output records=1
		Map output bytes=80008
		Map output materialized bytes=80019
		Input split bytes=114
		Combine input records=0
		Spilled Records=1
		Failed Shuffles=0
		Merged Map outputs=0
		GC time elapsed (ms)=0
		Total committed heap usage (bytes)=2147483648
	File Input Format Counters 
		Bytes Read=80689
2022-10-06 18:13:53,204 INFO mapred.LocalJobRunner: Finishing task: attempt_local2058607676_0003_m_000001_0
2022-10-06 18:13:53,204 INFO mapred.LocalJobRunner: map task executor complete.
2022-10-06 18:13:53,205 INFO mapred.LocalJobRunner: Waiting for reduce tasks
2022-10-06 18:13:53,205 INFO mapred.LocalJobRunner: Starting task: attempt_local2058607676_0003_r_000000_0
2022-10-06 18:13:53,206 INFO output.FileOutputCommitter: File Output Committer Algorithm version is 2
2022-10-06 18:13:53,206 INFO output.FileOutputCommitter: FileOutputCommitter skip cleanup _temporary folders under output directory:false, ignore cleanup failures: false
2022-10-06 18:13:53,206 INFO mapred.Task:  Using ResourceCalculatorProcessTree : [ ]
2022-10-06 18:13:53,206 INFO mapred.ReduceTask: Using ShuffleConsumerPlugin: org.apache.hadoop.mapreduce.task.reduce.Shuffle@119dfb8e
2022-10-06 18:13:53,206 WARN impl.MetricsSystemImpl: JobTracker metrics system already initialized!
2022-10-06 18:13:53,207 INFO reduce.MergeManagerImpl: The max number of bytes for a single in-memory shuffle cannot be larger than Integer.MAX_VALUE. Setting it to Integer.MAX_VALUE
2022-10-06 18:13:53,207 INFO reduce.MergeManagerImpl: MergerManager: memoryLimit=22525089792, maxSingleShuffleLimit=2147483647, mergeThreshold=14866560000, ioSortFactor=10, memToMemMergeOutputsThreshold=10
2022-10-06 18:13:53,208 INFO reduce.EventFetcher: attempt_local2058607676_0003_r_000000_0 Thread started: EventFetcher for fetching Map Completion Events
2022-10-06 18:13:53,209 INFO reduce.LocalFetcher: localfetcher#3 about to shuffle output of map attempt_local2058607676_0003_m_000000_0 decomp: 80015 len: 80019 to MEMORY
2022-10-06 18:13:53,209 INFO reduce.InMemoryMapOutput: Read 80015 bytes from map-output for attempt_local2058607676_0003_m_000000_0
2022-10-06 18:13:53,209 INFO reduce.MergeManagerImpl: closeInMemoryFile -> map-output of size: 80015, inMemoryMapOutputs.size() -> 1, commitMemory -> 0, usedMemory ->80015
2022-10-06 18:13:53,210 INFO reduce.LocalFetcher: localfetcher#3 about to shuffle output of map attempt_local2058607676_0003_m_000001_0 decomp: 80015 len: 80019 to MEMORY
2022-10-06 18:13:53,210 INFO reduce.InMemoryMapOutput: Read 80015 bytes from map-output for attempt_local2058607676_0003_m_000001_0
2022-10-06 18:13:53,210 INFO reduce.MergeManagerImpl: closeInMemoryFile -> map-output of size: 80015, inMemoryMapOutputs.size() -> 2, commitMemory -> 80015, usedMemory ->160030
2022-10-06 18:13:53,210 INFO reduce.EventFetcher: EventFetcher is interrupted.. Returning
2022-10-06 18:13:53,211 INFO mapred.LocalJobRunner: 2 / 2 copied.
2022-10-06 18:13:53,211 INFO reduce.MergeManagerImpl: finalMerge called with 2 in-memory map-outputs and 0 on-disk map-outputs
2022-10-06 18:13:53,211 INFO mapred.Merger: Merging 2 sorted segments
2022-10-06 18:13:53,212 INFO mapred.Merger: Down to the last merge-pass, with 2 segments left of total size: 160004 bytes
2022-10-06 18:13:53,212 INFO reduce.MergeManagerImpl: Merged 2 segments, 160030 bytes to disk to satisfy reduce memory limit
2022-10-06 18:13:53,212 INFO reduce.MergeManagerImpl: Merging 1 files, 160032 bytes from disk
2022-10-06 18:13:53,212 INFO reduce.MergeManagerImpl: Merging 0 segments, 0 bytes from memory into reduce
2022-10-06 18:13:53,212 INFO mapred.Merger: Merging 1 sorted segments
2022-10-06 18:13:53,212 INFO mapred.Merger: Down to the last merge-pass, with 1 segments left of total size: 160015 bytes
2022-10-06 18:13:53,213 INFO mapred.LocalJobRunner: 2 / 2 copied.
2022-10-06 18:13:53,430 INFO mapred.Task: Task:attempt_local2058607676_0003_r_000000_0 is done. And is in the process of committing
2022-10-06 18:13:53,431 INFO mapred.LocalJobRunner: 2 / 2 copied.
2022-10-06 18:13:53,431 INFO mapred.Task: Task attempt_local2058607676_0003_r_000000_0 is allowed to commit now
2022-10-06 18:13:53,451 INFO output.FileOutputCommitter: Saved output of task 'attempt_local2058607676_0003_r_000000_0' to file:/home/bdumpa/project2/output
2022-10-06 18:13:53,451 INFO mapred.LocalJobRunner: reduce > reduce
2022-10-06 18:13:53,452 INFO mapred.Task: Task 'attempt_local2058607676_0003_r_000000_0' done.
2022-10-06 18:13:53,452 INFO mapred.Task: Final Counters for attempt_local2058607676_0003_r_000000_0: Counters: 24
	File System Counters
		FILE: Number of bytes read=509822
		FILE: Number of bytes written=2198699
		FILE: Number of read operations=0
		FILE: Number of large read operations=0
		FILE: Number of write operations=0
	Map-Reduce Framework
		Combine input records=0
		Combine output records=0
		Reduce input groups=1
		Reduce shuffle bytes=160038
		Reduce input records=2
		Reduce output records=1
		Spilled Records=2
		Shuffled Maps =2
		Failed Shuffles=0
		Merged Map outputs=2
		GC time elapsed (ms)=13
		Total committed heap usage (bytes)=2147483648
	Shuffle Errors
		BAD_ID=0
		CONNECTION=0
		IO_ERROR=0
		WRONG_LENGTH=0
		WRONG_MAP=0
		WRONG_REDUCE=0
	File Output Format Counters 
		Bytes Written=60603
2022-10-06 18:13:53,452 INFO mapred.LocalJobRunner: Finishing task: attempt_local2058607676_0003_r_000000_0
2022-10-06 18:13:53,452 INFO mapred.LocalJobRunner: reduce task executor complete.
2022-10-06 18:13:54,073 INFO mapreduce.Job: Job job_local2058607676_0003 running in uber mode : false
2022-10-06 18:13:54,074 INFO mapreduce.Job:  map 100% reduce 100%
2022-10-06 18:13:54,074 INFO mapreduce.Job: Job job_local2058607676_0003 completed successfully
2022-10-06 18:13:54,076 INFO mapreduce.Job: Counters: 30
	File System Counters
		FILE: Number of bytes read=808263
		FILE: Number of bytes written=6074776
		FILE: Number of read operations=0
		FILE: Number of large read operations=0
		FILE: Number of write operations=0
	Map-Reduce Framework
		Map input records=2
		Map output records=2
		Map output bytes=160016
		Map output materialized bytes=160038
		Input split bytes=227
		Combine input records=0
		Combine output records=0
		Reduce input groups=1
		Reduce shuffle bytes=160038
		Reduce input records=2
		Reduce output records=1
		Spilled Records=4
		Shuffled Maps =2
		Failed Shuffles=0
		Merged Map outputs=2
		GC time elapsed (ms)=13
		Total committed heap usage (bytes)=6442450944
	Shuffle Errors
		BAD_ID=0
		CONNECTION=0
		IO_ERROR=0
		WRONG_LENGTH=0
		WRONG_MAP=0
		WRONG_REDUCE=0
	File Input Format Counters 
		Bytes Read=161378
	File Output Format Counters 
		Bytes Written=60603
