2022-11-15 17:06:02,047 INFO pig.ExecTypeProvider: Trying ExecType : LOCAL
2022-11-15 17:06:02,047 INFO pig.ExecTypeProvider: Picked LOCAL as the ExecType
2022-11-15 17:06:02,092 [main] INFO  org.apache.pig.Main - Apache Pig version 0.17.0 (r1797386) compiled Jun 02 2017, 15:41:58
2022-11-15 17:06:02,092 [main] INFO  org.apache.pig.Main - Logging error messages to: /home/bdumpa/project6/examples/pig_1668560762090.log
2022-11-15 17:06:02,103 [main] INFO  org.apache.hadoop.conf.Configuration.deprecation - user.name is deprecated. Instead, use mapreduce.job.user.name
2022-11-15 17:06:02,238 [main] INFO  org.apache.pig.impl.util.Utils - Default bootup file /home/bdumpa/.pigbootup not found
2022-11-15 17:06:02,276 [main] INFO  org.apache.hadoop.conf.Configuration.deprecation - mapred.job.tracker is deprecated. Instead, use mapreduce.jobtracker.address
2022-11-15 17:06:02,277 [main] INFO  org.apache.pig.backend.hadoop.executionengine.HExecutionEngine - Connecting to hadoop file system at: file:///
2022-11-15 17:06:02,291 [main] INFO  org.apache.pig.PigServer - Pig Script ID for the session: PIG-join.pig-fbf91b74-0ede-41cd-a6d9-c96f5c9b740d
2022-11-15 17:06:02,292 [main] WARN  org.apache.pig.PigServer - ATS is disabled since yarn.timeline-service.enabled set to false
2022-11-15 17:06:02,605 [main] INFO  org.apache.hadoop.conf.Configuration.deprecation - mapred.textoutputformat.separator is deprecated. Instead, use mapreduce.output.textoutputformat.separator
2022-11-15 17:06:02,613 [main] INFO  org.apache.pig.tools.pigstats.ScriptState - Pig features used in the script: HASH_JOIN
2022-11-15 17:06:02,647 [main] INFO  org.apache.pig.newplan.logical.optimizer.LogicalPlanOptimizer - {RULES_ENABLED=[AddForEach, ColumnMapKeyPrune, ConstantCalculator, GroupByConstParallelSetter, LimitOptimizer, LoadTypeCastInserter, MergeFilter, MergeForEach, NestedLimitOptimizer, PartitionFilterOptimizer, PredicatePushdownOptimizer, PushDownForEachFlatten, PushUpFilter, SplitFilter, StreamTypeCastInserter]}
2022-11-15 17:06:02,683 [main] INFO  org.apache.pig.impl.util.SpillableMemoryManager - Selected heap (G1 Old Gen) of size 1048576000 to monitor. collectionUsageThreshold = 734003200, usageThreshold = 734003200
2022-11-15 17:06:02,708 [main] INFO  org.apache.pig.backend.hadoop.executionengine.mapReduceLayer.MRCompiler - File concatenation threshold: 100 optimistic? false
2022-11-15 17:06:02,722 [main] INFO  org.apache.pig.backend.hadoop.executionengine.mapReduceLayer.MRCompiler$LastInputStreamingOptimizer - Rewrite: POPackage->POForEach to POPackage(JoinPackager)
2022-11-15 17:06:02,725 [main] INFO  org.apache.pig.backend.hadoop.executionengine.mapReduceLayer.MultiQueryOptimizer - MR plan size before optimization: 1
2022-11-15 17:06:02,725 [main] INFO  org.apache.pig.backend.hadoop.executionengine.mapReduceLayer.MultiQueryOptimizer - MR plan size after optimization: 1
2022-11-15 17:06:02,785 [main] INFO  org.apache.hadoop.metrics2.impl.MetricsConfig - Loaded properties from hadoop-metrics2.properties
2022-11-15 17:06:02,849 [main] INFO  org.apache.hadoop.metrics2.impl.MetricsSystemImpl - Scheduled Metric snapshot period at 10 second(s).
2022-11-15 17:06:02,849 [main] INFO  org.apache.hadoop.metrics2.impl.MetricsSystemImpl - JobTracker metrics system started
2022-11-15 17:06:02,865 [main] INFO  org.apache.pig.tools.pigstats.mapreduce.MRScriptState - Pig script settings are added to the job
2022-11-15 17:06:02,869 [main] INFO  org.apache.hadoop.conf.Configuration.deprecation - mapred.job.reduce.markreset.buffer.percent is deprecated. Instead, use mapreduce.reduce.markreset.buffer.percent
2022-11-15 17:06:02,869 [main] INFO  org.apache.pig.backend.hadoop.executionengine.mapReduceLayer.JobControlCompiler - mapred.job.reduce.markreset.buffer.percent is not set, set to default 0.3
2022-11-15 17:06:02,870 [main] INFO  org.apache.hadoop.conf.Configuration.deprecation - mapred.output.compress is deprecated. Instead, use mapreduce.output.fileoutputformat.compress
2022-11-15 17:06:02,872 [main] INFO  org.apache.pig.backend.hadoop.executionengine.mapReduceLayer.JobControlCompiler - Reduce phase detected, estimating # of required reducers.
2022-11-15 17:06:02,872 [main] INFO  org.apache.pig.backend.hadoop.executionengine.mapReduceLayer.JobControlCompiler - Using reducer estimator: org.apache.pig.backend.hadoop.executionengine.mapReduceLayer.InputSizeReducerEstimator
2022-11-15 17:06:02,876 [main] INFO  org.apache.pig.backend.hadoop.executionengine.mapReduceLayer.InputSizeReducerEstimator - BytesPerReducer=1000000000 maxReducers=999 totalInputFileSize=75
2022-11-15 17:06:02,876 [main] INFO  org.apache.pig.backend.hadoop.executionengine.mapReduceLayer.JobControlCompiler - Setting Parallelism to 1
2022-11-15 17:06:02,876 [main] INFO  org.apache.hadoop.conf.Configuration.deprecation - mapred.reduce.tasks is deprecated. Instead, use mapreduce.job.reduces
2022-11-15 17:06:02,883 [main] INFO  org.apache.pig.backend.hadoop.executionengine.mapReduceLayer.JobControlCompiler - Setting up single store job
2022-11-15 17:06:02,898 [main] INFO  org.apache.pig.data.SchemaTupleFrontend - Key [pig.schematuple] is false, will not generate code.
2022-11-15 17:06:02,898 [main] INFO  org.apache.pig.data.SchemaTupleFrontend - Starting process to move generated code to distributed cacche
2022-11-15 17:06:02,898 [main] INFO  org.apache.pig.data.SchemaTupleFrontend - Distributed cache not supported or needed in local mode. Setting key [pig.schematuple.local.dir] with code temp directory: /tmp/1668560762897-0
2022-11-15 17:06:02,941 [main] INFO  org.apache.pig.backend.hadoop.executionengine.mapReduceLayer.MapReduceLauncher - 1 map-reduce job(s) waiting for submission.
2022-11-15 17:06:02,950 [JobControl] WARN  org.apache.hadoop.metrics2.impl.MetricsSystemImpl - JobTracker metrics system already initialized!
2022-11-15 17:06:02,965 [JobControl] INFO  org.apache.hadoop.conf.Configuration.deprecation - mapred.task.id is deprecated. Instead, use mapreduce.task.attempt.id
2022-11-15 17:06:03,027 [JobControl] WARN  org.apache.hadoop.mapreduce.JobResourceUploader - No job jar file set.  User classes may not be found. See Job or Job#setJar(String).
2022-11-15 17:06:03,034 [JobControl] INFO  org.apache.pig.builtin.PigStorage - Using PigTextInputFormat
2022-11-15 17:06:03,036 [JobControl] INFO  org.apache.hadoop.mapreduce.lib.input.FileInputFormat - Total input files to process : 1
2022-11-15 17:06:03,036 [JobControl] INFO  org.apache.pig.backend.hadoop.executionengine.util.MapRedUtil - Total input paths to process : 1
2022-11-15 17:06:03,044 [JobControl] INFO  org.apache.pig.backend.hadoop.executionengine.util.MapRedUtil - Total input paths (combined) to process : 1
2022-11-15 17:06:03,046 [JobControl] INFO  org.apache.pig.builtin.PigStorage - Using PigTextInputFormat
2022-11-15 17:06:03,047 [JobControl] INFO  org.apache.hadoop.mapreduce.lib.input.FileInputFormat - Total input files to process : 1
2022-11-15 17:06:03,047 [JobControl] INFO  org.apache.pig.backend.hadoop.executionengine.util.MapRedUtil - Total input paths to process : 1
2022-11-15 17:06:03,048 [JobControl] INFO  org.apache.pig.backend.hadoop.executionengine.util.MapRedUtil - Total input paths (combined) to process : 1
2022-11-15 17:06:03,059 [JobControl] INFO  org.apache.hadoop.mapreduce.JobSubmitter - number of splits:2
2022-11-15 17:06:03,189 [JobControl] INFO  org.apache.hadoop.mapreduce.JobSubmitter - Submitting tokens for job: job_local1716027761_0001
2022-11-15 17:06:03,190 [JobControl] INFO  org.apache.hadoop.mapreduce.JobSubmitter - Executing with tokens: []
2022-11-15 17:06:03,211 [JobControl] WARN  org.apache.hadoop.conf.Configuration - file:/tmp/hadoop/mapred/staging/bdumpa1716027761/.staging/job_local1716027761_0001/job.xml:an attempt to override final parameter: yarn.resourcemanager.hostname;  Ignoring.
2022-11-15 17:06:03,279 [JobControl] INFO  org.apache.hadoop.mapreduce.Job - The url to track the job: http://localhost:8080/
2022-11-15 17:06:03,283 [Thread-5] INFO  org.apache.hadoop.mapred.LocalJobRunner - OutputCommitter set in config null
2022-11-15 17:06:03,298 [Thread-5] INFO  org.apache.hadoop.conf.Configuration.deprecation - mapred.textoutputformat.separator is deprecated. Instead, use mapreduce.output.textoutputformat.separator
2022-11-15 17:06:03,299 [Thread-5] INFO  org.apache.hadoop.conf.Configuration.deprecation - mapred.reduce.tasks is deprecated. Instead, use mapreduce.job.reduces
2022-11-15 17:06:03,299 [Thread-5] INFO  org.apache.hadoop.conf.Configuration.deprecation - mapred.job.tracker is deprecated. Instead, use mapreduce.jobtracker.address
2022-11-15 17:06:03,299 [Thread-5] INFO  org.apache.hadoop.conf.Configuration.deprecation - mapred.job.reduce.markreset.buffer.percent is deprecated. Instead, use mapreduce.reduce.markreset.buffer.percent
2022-11-15 17:06:03,301 [Thread-5] INFO  org.apache.hadoop.mapreduce.lib.output.FileOutputCommitter - File Output Committer Algorithm version is 2
2022-11-15 17:06:03,302 [Thread-5] INFO  org.apache.hadoop.mapreduce.lib.output.FileOutputCommitter - FileOutputCommitter skip cleanup _temporary folders under output directory:false, ignore cleanup failures: false
2022-11-15 17:06:03,302 [Thread-5] INFO  org.apache.hadoop.mapred.LocalJobRunner - OutputCommitter is org.apache.pig.backend.hadoop.executionengine.mapReduceLayer.PigOutputCommitter
2022-11-15 17:06:03,364 [Thread-5] INFO  org.apache.hadoop.mapred.LocalJobRunner - Waiting for map tasks
2022-11-15 17:06:03,364 [LocalJobRunner Map Task Executor #0] INFO  org.apache.hadoop.mapred.LocalJobRunner - Starting task: attempt_local1716027761_0001_m_000000_0
2022-11-15 17:06:03,393 [LocalJobRunner Map Task Executor #0] INFO  org.apache.hadoop.mapreduce.lib.output.FileOutputCommitter - File Output Committer Algorithm version is 2
2022-11-15 17:06:03,393 [LocalJobRunner Map Task Executor #0] INFO  org.apache.hadoop.mapreduce.lib.output.FileOutputCommitter - FileOutputCommitter skip cleanup _temporary folders under output directory:false, ignore cleanup failures: false
2022-11-15 17:06:03,422 [LocalJobRunner Map Task Executor #0] INFO  org.apache.hadoop.mapred.Task -  Using ResourceCalculatorProcessTree : [ ]
2022-11-15 17:06:03,427 [LocalJobRunner Map Task Executor #0] INFO  org.apache.hadoop.mapred.MapTask - Processing split: Number of splits :1
Total Length = 64
Input split[0]:
   Length = 64
   ClassName: org.apache.hadoop.mapreduce.lib.input.FileSplit
   Locations:

-----------------------

2022-11-15 17:06:03,433 [LocalJobRunner Map Task Executor #0] INFO  org.apache.pig.builtin.PigStorage - Using PigTextInputFormat
2022-11-15 17:06:03,435 [LocalJobRunner Map Task Executor #0] INFO  org.apache.pig.backend.hadoop.executionengine.mapReduceLayer.PigRecordReader - Current split being processed file:/home/bdumpa/project6/examples/e.txt:0+64
2022-11-15 17:06:03,443 [main] INFO  org.apache.pig.backend.hadoop.executionengine.mapReduceLayer.MapReduceLauncher - HadoopJobId: job_local1716027761_0001
2022-11-15 17:06:03,443 [main] INFO  org.apache.pig.backend.hadoop.executionengine.mapReduceLayer.MapReduceLauncher - Processing aliases D,E,J,O
2022-11-15 17:06:03,443 [main] INFO  org.apache.pig.backend.hadoop.executionengine.mapReduceLayer.MapReduceLauncher - detailed locations: M: D[2,4],D[-1,-1],J[3,4],E[1,4],E[-1,-1],J[3,4] C:  R: O[4,4]
2022-11-15 17:06:03,451 [LocalJobRunner Map Task Executor #0] INFO  org.apache.hadoop.mapred.MapTask - (EQUATOR) 0 kvi 26214396(104857584)
2022-11-15 17:06:03,451 [LocalJobRunner Map Task Executor #0] INFO  org.apache.hadoop.mapred.MapTask - mapreduce.task.io.sort.mb: 100
2022-11-15 17:06:03,451 [LocalJobRunner Map Task Executor #0] INFO  org.apache.hadoop.mapred.MapTask - soft limit at 83886080
2022-11-15 17:06:03,451 [LocalJobRunner Map Task Executor #0] INFO  org.apache.hadoop.mapred.MapTask - bufstart = 0; bufvoid = 104857600
2022-11-15 17:06:03,451 [LocalJobRunner Map Task Executor #0] INFO  org.apache.hadoop.mapred.MapTask - kvstart = 26214396; length = 6553600
2022-11-15 17:06:03,453 [main] INFO  org.apache.pig.backend.hadoop.executionengine.mapReduceLayer.MapReduceLauncher - 0% complete
2022-11-15 17:06:03,454 [main] INFO  org.apache.pig.backend.hadoop.executionengine.mapReduceLayer.MapReduceLauncher - Running jobs are [job_local1716027761_0001]
2022-11-15 17:06:03,454 [LocalJobRunner Map Task Executor #0] INFO  org.apache.hadoop.mapred.MapTask - Map output collector class = org.apache.hadoop.mapred.MapTask$MapOutputBuffer
2022-11-15 17:06:03,459 [LocalJobRunner Map Task Executor #0] INFO  org.apache.pig.impl.util.SpillableMemoryManager - Selected heap (G1 Old Gen) of size 1048576000 to monitor. collectionUsageThreshold = 734003200, usageThreshold = 734003200
2022-11-15 17:06:03,460 [LocalJobRunner Map Task Executor #0] INFO  org.apache.pig.data.SchemaTupleBackend - Key [pig.schematuple] was not set... will not generate code.
2022-11-15 17:06:03,468 [LocalJobRunner Map Task Executor #0] INFO  org.apache.pig.backend.hadoop.executionengine.mapReduceLayer.PigGenericMapReduce$Map - Aliases being processed per job phase (AliasName[line,offset]): M: D[2,4],D[-1,-1],J[3,4],E[1,4],E[-1,-1],J[3,4] C:  R: O[4,4]
2022-11-15 17:06:03,478 [LocalJobRunner Map Task Executor #0] INFO  org.apache.hadoop.mapred.LocalJobRunner - 
2022-11-15 17:06:03,478 [LocalJobRunner Map Task Executor #0] INFO  org.apache.hadoop.mapred.MapTask - Starting flush of map output
2022-11-15 17:06:03,478 [LocalJobRunner Map Task Executor #0] INFO  org.apache.hadoop.mapred.MapTask - Spilling map output
2022-11-15 17:06:03,478 [LocalJobRunner Map Task Executor #0] INFO  org.apache.hadoop.mapred.MapTask - bufstart = 0; bufend = 91; bufvoid = 104857600
2022-11-15 17:06:03,478 [LocalJobRunner Map Task Executor #0] INFO  org.apache.hadoop.mapred.MapTask - kvstart = 26214396(104857584); kvend = 26214388(104857552); length = 9/6553600
2022-11-15 17:06:03,482 [LocalJobRunner Map Task Executor #0] INFO  org.apache.hadoop.mapred.MapTask - Finished spill 0
2022-11-15 17:06:03,488 [LocalJobRunner Map Task Executor #0] INFO  org.apache.hadoop.mapred.Task - Task:attempt_local1716027761_0001_m_000000_0 is done. And is in the process of committing
2022-11-15 17:06:03,489 [LocalJobRunner Map Task Executor #0] INFO  org.apache.hadoop.mapred.LocalJobRunner - map
2022-11-15 17:06:03,489 [LocalJobRunner Map Task Executor #0] INFO  org.apache.hadoop.mapred.Task - Task 'attempt_local1716027761_0001_m_000000_0' done.
2022-11-15 17:06:03,493 [LocalJobRunner Map Task Executor #0] INFO  org.apache.hadoop.mapred.Task - Final Counters for attempt_local1716027761_0001_m_000000_0: Counters: 18
	File System Counters
		FILE: Number of bytes read=873
		FILE: Number of bytes written=549922
		FILE: Number of read operations=0
		FILE: Number of large read operations=0
		FILE: Number of write operations=0
	Map-Reduce Framework
		Map input records=3
		Map output records=3
		Map output bytes=91
		Map output materialized bytes=103
		Input split bytes=368
		Combine input records=0
		Spilled Records=3
		Failed Shuffles=0
		Merged Map outputs=0
		GC time elapsed (ms)=0
		Total committed heap usage (bytes)=1048576000
	MultiInputCounters
		Input records from _0_e.txt=3
	File Input Format Counters 
		Bytes Read=0
2022-11-15 17:06:03,493 [LocalJobRunner Map Task Executor #0] INFO  org.apache.hadoop.mapred.LocalJobRunner - Finishing task: attempt_local1716027761_0001_m_000000_0
2022-11-15 17:06:03,493 [LocalJobRunner Map Task Executor #0] INFO  org.apache.hadoop.mapred.LocalJobRunner - Starting task: attempt_local1716027761_0001_m_000001_0
2022-11-15 17:06:03,498 [LocalJobRunner Map Task Executor #0] INFO  org.apache.hadoop.mapreduce.lib.output.FileOutputCommitter - File Output Committer Algorithm version is 2
2022-11-15 17:06:03,498 [LocalJobRunner Map Task Executor #0] INFO  org.apache.hadoop.mapreduce.lib.output.FileOutputCommitter - FileOutputCommitter skip cleanup _temporary folders under output directory:false, ignore cleanup failures: false
2022-11-15 17:06:03,498 [LocalJobRunner Map Task Executor #0] INFO  org.apache.hadoop.mapred.Task -  Using ResourceCalculatorProcessTree : [ ]
2022-11-15 17:06:03,499 [LocalJobRunner Map Task Executor #0] INFO  org.apache.hadoop.mapred.MapTask - Processing split: Number of splits :1
Total Length = 11
Input split[0]:
   Length = 11
   ClassName: org.apache.hadoop.mapreduce.lib.input.FileSplit
   Locations:

-----------------------

2022-11-15 17:06:03,501 [LocalJobRunner Map Task Executor #0] INFO  org.apache.pig.builtin.PigStorage - Using PigTextInputFormat
2022-11-15 17:06:03,501 [LocalJobRunner Map Task Executor #0] INFO  org.apache.pig.backend.hadoop.executionengine.mapReduceLayer.PigRecordReader - Current split being processed file:/home/bdumpa/project6/examples/d.txt:0+11
2022-11-15 17:06:03,512 [LocalJobRunner Map Task Executor #0] INFO  org.apache.hadoop.mapred.MapTask - (EQUATOR) 0 kvi 26214396(104857584)
2022-11-15 17:06:03,513 [LocalJobRunner Map Task Executor #0] INFO  org.apache.hadoop.mapred.MapTask - mapreduce.task.io.sort.mb: 100
2022-11-15 17:06:03,513 [LocalJobRunner Map Task Executor #0] INFO  org.apache.hadoop.mapred.MapTask - soft limit at 83886080
2022-11-15 17:06:03,513 [LocalJobRunner Map Task Executor #0] INFO  org.apache.hadoop.mapred.MapTask - bufstart = 0; bufvoid = 104857600
2022-11-15 17:06:03,513 [LocalJobRunner Map Task Executor #0] INFO  org.apache.hadoop.mapred.MapTask - kvstart = 26214396; length = 6553600
2022-11-15 17:06:03,513 [LocalJobRunner Map Task Executor #0] INFO  org.apache.hadoop.mapred.MapTask - Map output collector class = org.apache.hadoop.mapred.MapTask$MapOutputBuffer
2022-11-15 17:06:03,517 [LocalJobRunner Map Task Executor #0] INFO  org.apache.pig.impl.util.SpillableMemoryManager - Selected heap (G1 Old Gen) of size 1048576000 to monitor. collectionUsageThreshold = 734003200, usageThreshold = 734003200
2022-11-15 17:06:03,517 [LocalJobRunner Map Task Executor #0] WARN  org.apache.pig.data.SchemaTupleBackend - SchemaTupleBackend has already been initialized
2022-11-15 17:06:03,520 [LocalJobRunner Map Task Executor #0] INFO  org.apache.pig.backend.hadoop.executionengine.mapReduceLayer.PigGenericMapReduce$Map - Aliases being processed per job phase (AliasName[line,offset]): M: D[2,4],D[-1,-1],J[3,4],E[1,4],E[-1,-1],J[3,4] C:  R: O[4,4]
2022-11-15 17:06:03,521 [LocalJobRunner Map Task Executor #0] INFO  org.apache.hadoop.mapred.LocalJobRunner - 
2022-11-15 17:06:03,521 [LocalJobRunner Map Task Executor #0] INFO  org.apache.hadoop.mapred.MapTask - Starting flush of map output
2022-11-15 17:06:03,521 [LocalJobRunner Map Task Executor #0] INFO  org.apache.hadoop.mapred.MapTask - Spilling map output
2022-11-15 17:06:03,521 [LocalJobRunner Map Task Executor #0] INFO  org.apache.hadoop.mapred.MapTask - bufstart = 0; bufend = 27; bufvoid = 104857600
2022-11-15 17:06:03,521 [LocalJobRunner Map Task Executor #0] INFO  org.apache.hadoop.mapred.MapTask - kvstart = 26214396(104857584); kvend = 26214392(104857568); length = 5/6553600
2022-11-15 17:06:03,522 [LocalJobRunner Map Task Executor #0] INFO  org.apache.hadoop.mapred.MapTask - Finished spill 0
2022-11-15 17:06:03,523 [LocalJobRunner Map Task Executor #0] INFO  org.apache.hadoop.mapred.Task - Task:attempt_local1716027761_0001_m_000001_0 is done. And is in the process of committing
2022-11-15 17:06:03,524 [LocalJobRunner Map Task Executor #0] INFO  org.apache.hadoop.mapred.LocalJobRunner - map
2022-11-15 17:06:03,524 [LocalJobRunner Map Task Executor #0] INFO  org.apache.hadoop.mapred.Task - Task 'attempt_local1716027761_0001_m_000001_0' done.
2022-11-15 17:06:03,524 [LocalJobRunner Map Task Executor #0] INFO  org.apache.hadoop.mapred.Task - Final Counters for attempt_local1716027761_0001_m_000001_0: Counters: 18
	File System Counters
		FILE: Number of bytes read=1643
		FILE: Number of bytes written=549991
		FILE: Number of read operations=0
		FILE: Number of large read operations=0
		FILE: Number of write operations=0
	Map-Reduce Framework
		Map input records=2
		Map output records=2
		Map output bytes=27
		Map output materialized bytes=37
		Input split bytes=368
		Combine input records=0
		Spilled Records=2
		Failed Shuffles=0
		Merged Map outputs=0
		GC time elapsed (ms)=0
		Total committed heap usage (bytes)=1048576000
	MultiInputCounters
		Input records from _1_d.txt=2
	File Input Format Counters 
		Bytes Read=0
2022-11-15 17:06:03,524 [LocalJobRunner Map Task Executor #0] INFO  org.apache.hadoop.mapred.LocalJobRunner - Finishing task: attempt_local1716027761_0001_m_000001_0
2022-11-15 17:06:03,524 [Thread-5] INFO  org.apache.hadoop.mapred.LocalJobRunner - map task executor complete.
2022-11-15 17:06:03,527 [Thread-5] INFO  org.apache.hadoop.mapred.LocalJobRunner - Waiting for reduce tasks
2022-11-15 17:06:03,527 [pool-4-thread-1] INFO  org.apache.hadoop.mapred.LocalJobRunner - Starting task: attempt_local1716027761_0001_r_000000_0
2022-11-15 17:06:03,539 [pool-4-thread-1] INFO  org.apache.hadoop.mapreduce.lib.output.FileOutputCommitter - File Output Committer Algorithm version is 2
2022-11-15 17:06:03,539 [pool-4-thread-1] INFO  org.apache.hadoop.mapreduce.lib.output.FileOutputCommitter - FileOutputCommitter skip cleanup _temporary folders under output directory:false, ignore cleanup failures: false
2022-11-15 17:06:03,541 [pool-4-thread-1] INFO  org.apache.hadoop.mapred.Task -  Using ResourceCalculatorProcessTree : [ ]
2022-11-15 17:06:03,543 [pool-4-thread-1] INFO  org.apache.hadoop.mapred.ReduceTask - Using ShuffleConsumerPlugin: org.apache.hadoop.mapreduce.task.reduce.Shuffle@32aee534
2022-11-15 17:06:03,543 [pool-4-thread-1] WARN  org.apache.hadoop.metrics2.impl.MetricsSystemImpl - JobTracker metrics system already initialized!
2022-11-15 17:06:03,555 [pool-4-thread-1] INFO  org.apache.hadoop.mapreduce.task.reduce.MergeManagerImpl - MergerManager: memoryLimit=734003200, maxSingleShuffleLimit=183500800, mergeThreshold=484442144, ioSortFactor=10, memToMemMergeOutputsThreshold=10
2022-11-15 17:06:03,557 [EventFetcher for fetching Map Completion Events] INFO  org.apache.hadoop.mapreduce.task.reduce.EventFetcher - attempt_local1716027761_0001_r_000000_0 Thread started: EventFetcher for fetching Map Completion Events
2022-11-15 17:06:03,578 [localfetcher#1] INFO  org.apache.hadoop.mapreduce.task.reduce.LocalFetcher - localfetcher#1 about to shuffle output of map attempt_local1716027761_0001_m_000001_0 decomp: 33 len: 37 to MEMORY
2022-11-15 17:06:03,580 [localfetcher#1] INFO  org.apache.hadoop.mapreduce.task.reduce.InMemoryMapOutput - Read 33 bytes from map-output for attempt_local1716027761_0001_m_000001_0
2022-11-15 17:06:03,581 [localfetcher#1] INFO  org.apache.hadoop.mapreduce.task.reduce.MergeManagerImpl - closeInMemoryFile -> map-output of size: 33, inMemoryMapOutputs.size() -> 1, commitMemory -> 0, usedMemory ->33
2022-11-15 17:06:03,584 [localfetcher#1] INFO  org.apache.hadoop.mapreduce.task.reduce.LocalFetcher - localfetcher#1 about to shuffle output of map attempt_local1716027761_0001_m_000000_0 decomp: 99 len: 103 to MEMORY
2022-11-15 17:06:03,584 [localfetcher#1] INFO  org.apache.hadoop.mapreduce.task.reduce.InMemoryMapOutput - Read 99 bytes from map-output for attempt_local1716027761_0001_m_000000_0
2022-11-15 17:06:03,584 [localfetcher#1] INFO  org.apache.hadoop.mapreduce.task.reduce.MergeManagerImpl - closeInMemoryFile -> map-output of size: 99, inMemoryMapOutputs.size() -> 2, commitMemory -> 33, usedMemory ->132
2022-11-15 17:06:03,585 [EventFetcher for fetching Map Completion Events] INFO  org.apache.hadoop.mapreduce.task.reduce.EventFetcher - EventFetcher is interrupted.. Returning
2022-11-15 17:06:03,585 [pool-4-thread-1] INFO  org.apache.hadoop.mapred.LocalJobRunner - 2 / 2 copied.
2022-11-15 17:06:03,585 [pool-4-thread-1] INFO  org.apache.hadoop.mapreduce.task.reduce.MergeManagerImpl - finalMerge called with 2 in-memory map-outputs and 0 on-disk map-outputs
2022-11-15 17:06:03,589 [pool-4-thread-1] INFO  org.apache.hadoop.mapred.Merger - Merging 2 sorted segments
2022-11-15 17:06:03,589 [pool-4-thread-1] INFO  org.apache.hadoop.mapred.Merger - Down to the last merge-pass, with 2 segments left of total size: 116 bytes
2022-11-15 17:06:03,590 [pool-4-thread-1] INFO  org.apache.hadoop.mapreduce.task.reduce.MergeManagerImpl - Merged 2 segments, 132 bytes to disk to satisfy reduce memory limit
2022-11-15 17:06:03,590 [pool-4-thread-1] INFO  org.apache.hadoop.mapreduce.task.reduce.MergeManagerImpl - Merging 1 files, 134 bytes from disk
2022-11-15 17:06:03,590 [pool-4-thread-1] INFO  org.apache.hadoop.mapreduce.task.reduce.MergeManagerImpl - Merging 0 segments, 0 bytes from memory into reduce
2022-11-15 17:06:03,590 [pool-4-thread-1] INFO  org.apache.hadoop.mapred.Merger - Merging 1 sorted segments
2022-11-15 17:06:03,591 [pool-4-thread-1] INFO  org.apache.hadoop.mapred.Merger - Down to the last merge-pass, with 1 segments left of total size: 122 bytes
2022-11-15 17:06:03,591 [pool-4-thread-1] INFO  org.apache.hadoop.mapred.LocalJobRunner - 2 / 2 copied.
2022-11-15 17:06:03,595 [pool-4-thread-1] INFO  org.apache.hadoop.mapreduce.lib.output.FileOutputCommitter - File Output Committer Algorithm version is 2
2022-11-15 17:06:03,595 [pool-4-thread-1] INFO  org.apache.hadoop.mapreduce.lib.output.FileOutputCommitter - FileOutputCommitter skip cleanup _temporary folders under output directory:false, ignore cleanup failures: false
2022-11-15 17:06:03,631 [pool-4-thread-1] INFO  org.apache.hadoop.conf.Configuration.deprecation - mapred.skip.on is deprecated. Instead, use mapreduce.job.skiprecords
2022-11-15 17:06:03,633 [pool-4-thread-1] INFO  org.apache.pig.impl.util.SpillableMemoryManager - Selected heap (G1 Old Gen) of size 1048576000 to monitor. collectionUsageThreshold = 734003200, usageThreshold = 734003200
2022-11-15 17:06:03,633 [pool-4-thread-1] WARN  org.apache.pig.data.SchemaTupleBackend - SchemaTupleBackend has already been initialized
2022-11-15 17:06:03,636 [pool-4-thread-1] INFO  org.apache.pig.backend.hadoop.executionengine.mapReduceLayer.PigMapReduce$Reduce - Aliases being processed per job phase (AliasName[line,offset]): M: D[2,4],D[-1,-1],J[3,4],E[1,4],E[-1,-1],J[3,4] C:  R: O[4,4]
2022-11-15 17:06:03,649 [pool-4-thread-1] INFO  org.apache.hadoop.mapred.Task - Task:attempt_local1716027761_0001_r_000000_0 is done. And is in the process of committing
2022-11-15 17:06:03,651 [pool-4-thread-1] INFO  org.apache.hadoop.mapred.LocalJobRunner - 2 / 2 copied.
2022-11-15 17:06:03,651 [pool-4-thread-1] INFO  org.apache.hadoop.mapred.Task - Task attempt_local1716027761_0001_r_000000_0 is allowed to commit now
2022-11-15 17:06:03,665 [pool-4-thread-1] INFO  org.apache.hadoop.mapreduce.lib.output.FileOutputCommitter - Saved output of task 'attempt_local1716027761_0001_r_000000_0' to file:/home/bdumpa/project6/examples/output
2022-11-15 17:06:03,666 [pool-4-thread-1] INFO  org.apache.hadoop.mapred.LocalJobRunner - reduce > reduce
2022-11-15 17:06:03,666 [pool-4-thread-1] INFO  org.apache.hadoop.mapred.Task - Task 'attempt_local1716027761_0001_r_000000_0' done.
2022-11-15 17:06:03,666 [pool-4-thread-1] INFO  org.apache.hadoop.mapred.Task - Final Counters for attempt_local1716027761_0001_r_000000_0: Counters: 24
	File System Counters
		FILE: Number of bytes read=1981
		FILE: Number of bytes written=550206
		FILE: Number of read operations=0
		FILE: Number of large read operations=0
		FILE: Number of write operations=0
	Map-Reduce Framework
		Combine input records=0
		Combine output records=0
		Reduce input groups=2
		Reduce shuffle bytes=140
		Reduce input records=5
		Reduce output records=3
		Spilled Records=5
		Shuffled Maps =2
		Failed Shuffles=0
		Merged Map outputs=2
		GC time elapsed (ms)=0
		Total committed heap usage (bytes)=1048576000
	Shuffle Errors
		BAD_ID=0
		CONNECTION=0
		IO_ERROR=0
		WRONG_LENGTH=0
		WRONG_MAP=0
		WRONG_REDUCE=0
	File Output Format Counters 
		Bytes Written=0
2022-11-15 17:06:03,666 [pool-4-thread-1] INFO  org.apache.hadoop.mapred.LocalJobRunner - Finishing task: attempt_local1716027761_0001_r_000000_0
2022-11-15 17:06:03,666 [Thread-5] INFO  org.apache.hadoop.mapred.LocalJobRunner - reduce task executor complete.
2022-11-15 17:06:03,886 [main] WARN  org.apache.hadoop.metrics2.impl.MetricsSystemImpl - JobTracker metrics system already initialized!
2022-11-15 17:06:03,892 [main] WARN  org.apache.hadoop.metrics2.impl.MetricsSystemImpl - JobTracker metrics system already initialized!
2022-11-15 17:06:03,893 [main] INFO  org.apache.hadoop.conf.Configuration.deprecation - mapred.map.tasks is deprecated. Instead, use mapreduce.job.maps
2022-11-15 17:06:03,893 [main] WARN  org.apache.hadoop.metrics2.impl.MetricsSystemImpl - JobTracker metrics system already initialized!
2022-11-15 17:06:03,911 [main] INFO  org.apache.pig.backend.hadoop.executionengine.mapReduceLayer.MapReduceLauncher - 100% complete
2022-11-15 17:06:03,914 [main] INFO  org.apache.pig.tools.pigstats.mapreduce.SimplePigStats - Script Statistics: 

HadoopVersion	PigVersion	UserId	StartedAt	FinishedAt	Features
3.2.2	0.17.0	bdumpa	2022-11-15 17:06:02	2022-11-15 17:06:03	HASH_JOIN

Success!

Job Stats (time in seconds):
JobId	Maps	Reduces	MaxMapTime	MinMapTime	AvgMapTime	MedianMapTime	MaxReduceTime	MinReduceTime	AvgReduceTime	MedianReducetime	Alias	Feature	Outputs
job_local1716027761_0001	2	1	n/a	n/a	n/a	n/a	n/a	n/a	n/a	n/a	D,E,J,O	HASH_JOIN	file:///home/bdumpa/project6/examples/output,

Input(s):
Successfully read 3 records from: "file:///home/bdumpa/project6/examples/e.txt"
Successfully read 2 records from: "file:///home/bdumpa/project6/examples/d.txt"

Output(s):
Successfully stored 3 records in: "file:///home/bdumpa/project6/examples/output"

Counters:
Total records written : 3
Total bytes written : 0
Spillable Memory Manager spill count : 0
Total bags proactively spilled: 0
Total records proactively spilled: 0

Job DAG:
job_local1716027761_0001


2022-11-15 17:06:03,927 [main] WARN  org.apache.hadoop.metrics2.impl.MetricsSystemImpl - JobTracker metrics system already initialized!
2022-11-15 17:06:03,928 [main] WARN  org.apache.hadoop.metrics2.impl.MetricsSystemImpl - JobTracker metrics system already initialized!
2022-11-15 17:06:03,929 [main] WARN  org.apache.hadoop.metrics2.impl.MetricsSystemImpl - JobTracker metrics system already initialized!
2022-11-15 17:06:03,935 [main] INFO  org.apache.pig.backend.hadoop.executionengine.mapReduceLayer.MapReduceLauncher - Success!
2022-11-15 17:06:03,947 [main] INFO  org.apache.pig.Main - Pig script completed in 2 seconds and 18 milliseconds (2018 ms)
