2022-03-02 20:17:29,601 INFO impl.MetricsConfig: Loaded properties from hadoop-metrics2.properties
2022-03-02 20:17:29,662 INFO impl.MetricsSystemImpl: Scheduled Metric snapshot period at 10 second(s).
2022-03-02 20:17:29,662 INFO impl.MetricsSystemImpl: JobTracker metrics system started
2022-03-02 20:17:29,717 WARN mapreduce.JobResourceUploader: Hadoop command-line option parsing not performed. Implement the Tool interface and execute your application with ToolRunner to remedy this.
2022-03-02 20:17:29,810 INFO input.FileInputFormat: Total input files to process : 1
2022-03-02 20:17:29,861 INFO input.FileInputFormat: Total input files to process : 1
2022-03-02 20:17:29,869 INFO mapreduce.JobSubmitter: number of splits:2
2022-03-02 20:17:29,989 INFO mapreduce.JobSubmitter: Submitting tokens for job: job_local1182633835_0001
2022-03-02 20:17:29,989 INFO mapreduce.JobSubmitter: Executing with tokens: []
2022-03-02 20:17:30,083 INFO mapreduce.Job: The url to track the job: http://localhost:8080/
2022-03-02 20:17:30,086 INFO mapreduce.Job: Running job: job_local1182633835_0001
2022-03-02 20:17:30,091 INFO mapred.LocalJobRunner: OutputCommitter set in config null
2022-03-02 20:17:30,098 INFO output.FileOutputCommitter: File Output Committer Algorithm version is 2
2022-03-02 20:17:30,098 INFO output.FileOutputCommitter: FileOutputCommitter skip cleanup _temporary folders under output directory:false, ignore cleanup failures: false
2022-03-02 20:17:30,099 INFO mapred.LocalJobRunner: OutputCommitter is org.apache.hadoop.mapreduce.lib.output.FileOutputCommitter
2022-03-02 20:17:30,265 INFO mapred.LocalJobRunner: Waiting for map tasks
2022-03-02 20:17:30,266 INFO mapred.LocalJobRunner: Starting task: attempt_local1182633835_0001_m_000000_0
2022-03-02 20:17:30,282 INFO output.FileOutputCommitter: File Output Committer Algorithm version is 2
2022-03-02 20:17:30,283 INFO output.FileOutputCommitter: FileOutputCommitter skip cleanup _temporary folders under output directory:false, ignore cleanup failures: false
2022-03-02 20:17:30,308 INFO mapred.Task:  Using ResourceCalculatorProcessTree : [ ]
2022-03-02 20:17:30,311 INFO mapred.MapTask: Processing split: file:/home/ard5625/project2/M-matrix-small.txt:0+132
2022-03-02 20:17:30,329 INFO mapred.MapTask: (EQUATOR) 0 kvi 26214396(104857584)
2022-03-02 20:17:30,329 INFO mapred.MapTask: mapreduce.task.io.sort.mb: 100
2022-03-02 20:17:30,329 INFO mapred.MapTask: soft limit at 83886080
2022-03-02 20:17:30,329 INFO mapred.MapTask: bufstart = 0; bufvoid = 104857600
2022-03-02 20:17:30,329 INFO mapred.MapTask: kvstart = 26214396; length = 6553600
2022-03-02 20:17:30,332 INFO mapred.MapTask: Map output collector class = org.apache.hadoop.mapred.MapTask$MapOutputBuffer
2022-03-02 20:17:30,357 INFO mapred.LocalJobRunner: 
2022-03-02 20:17:30,357 INFO mapred.MapTask: Starting flush of map output
2022-03-02 20:17:30,357 INFO mapred.MapTask: Spilling map output
2022-03-02 20:17:30,357 INFO mapred.MapTask: bufstart = 0; bufend = 216; bufvoid = 104857600
2022-03-02 20:17:30,357 INFO mapred.MapTask: kvstart = 26214396(104857584); kvend = 26214352(104857408); length = 45/6553600
2022-03-02 20:17:30,360 INFO mapred.MapTask: Finished spill 0
2022-03-02 20:17:30,366 INFO mapred.Task: Task:attempt_local1182633835_0001_m_000000_0 is done. And is in the process of committing
2022-03-02 20:17:30,367 INFO mapred.LocalJobRunner: map
2022-03-02 20:17:30,368 INFO mapred.Task: Task 'attempt_local1182633835_0001_m_000000_0' done.
2022-03-02 20:17:30,372 INFO mapred.Task: Final Counters for attempt_local1182633835_0001_m_000000_0: Counters: 17
	File System Counters
		FILE: Number of bytes read=8392
		FILE: Number of bytes written=553967
		FILE: Number of read operations=0
		FILE: Number of large read operations=0
		FILE: Number of write operations=0
	Map-Reduce Framework
		Map input records=12
		Map output records=12
		Map output bytes=216
		Map output materialized bytes=246
		Input split bytes=239
		Combine input records=0
		Spilled Records=12
		Failed Shuffles=0
		Merged Map outputs=0
		GC time elapsed (ms)=0
		Total committed heap usage (bytes)=2147483648
	File Input Format Counters 
		Bytes Read=0
2022-03-02 20:17:30,372 INFO mapred.LocalJobRunner: Finishing task: attempt_local1182633835_0001_m_000000_0
2022-03-02 20:17:30,373 INFO mapred.LocalJobRunner: Starting task: attempt_local1182633835_0001_m_000001_0
2022-03-02 20:17:30,374 INFO output.FileOutputCommitter: File Output Committer Algorithm version is 2
2022-03-02 20:17:30,374 INFO output.FileOutputCommitter: FileOutputCommitter skip cleanup _temporary folders under output directory:false, ignore cleanup failures: false
2022-03-02 20:17:30,374 INFO mapred.Task:  Using ResourceCalculatorProcessTree : [ ]
2022-03-02 20:17:30,375 INFO mapred.MapTask: Processing split: file:/home/ard5625/project2/N-matrix-small.txt:0+129
2022-03-02 20:17:30,385 INFO mapred.MapTask: (EQUATOR) 0 kvi 26214396(104857584)
2022-03-02 20:17:30,385 INFO mapred.MapTask: mapreduce.task.io.sort.mb: 100
2022-03-02 20:17:30,385 INFO mapred.MapTask: soft limit at 83886080
2022-03-02 20:17:30,385 INFO mapred.MapTask: bufstart = 0; bufvoid = 104857600
2022-03-02 20:17:30,385 INFO mapred.MapTask: kvstart = 26214396; length = 6553600
2022-03-02 20:17:30,386 INFO mapred.MapTask: Map output collector class = org.apache.hadoop.mapred.MapTask$MapOutputBuffer
2022-03-02 20:17:30,395 INFO mapred.LocalJobRunner: 
2022-03-02 20:17:30,395 INFO mapred.MapTask: Starting flush of map output
2022-03-02 20:17:30,395 INFO mapred.MapTask: Spilling map output
2022-03-02 20:17:30,395 INFO mapred.MapTask: bufstart = 0; bufend = 216; bufvoid = 104857600
2022-03-02 20:17:30,395 INFO mapred.MapTask: kvstart = 26214396(104857584); kvend = 26214352(104857408); length = 45/6553600
2022-03-02 20:17:30,396 INFO mapred.MapTask: Finished spill 0
2022-03-02 20:17:30,397 INFO mapred.Task: Task:attempt_local1182633835_0001_m_000001_0 is done. And is in the process of committing
2022-03-02 20:17:30,398 INFO mapred.LocalJobRunner: map
2022-03-02 20:17:30,398 INFO mapred.Task: Task 'attempt_local1182633835_0001_m_000001_0' done.
2022-03-02 20:17:30,399 INFO mapred.Task: Final Counters for attempt_local1182633835_0001_m_000001_0: Counters: 17
	File System Counters
		FILE: Number of bytes read=9018
		FILE: Number of bytes written=554245
		FILE: Number of read operations=0
		FILE: Number of large read operations=0
		FILE: Number of write operations=0
	Map-Reduce Framework
		Map input records=12
		Map output records=12
		Map output bytes=216
		Map output materialized bytes=246
		Input split bytes=239
		Combine input records=0
		Spilled Records=12
		Failed Shuffles=0
		Merged Map outputs=0
		GC time elapsed (ms)=0
		Total committed heap usage (bytes)=2147483648
	File Input Format Counters 
		Bytes Read=0
2022-03-02 20:17:30,399 INFO mapred.LocalJobRunner: Finishing task: attempt_local1182633835_0001_m_000001_0
2022-03-02 20:17:30,399 INFO mapred.LocalJobRunner: map task executor complete.
2022-03-02 20:17:30,401 INFO mapred.LocalJobRunner: Waiting for reduce tasks
2022-03-02 20:17:30,402 INFO mapred.LocalJobRunner: Starting task: attempt_local1182633835_0001_r_000000_0
2022-03-02 20:17:30,408 INFO output.FileOutputCommitter: File Output Committer Algorithm version is 2
2022-03-02 20:17:30,408 INFO output.FileOutputCommitter: FileOutputCommitter skip cleanup _temporary folders under output directory:false, ignore cleanup failures: false
2022-03-02 20:17:30,408 INFO mapred.Task:  Using ResourceCalculatorProcessTree : [ ]
2022-03-02 20:17:30,410 INFO mapred.ReduceTask: Using ShuffleConsumerPlugin: org.apache.hadoop.mapreduce.task.reduce.Shuffle@b4a7d44
2022-03-02 20:17:30,411 WARN impl.MetricsSystemImpl: JobTracker metrics system already initialized!
2022-03-02 20:17:30,424 INFO reduce.MergeManagerImpl: The max number of bytes for a single in-memory shuffle cannot be larger than Integer.MAX_VALUE. Setting it to Integer.MAX_VALUE
2022-03-02 20:17:30,424 INFO reduce.MergeManagerImpl: MergerManager: memoryLimit=22525089792, maxSingleShuffleLimit=2147483647, mergeThreshold=14866560000, ioSortFactor=10, memToMemMergeOutputsThreshold=10
2022-03-02 20:17:30,425 INFO reduce.EventFetcher: attempt_local1182633835_0001_r_000000_0 Thread started: EventFetcher for fetching Map Completion Events
2022-03-02 20:17:30,447 INFO reduce.LocalFetcher: localfetcher#1 about to shuffle output of map attempt_local1182633835_0001_m_000000_0 decomp: 242 len: 246 to MEMORY
2022-03-02 20:17:30,449 INFO reduce.InMemoryMapOutput: Read 242 bytes from map-output for attempt_local1182633835_0001_m_000000_0
2022-03-02 20:17:30,450 INFO reduce.MergeManagerImpl: closeInMemoryFile -> map-output of size: 242, inMemoryMapOutputs.size() -> 1, commitMemory -> 0, usedMemory ->242
2022-03-02 20:17:30,453 INFO reduce.LocalFetcher: localfetcher#1 about to shuffle output of map attempt_local1182633835_0001_m_000001_0 decomp: 242 len: 246 to MEMORY
2022-03-02 20:17:30,453 INFO reduce.InMemoryMapOutput: Read 242 bytes from map-output for attempt_local1182633835_0001_m_000001_0
2022-03-02 20:17:30,453 INFO reduce.MergeManagerImpl: closeInMemoryFile -> map-output of size: 242, inMemoryMapOutputs.size() -> 2, commitMemory -> 242, usedMemory ->484
2022-03-02 20:17:30,454 INFO reduce.EventFetcher: EventFetcher is interrupted.. Returning
2022-03-02 20:17:30,454 INFO mapred.LocalJobRunner: 2 / 2 copied.
2022-03-02 20:17:30,455 INFO reduce.MergeManagerImpl: finalMerge called with 2 in-memory map-outputs and 0 on-disk map-outputs
2022-03-02 20:17:30,458 INFO mapred.Merger: Merging 2 sorted segments
2022-03-02 20:17:30,458 INFO mapred.Merger: Down to the last merge-pass, with 2 segments left of total size: 472 bytes
2022-03-02 20:17:30,459 INFO reduce.MergeManagerImpl: Merged 2 segments, 484 bytes to disk to satisfy reduce memory limit
2022-03-02 20:17:30,460 INFO reduce.MergeManagerImpl: Merging 1 files, 486 bytes from disk
2022-03-02 20:17:30,460 INFO reduce.MergeManagerImpl: Merging 0 segments, 0 bytes from memory into reduce
2022-03-02 20:17:30,460 INFO mapred.Merger: Merging 1 sorted segments
2022-03-02 20:17:30,460 INFO mapred.Merger: Down to the last merge-pass, with 1 segments left of total size: 476 bytes
2022-03-02 20:17:30,461 INFO mapred.LocalJobRunner: 2 / 2 copied.
2022-03-02 20:17:30,572 INFO Configuration.deprecation: mapred.skip.on is deprecated. Instead, use mapreduce.job.skiprecords
Matrix 1: [Value@6c0132b7, Value@612f9d59, Value@8bb097d, Value@33d796c]
Matrix 2: [Value@66cc6736, Value@7b14fbe3, Value@2b34e51d, Value@432a1f0e]
Matrix 1: [Value@46da358a, Value@1acd1551, Value@16dd1718, Value@51cb8a2]
Matrix 2: [Value@12fdbbee, Value@6068437d, Value@1e73edbf, Value@7eca8f7b]
Matrix 1: [Value@1177987, Value@23c6a173, Value@22d9bea1, Value@8c24cd6]
Matrix 2: [Value@32a3d708, Value@24f83516, Value@4bbbab9e, Value@5105fac3]
2022-03-02 20:17:30,589 INFO mapred.Task: Task:attempt_local1182633835_0001_r_000000_0 is done. And is in the process of committing
2022-03-02 20:17:30,590 INFO mapred.LocalJobRunner: 2 / 2 copied.
2022-03-02 20:17:30,590 INFO mapred.Task: Task attempt_local1182633835_0001_r_000000_0 is allowed to commit now
2022-03-02 20:17:30,609 INFO output.FileOutputCommitter: Saved output of task 'attempt_local1182633835_0001_r_000000_0' to file:/home/ard5625/project2/temp
2022-03-02 20:17:30,609 INFO mapred.LocalJobRunner: reduce > reduce
2022-03-02 20:17:30,609 INFO mapred.Task: Task 'attempt_local1182633835_0001_r_000000_0' done.
2022-03-02 20:17:30,610 INFO mapred.Task: Final Counters for attempt_local1182633835_0001_r_000000_0: Counters: 24
	File System Counters
		FILE: Number of bytes read=10060
		FILE: Number of bytes written=555098
		FILE: Number of read operations=0
		FILE: Number of large read operations=0
		FILE: Number of write operations=0
	Map-Reduce Framework
		Combine input records=0
		Combine output records=0
		Reduce input groups=3
		Reduce shuffle bytes=492
		Reduce input records=24
		Reduce output records=12
		Spilled Records=24
		Shuffled Maps =2
		Failed Shuffles=0
		Merged Map outputs=2
		GC time elapsed (ms)=0
		Total committed heap usage (bytes)=2147483648
	Shuffle Errors
		BAD_ID=0
		CONNECTION=0
		IO_ERROR=0
		WRONG_LENGTH=0
		WRONG_MAP=0
		WRONG_REDUCE=0
	File Output Format Counters 
		Bytes Written=367
2022-03-02 20:17:30,610 INFO mapred.LocalJobRunner: Finishing task: attempt_local1182633835_0001_r_000000_0
2022-03-02 20:17:30,610 INFO mapred.LocalJobRunner: reduce task executor complete.
2022-03-02 20:17:31,095 INFO mapreduce.Job: Job job_local1182633835_0001 running in uber mode : false
2022-03-02 20:17:31,096 INFO mapreduce.Job:  map 100% reduce 100%
2022-03-02 20:17:31,097 INFO mapreduce.Job: Job job_local1182633835_0001 completed successfully
2022-03-02 20:17:31,103 INFO mapreduce.Job: Counters: 30
	File System Counters
		FILE: Number of bytes read=27470
		FILE: Number of bytes written=1663310
		FILE: Number of read operations=0
		FILE: Number of large read operations=0
		FILE: Number of write operations=0
	Map-Reduce Framework
		Map input records=24
		Map output records=24
		Map output bytes=432
		Map output materialized bytes=492
		Input split bytes=478
		Combine input records=0
		Combine output records=0
		Reduce input groups=3
		Reduce shuffle bytes=492
		Reduce input records=24
		Reduce output records=12
		Spilled Records=48
		Shuffled Maps =2
		Failed Shuffles=0
		Merged Map outputs=2
		GC time elapsed (ms)=0
		Total committed heap usage (bytes)=6442450944
	Shuffle Errors
		BAD_ID=0
		CONNECTION=0
		IO_ERROR=0
		WRONG_LENGTH=0
		WRONG_MAP=0
		WRONG_REDUCE=0
	File Input Format Counters 
		Bytes Read=0
	File Output Format Counters 
		Bytes Written=367
2022-03-02 20:17:31,118 WARN impl.MetricsSystemImpl: JobTracker metrics system already initialized!
2022-03-02 20:17:31,120 WARN mapreduce.JobResourceUploader: Hadoop command-line option parsing not performed. Implement the Tool interface and execute your application with ToolRunner to remedy this.
2022-03-02 20:17:31,127 INFO input.FileInputFormat: Total input files to process : 1
2022-03-02 20:17:31,128 INFO mapreduce.JobSubmitter: number of splits:1
2022-03-02 20:17:31,138 INFO mapreduce.JobSubmitter: Submitting tokens for job: job_local2086510658_0002
2022-03-02 20:17:31,138 INFO mapreduce.JobSubmitter: Executing with tokens: []
2022-03-02 20:17:31,228 INFO mapreduce.Job: The url to track the job: http://localhost:8080/
2022-03-02 20:17:31,228 INFO mapred.LocalJobRunner: OutputCommitter set in config null
2022-03-02 20:17:31,229 INFO mapreduce.Job: Running job: job_local2086510658_0002
2022-03-02 20:17:31,230 INFO output.FileOutputCommitter: File Output Committer Algorithm version is 2
2022-03-02 20:17:31,230 INFO output.FileOutputCommitter: FileOutputCommitter skip cleanup _temporary folders under output directory:false, ignore cleanup failures: false
2022-03-02 20:17:31,230 INFO mapred.LocalJobRunner: OutputCommitter is org.apache.hadoop.mapreduce.lib.output.FileOutputCommitter
2022-03-02 20:17:31,272 INFO mapred.LocalJobRunner: Waiting for map tasks
2022-03-02 20:17:31,273 INFO mapred.LocalJobRunner: Starting task: attempt_local2086510658_0002_m_000000_0
2022-03-02 20:17:31,275 INFO output.FileOutputCommitter: File Output Committer Algorithm version is 2
2022-03-02 20:17:31,275 INFO output.FileOutputCommitter: FileOutputCommitter skip cleanup _temporary folders under output directory:false, ignore cleanup failures: false
2022-03-02 20:17:31,275 INFO mapred.Task:  Using ResourceCalculatorProcessTree : [ ]
2022-03-02 20:17:31,277 INFO mapred.MapTask: Processing split: file:/home/ard5625/project2/temp/part-r-00000:0+355
2022-03-02 20:17:31,285 INFO mapred.MapTask: (EQUATOR) 0 kvi 26214396(104857584)
2022-03-02 20:17:31,285 INFO mapred.MapTask: mapreduce.task.io.sort.mb: 100
2022-03-02 20:17:31,285 INFO mapred.MapTask: soft limit at 83886080
2022-03-02 20:17:31,285 INFO mapred.MapTask: bufstart = 0; bufvoid = 104857600
2022-03-02 20:17:31,285 INFO mapred.MapTask: kvstart = 26214396; length = 6553600
2022-03-02 20:17:31,286 INFO mapred.MapTask: Map output collector class = org.apache.hadoop.mapred.MapTask$MapOutputBuffer
2022-03-02 20:17:31,292 INFO mapred.LocalJobRunner: 
2022-03-02 20:17:31,292 INFO mapred.MapTask: Starting flush of map output
2022-03-02 20:17:31,292 INFO mapred.MapTask: Spilling map output
2022-03-02 20:17:31,293 INFO mapred.MapTask: bufstart = 0; bufend = 192; bufvoid = 104857600
2022-03-02 20:17:31,293 INFO mapred.MapTask: kvstart = 26214396(104857584); kvend = 26214352(104857408); length = 45/6553600
2022-03-02 20:17:31,294 INFO mapred.MapTask: Finished spill 0
2022-03-02 20:17:31,295 INFO mapred.Task: Task:attempt_local2086510658_0002_m_000000_0 is done. And is in the process of committing
2022-03-02 20:17:31,296 INFO mapred.LocalJobRunner: map
2022-03-02 20:17:31,296 INFO mapred.Task: Task 'attempt_local2086510658_0002_m_000000_0' done.
2022-03-02 20:17:31,296 INFO mapred.Task: Final Counters for attempt_local2086510658_0002_m_000000_0: Counters: 17
	File System Counters
		FILE: Number of bytes read=18305
		FILE: Number of bytes written=1107829
		FILE: Number of read operations=0
		FILE: Number of large read operations=0
		FILE: Number of write operations=0
	Map-Reduce Framework
		Map input records=12
		Map output records=12
		Map output bytes=192
		Map output materialized bytes=222
		Input split bytes=110
		Combine input records=0
		Spilled Records=12
		Failed Shuffles=0
		Merged Map outputs=0
		GC time elapsed (ms)=0
		Total committed heap usage (bytes)=2147483648
	File Input Format Counters 
		Bytes Read=367
2022-03-02 20:17:31,296 INFO mapred.LocalJobRunner: Finishing task: attempt_local2086510658_0002_m_000000_0
2022-03-02 20:17:31,296 INFO mapred.LocalJobRunner: map task executor complete.
2022-03-02 20:17:31,297 INFO mapred.LocalJobRunner: Waiting for reduce tasks
2022-03-02 20:17:31,297 INFO mapred.LocalJobRunner: Starting task: attempt_local2086510658_0002_r_000000_0
2022-03-02 20:17:31,298 INFO output.FileOutputCommitter: File Output Committer Algorithm version is 2
2022-03-02 20:17:31,298 INFO output.FileOutputCommitter: FileOutputCommitter skip cleanup _temporary folders under output directory:false, ignore cleanup failures: false
2022-03-02 20:17:31,299 INFO mapred.Task:  Using ResourceCalculatorProcessTree : [ ]
2022-03-02 20:17:31,299 INFO mapred.ReduceTask: Using ShuffleConsumerPlugin: org.apache.hadoop.mapreduce.task.reduce.Shuffle@5655ec82
2022-03-02 20:17:31,299 WARN impl.MetricsSystemImpl: JobTracker metrics system already initialized!
2022-03-02 20:17:31,301 INFO reduce.MergeManagerImpl: The max number of bytes for a single in-memory shuffle cannot be larger than Integer.MAX_VALUE. Setting it to Integer.MAX_VALUE
2022-03-02 20:17:31,301 INFO reduce.MergeManagerImpl: MergerManager: memoryLimit=22525089792, maxSingleShuffleLimit=2147483647, mergeThreshold=14866560000, ioSortFactor=10, memToMemMergeOutputsThreshold=10
2022-03-02 20:17:31,301 INFO reduce.EventFetcher: attempt_local2086510658_0002_r_000000_0 Thread started: EventFetcher for fetching Map Completion Events
2022-03-02 20:17:31,303 INFO reduce.LocalFetcher: localfetcher#2 about to shuffle output of map attempt_local2086510658_0002_m_000000_0 decomp: 218 len: 222 to MEMORY
2022-03-02 20:17:31,304 INFO reduce.InMemoryMapOutput: Read 218 bytes from map-output for attempt_local2086510658_0002_m_000000_0
2022-03-02 20:17:31,304 INFO reduce.MergeManagerImpl: closeInMemoryFile -> map-output of size: 218, inMemoryMapOutputs.size() -> 1, commitMemory -> 0, usedMemory ->218
2022-03-02 20:17:31,304 INFO reduce.EventFetcher: EventFetcher is interrupted.. Returning
2022-03-02 20:17:31,305 INFO mapred.LocalJobRunner: 1 / 1 copied.
2022-03-02 20:17:31,305 INFO reduce.MergeManagerImpl: finalMerge called with 1 in-memory map-outputs and 0 on-disk map-outputs
2022-03-02 20:17:31,306 INFO mapred.Merger: Merging 1 sorted segments
2022-03-02 20:17:31,306 INFO mapred.Merger: Down to the last merge-pass, with 1 segments left of total size: 208 bytes
2022-03-02 20:17:31,306 INFO reduce.MergeManagerImpl: Merged 1 segments, 218 bytes to disk to satisfy reduce memory limit
2022-03-02 20:17:31,307 INFO reduce.MergeManagerImpl: Merging 1 files, 222 bytes from disk
2022-03-02 20:17:31,307 INFO reduce.MergeManagerImpl: Merging 0 segments, 0 bytes from memory into reduce
2022-03-02 20:17:31,307 INFO mapred.Merger: Merging 1 sorted segments
2022-03-02 20:17:31,307 INFO mapred.Merger: Down to the last merge-pass, with 1 segments left of total size: 208 bytes
2022-03-02 20:17:31,307 INFO mapred.LocalJobRunner: 1 / 1 copied.
2022-03-02 20:17:31,375 INFO mapred.Task: Task:attempt_local2086510658_0002_r_000000_0 is done. And is in the process of committing
2022-03-02 20:17:31,375 INFO mapred.LocalJobRunner: 1 / 1 copied.
2022-03-02 20:17:31,375 INFO mapred.Task: Task attempt_local2086510658_0002_r_000000_0 is allowed to commit now
2022-03-02 20:17:31,399 INFO output.FileOutputCommitter: Saved output of task 'attempt_local2086510658_0002_r_000000_0' to file:/home/ard5625/project2/output
2022-03-02 20:17:31,399 INFO mapred.LocalJobRunner: reduce > reduce
2022-03-02 20:17:31,399 INFO mapred.Task: Task 'attempt_local2086510658_0002_r_000000_0' done.
2022-03-02 20:17:31,400 INFO mapred.Task: Final Counters for attempt_local2086510658_0002_r_000000_0: Counters: 24
	File System Counters
		FILE: Number of bytes read=18781
		FILE: Number of bytes written=1108124
		FILE: Number of read operations=0
		FILE: Number of large read operations=0
		FILE: Number of write operations=0
	Map-Reduce Framework
		Combine input records=0
		Combine output records=0
		Reduce input groups=4
		Reduce shuffle bytes=222
		Reduce input records=12
		Reduce output records=4
		Spilled Records=12
		Shuffled Maps =1
		Failed Shuffles=0
		Merged Map outputs=1
		GC time elapsed (ms)=0
		Total committed heap usage (bytes)=2147483648
	Shuffle Errors
		BAD_ID=0
		CONNECTION=0
		IO_ERROR=0
		WRONG_LENGTH=0
		WRONG_MAP=0
		WRONG_REDUCE=0
	File Output Format Counters 
		Bytes Written=73
2022-03-02 20:17:31,400 INFO mapred.LocalJobRunner: Finishing task: attempt_local2086510658_0002_r_000000_0
2022-03-02 20:17:31,400 INFO mapred.LocalJobRunner: reduce task executor complete.
2022-03-02 20:17:32,230 INFO mapreduce.Job: Job job_local2086510658_0002 running in uber mode : false
2022-03-02 20:17:32,230 INFO mapreduce.Job:  map 100% reduce 100%
2022-03-02 20:17:32,230 INFO mapreduce.Job: Job job_local2086510658_0002 completed successfully
2022-03-02 20:17:32,234 INFO mapreduce.Job: Counters: 30
	File System Counters
		FILE: Number of bytes read=37086
		FILE: Number of bytes written=2215953
		FILE: Number of read operations=0
		FILE: Number of large read operations=0
		FILE: Number of write operations=0
	Map-Reduce Framework
		Map input records=12
		Map output records=12
		Map output bytes=192
		Map output materialized bytes=222
		Input split bytes=110
		Combine input records=0
		Combine output records=0
		Reduce input groups=4
		Reduce shuffle bytes=222
		Reduce input records=12
		Reduce output records=4
		Spilled Records=24
		Shuffled Maps =1
		Failed Shuffles=0
		Merged Map outputs=1
		GC time elapsed (ms)=0
		Total committed heap usage (bytes)=4294967296
	Shuffle Errors
		BAD_ID=0
		CONNECTION=0
		IO_ERROR=0
		WRONG_LENGTH=0
		WRONG_MAP=0
		WRONG_REDUCE=0
	File Input Format Counters 
		Bytes Read=367
	File Output Format Counters 
		Bytes Written=73
