WARNING: An illegal reflective access operation has occurred
WARNING: Illegal reflective access by org.apache.spark.unsafe.Platform (file:/expanse/lustre/projects/uot182/fegaras/spark-3.1.2-bin-hadoop3.2/jars/spark-unsafe_2.12-3.1.2.jar) to constructor java.nio.DirectByteBuffer(long,int)
WARNING: Please consider reporting this to the maintainers of org.apache.spark.unsafe.Platform
WARNING: Use --illegal-access=warn to enable warnings of further illegal reflective access operations
WARNING: All illegal access operations will be denied in a future release
22/11/08 16:43:40 WARN NativeCodeLoader: Unable to load native-hadoop library for your platform... using builtin-java classes where applicable
Using Spark's default log4j profile: org/apache/spark/log4j-defaults.properties
22/11/08 16:43:40 INFO SparkContext: Running Spark version 3.1.2
22/11/08 16:43:40 INFO ResourceUtils: ==============================================================
22/11/08 16:43:40 INFO ResourceUtils: No custom resources configured for spark.driver.
22/11/08 16:43:40 INFO ResourceUtils: ==============================================================
22/11/08 16:43:40 INFO SparkContext: Submitted application: Connected Components of Graph
22/11/08 16:43:40 INFO ResourceProfile: Default ResourceProfile created, executor resources: Map(cores -> name: cores, amount: 1, script: , vendor: , memory -> name: memory, amount: 1024, script: , vendor: , offHeap -> name: offHeap, amount: 0, script: , vendor: ), task resources: Map(cpus -> name: cpus, amount: 1.0)
22/11/08 16:43:40 INFO ResourceProfile: Limiting resource is cpu
22/11/08 16:43:40 INFO ResourceProfileManager: Added ResourceProfile id: 0
22/11/08 16:43:40 INFO SecurityManager: Changing view acls to: bdumpa
22/11/08 16:43:40 INFO SecurityManager: Changing modify acls to: bdumpa
22/11/08 16:43:40 INFO SecurityManager: Changing view acls groups to: 
22/11/08 16:43:40 INFO SecurityManager: Changing modify acls groups to: 
22/11/08 16:43:40 INFO SecurityManager: SecurityManager: authentication disabled; ui acls disabled; users  with view permissions: Set(bdumpa); groups with view permissions: Set(); users  with modify permissions: Set(bdumpa); groups with modify permissions: Set()
22/11/08 16:43:41 INFO Utils: Successfully started service 'sparkDriver' on port 46819.
22/11/08 16:43:41 INFO SparkEnv: Registering MapOutputTracker
22/11/08 16:43:41 INFO SparkEnv: Registering BlockManagerMaster
22/11/08 16:43:41 INFO BlockManagerMasterEndpoint: Using org.apache.spark.storage.DefaultTopologyMapper for getting topology information
22/11/08 16:43:41 INFO BlockManagerMasterEndpoint: BlockManagerMasterEndpoint up
22/11/08 16:43:41 INFO SparkEnv: Registering BlockManagerMasterHeartbeat
22/11/08 16:43:41 INFO DiskBlockManager: Created local directory at /tmp/blockmgr-556ab960-de6a-4de9-b0c6-8bd529187742
22/11/08 16:43:41 INFO MemoryStore: MemoryStore started with capacity 434.4 MiB
22/11/08 16:43:41 INFO SparkEnv: Registering OutputCommitCoordinator
22/11/08 16:43:41 WARN Utils: Service 'SparkUI' could not bind on port 4040. Attempting port 4041.
22/11/08 16:43:41 INFO Utils: Successfully started service 'SparkUI' on port 4041.
22/11/08 16:43:41 INFO SparkUI: Bound SparkUI to 0.0.0.0, and started at http://exp-1-01.expanse.sdsc.edu:4041
22/11/08 16:43:41 INFO SparkContext: Added JAR file:/home/bdumpa/project5/graph.jar at spark://exp-1-01.expanse.sdsc.edu:46819/jars/graph.jar with timestamp 1667954620593
22/11/08 16:43:42 INFO Executor: Starting executor ID driver on host exp-1-01.expanse.sdsc.edu
22/11/08 16:43:42 INFO Executor: Fetching spark://exp-1-01.expanse.sdsc.edu:46819/jars/graph.jar with timestamp 1667954620593
22/11/08 16:43:42 INFO TransportClientFactory: Successfully created connection to exp-1-01.expanse.sdsc.edu/198.202.103.254:46819 after 46 ms (0 ms spent in bootstraps)
22/11/08 16:43:42 INFO Utils: Fetching spark://exp-1-01.expanse.sdsc.edu:46819/jars/graph.jar to /tmp/spark-9f2a0726-fc41-4062-ad84-6e4d2f88eeda/userFiles-967c107a-f005-4ca1-ad24-27a00f8655ea/fetchFileTemp560624841946257222.tmp
22/11/08 16:43:42 INFO Executor: Adding file:/tmp/spark-9f2a0726-fc41-4062-ad84-6e4d2f88eeda/userFiles-967c107a-f005-4ca1-ad24-27a00f8655ea/graph.jar to class loader
22/11/08 16:43:42 INFO Utils: Successfully started service 'org.apache.spark.network.netty.NettyBlockTransferService' on port 36989.
22/11/08 16:43:42 INFO NettyBlockTransferService: Server created on exp-1-01.expanse.sdsc.edu:36989
22/11/08 16:43:42 INFO BlockManager: Using org.apache.spark.storage.RandomBlockReplicationPolicy for block replication policy
22/11/08 16:43:42 INFO BlockManagerMaster: Registering BlockManager BlockManagerId(driver, exp-1-01.expanse.sdsc.edu, 36989, None)
22/11/08 16:43:42 INFO BlockManagerMasterEndpoint: Registering block manager exp-1-01.expanse.sdsc.edu:36989 with 434.4 MiB RAM, BlockManagerId(driver, exp-1-01.expanse.sdsc.edu, 36989, None)
22/11/08 16:43:42 INFO BlockManagerMaster: Registered BlockManager BlockManagerId(driver, exp-1-01.expanse.sdsc.edu, 36989, None)
22/11/08 16:43:42 INFO BlockManager: Initialized BlockManager: BlockManagerId(driver, exp-1-01.expanse.sdsc.edu, 36989, None)
22/11/08 16:43:43 INFO MemoryStore: Block broadcast_0 stored as values in memory (estimated size 175.9 KiB, free 434.2 MiB)
22/11/08 16:43:43 INFO MemoryStore: Block broadcast_0_piece0 stored as bytes in memory (estimated size 27.1 KiB, free 434.2 MiB)
22/11/08 16:43:43 INFO BlockManagerInfo: Added broadcast_0_piece0 in memory on exp-1-01.expanse.sdsc.edu:36989 (size: 27.1 KiB, free: 434.4 MiB)
22/11/08 16:43:43 INFO SparkContext: Created broadcast 0 from textFile at Graph.scala:15
22/11/08 16:43:43 INFO FileInputFormat: Total input files to process : 1
22/11/08 16:43:44 INFO SparkContext: Starting job: sortBy at Graph.scala:32
22/11/08 16:43:44 INFO DAGScheduler: Registering RDD 5 (map at Graph.scala:27) as input to shuffle 0
22/11/08 16:43:44 INFO DAGScheduler: Registering RDD 3 (flatMap at Graph.scala:25) as input to shuffle 10
22/11/08 16:43:44 INFO DAGScheduler: Registering RDD 10 (flatMap at Graph.scala:25) as input to shuffle 9
22/11/08 16:43:44 INFO DAGScheduler: Registering RDD 12 (map at Graph.scala:27) as input to shuffle 1
22/11/08 16:43:44 INFO DAGScheduler: Registering RDD 19 (map at Graph.scala:27) as input to shuffle 2
22/11/08 16:43:44 INFO DAGScheduler: Registering RDD 17 (flatMap at Graph.scala:25) as input to shuffle 8
22/11/08 16:43:44 INFO DAGScheduler: Registering RDD 26 (map at Graph.scala:27) as input to shuffle 3
22/11/08 16:43:44 INFO DAGScheduler: Registering RDD 24 (flatMap at Graph.scala:25) as input to shuffle 7
22/11/08 16:43:44 INFO DAGScheduler: Registering RDD 31 (flatMap at Graph.scala:25) as input to shuffle 6
22/11/08 16:43:44 INFO DAGScheduler: Registering RDD 33 (map at Graph.scala:27) as input to shuffle 4
22/11/08 16:43:44 INFO DAGScheduler: Registering RDD 38 (map at Graph.scala:32) as input to shuffle 5
22/11/08 16:43:44 INFO DAGScheduler: Got job 0 (sortBy at Graph.scala:32) with 2 output partitions
22/11/08 16:43:44 INFO DAGScheduler: Final stage: ResultStage 11 (sortBy at Graph.scala:32)
22/11/08 16:43:44 INFO DAGScheduler: Parents of final stage: List(ShuffleMapStage 10)
22/11/08 16:43:44 INFO DAGScheduler: Missing parents: List(ShuffleMapStage 10)
22/11/08 16:43:44 INFO DAGScheduler: Submitting ShuffleMapStage 0 (MapPartitionsRDD[5] at map at Graph.scala:27), which has no missing parents
22/11/08 16:43:44 INFO MemoryStore: Block broadcast_1 stored as values in memory (estimated size 5.9 KiB, free 434.2 MiB)
22/11/08 16:43:44 INFO MemoryStore: Block broadcast_1_piece0 stored as bytes in memory (estimated size 3.4 KiB, free 434.2 MiB)
22/11/08 16:43:44 INFO BlockManagerInfo: Added broadcast_1_piece0 in memory on exp-1-01.expanse.sdsc.edu:36989 (size: 3.4 KiB, free: 434.4 MiB)
22/11/08 16:43:44 INFO SparkContext: Created broadcast 1 from broadcast at DAGScheduler.scala:1388
22/11/08 16:43:44 INFO DAGScheduler: Submitting 2 missing tasks from ShuffleMapStage 0 (MapPartitionsRDD[5] at map at Graph.scala:27) (first 15 tasks are for partitions Vector(0, 1))
22/11/08 16:43:44 INFO TaskSchedulerImpl: Adding task set 0.0 with 2 tasks resource profile 0
22/11/08 16:43:44 INFO DAGScheduler: Submitting ShuffleMapStage 1 (MapPartitionsRDD[3] at flatMap at Graph.scala:25), which has no missing parents
22/11/08 16:43:44 INFO MemoryStore: Block broadcast_2 stored as values in memory (estimated size 6.8 KiB, free 434.2 MiB)
22/11/08 16:43:44 INFO MemoryStore: Block broadcast_2_piece0 stored as bytes in memory (estimated size 4.0 KiB, free 434.2 MiB)
22/11/08 16:43:44 INFO BlockManagerInfo: Added broadcast_2_piece0 in memory on exp-1-01.expanse.sdsc.edu:36989 (size: 4.0 KiB, free: 434.4 MiB)
22/11/08 16:43:44 INFO SparkContext: Created broadcast 2 from broadcast at DAGScheduler.scala:1388
22/11/08 16:43:44 INFO DAGScheduler: Submitting 2 missing tasks from ShuffleMapStage 1 (MapPartitionsRDD[3] at flatMap at Graph.scala:25) (first 15 tasks are for partitions Vector(0, 1))
22/11/08 16:43:44 INFO TaskSchedulerImpl: Adding task set 1.0 with 2 tasks resource profile 0
22/11/08 16:43:44 INFO TaskSetManager: Starting task 0.0 in stage 0.0 (TID 0) (exp-1-01.expanse.sdsc.edu, executor driver, partition 0, PROCESS_LOCAL, 4500 bytes) taskResourceAssignments Map()
22/11/08 16:43:44 INFO TaskSetManager: Starting task 1.0 in stage 0.0 (TID 1) (exp-1-01.expanse.sdsc.edu, executor driver, partition 1, PROCESS_LOCAL, 4500 bytes) taskResourceAssignments Map()
22/11/08 16:43:44 INFO Executor: Running task 0.0 in stage 0.0 (TID 0)
22/11/08 16:43:44 INFO Executor: Running task 1.0 in stage 0.0 (TID 1)
22/11/08 16:43:45 INFO HadoopRDD: Input split: file:/home/bdumpa/project5/small-graph.txt:28+28
22/11/08 16:43:45 INFO HadoopRDD: Input split: file:/home/bdumpa/project5/small-graph.txt:0+28
22/11/08 16:43:45 INFO Executor: Finished task 0.0 in stage 0.0 (TID 0). 1175 bytes result sent to driver
22/11/08 16:43:45 INFO Executor: Finished task 1.0 in stage 0.0 (TID 1). 1175 bytes result sent to driver
22/11/08 16:43:45 INFO TaskSetManager: Starting task 0.0 in stage 1.0 (TID 2) (exp-1-01.expanse.sdsc.edu, executor driver, partition 0, PROCESS_LOCAL, 4500 bytes) taskResourceAssignments Map()
22/11/08 16:43:45 INFO Executor: Running task 0.0 in stage 1.0 (TID 2)
22/11/08 16:43:45 INFO TaskSetManager: Starting task 1.0 in stage 1.0 (TID 3) (exp-1-01.expanse.sdsc.edu, executor driver, partition 1, PROCESS_LOCAL, 4500 bytes) taskResourceAssignments Map()
22/11/08 16:43:45 INFO Executor: Running task 1.0 in stage 1.0 (TID 3)
22/11/08 16:43:45 INFO HadoopRDD: Input split: file:/home/bdumpa/project5/small-graph.txt:0+28
22/11/08 16:43:45 INFO HadoopRDD: Input split: file:/home/bdumpa/project5/small-graph.txt:28+28
22/11/08 16:43:45 INFO TaskSetManager: Finished task 0.0 in stage 0.0 (TID 0) in 396 ms on exp-1-01.expanse.sdsc.edu (executor driver) (1/2)
22/11/08 16:43:45 INFO TaskSetManager: Finished task 1.0 in stage 0.0 (TID 1) in 380 ms on exp-1-01.expanse.sdsc.edu (executor driver) (2/2)
22/11/08 16:43:45 INFO TaskSchedulerImpl: Removed TaskSet 0.0, whose tasks have all completed, from pool 
22/11/08 16:43:45 INFO DAGScheduler: ShuffleMapStage 0 (map at Graph.scala:27) finished in 0.622 s
22/11/08 16:43:45 INFO DAGScheduler: looking for newly runnable stages
22/11/08 16:43:45 INFO DAGScheduler: running: Set(ShuffleMapStage 1)
22/11/08 16:43:45 INFO DAGScheduler: waiting: Set(ShuffleMapStage 9, ShuffleMapStage 5, ShuffleMapStage 2, ShuffleMapStage 6, ShuffleMapStage 3, ShuffleMapStage 10, ShuffleMapStage 7, ShuffleMapStage 4, ResultStage 11, ShuffleMapStage 8)
22/11/08 16:43:45 INFO DAGScheduler: failed: Set()
22/11/08 16:43:45 INFO Executor: Finished task 0.0 in stage 1.0 (TID 2). 1261 bytes result sent to driver
22/11/08 16:43:45 INFO Executor: Finished task 1.0 in stage 1.0 (TID 3). 1261 bytes result sent to driver
22/11/08 16:43:45 INFO TaskSetManager: Finished task 0.0 in stage 1.0 (TID 2) in 133 ms on exp-1-01.expanse.sdsc.edu (executor driver) (1/2)
22/11/08 16:43:45 INFO TaskSetManager: Finished task 1.0 in stage 1.0 (TID 3) in 126 ms on exp-1-01.expanse.sdsc.edu (executor driver) (2/2)
22/11/08 16:43:45 INFO DAGScheduler: ShuffleMapStage 1 (flatMap at Graph.scala:25) finished in 0.513 s
22/11/08 16:43:45 INFO DAGScheduler: looking for newly runnable stages
22/11/08 16:43:45 INFO DAGScheduler: running: Set()
22/11/08 16:43:45 INFO DAGScheduler: waiting: Set(ShuffleMapStage 9, ShuffleMapStage 5, ShuffleMapStage 2, ShuffleMapStage 6, ShuffleMapStage 3, ShuffleMapStage 10, ShuffleMapStage 7, ShuffleMapStage 4, ResultStage 11, ShuffleMapStage 8)
22/11/08 16:43:45 INFO DAGScheduler: failed: Set()
22/11/08 16:43:45 INFO DAGScheduler: Submitting ShuffleMapStage 2 (MapPartitionsRDD[10] at flatMap at Graph.scala:25), which has no missing parents
22/11/08 16:43:45 INFO TaskSchedulerImpl: Removed TaskSet 1.0, whose tasks have all completed, from pool 
22/11/08 16:43:45 INFO MemoryStore: Block broadcast_3 stored as values in memory (estimated size 6.7 KiB, free 434.2 MiB)
22/11/08 16:43:45 INFO MemoryStore: Block broadcast_3_piece0 stored as bytes in memory (estimated size 3.8 KiB, free 434.2 MiB)
22/11/08 16:43:45 INFO BlockManagerInfo: Added broadcast_3_piece0 in memory on exp-1-01.expanse.sdsc.edu:36989 (size: 3.8 KiB, free: 434.4 MiB)
22/11/08 16:43:45 INFO SparkContext: Created broadcast 3 from broadcast at DAGScheduler.scala:1388
22/11/08 16:43:45 INFO DAGScheduler: Submitting 2 missing tasks from ShuffleMapStage 2 (MapPartitionsRDD[10] at flatMap at Graph.scala:25) (first 15 tasks are for partitions Vector(0, 1))
22/11/08 16:43:45 INFO TaskSchedulerImpl: Adding task set 2.0 with 2 tasks resource profile 0
22/11/08 16:43:45 INFO DAGScheduler: Submitting ShuffleMapStage 3 (MapPartitionsRDD[12] at map at Graph.scala:27), which has no missing parents
22/11/08 16:43:45 INFO TaskSetManager: Starting task 0.0 in stage 2.0 (TID 4) (exp-1-01.expanse.sdsc.edu, executor driver, partition 0, NODE_LOCAL, 4477 bytes) taskResourceAssignments Map()
22/11/08 16:43:45 INFO TaskSetManager: Starting task 1.0 in stage 2.0 (TID 5) (exp-1-01.expanse.sdsc.edu, executor driver, partition 1, NODE_LOCAL, 4477 bytes) taskResourceAssignments Map()
22/11/08 16:43:45 INFO Executor: Running task 0.0 in stage 2.0 (TID 4)
22/11/08 16:43:45 INFO Executor: Running task 1.0 in stage 2.0 (TID 5)
22/11/08 16:43:45 INFO MemoryStore: Block broadcast_4 stored as values in memory (estimated size 6.7 KiB, free 434.2 MiB)
22/11/08 16:43:45 INFO MemoryStore: Block broadcast_4_piece0 stored as bytes in memory (estimated size 3.7 KiB, free 434.2 MiB)
22/11/08 16:43:45 INFO BlockManagerInfo: Added broadcast_4_piece0 in memory on exp-1-01.expanse.sdsc.edu:36989 (size: 3.7 KiB, free: 434.4 MiB)
22/11/08 16:43:45 INFO SparkContext: Created broadcast 4 from broadcast at DAGScheduler.scala:1388
22/11/08 16:43:45 INFO DAGScheduler: Submitting 2 missing tasks from ShuffleMapStage 3 (MapPartitionsRDD[12] at map at Graph.scala:27) (first 15 tasks are for partitions Vector(0, 1))
22/11/08 16:43:45 INFO TaskSchedulerImpl: Adding task set 3.0 with 2 tasks resource profile 0
22/11/08 16:43:45 INFO ShuffleBlockFetcherIterator: Getting 2 (120.0 B) non-empty blocks including 2 (120.0 B) local and 0 (0.0 B) host-local and 0 (0.0 B) remote blocks
22/11/08 16:43:45 INFO ShuffleBlockFetcherIterator: Started 0 remote fetches in 12 ms
22/11/08 16:43:45 INFO ShuffleBlockFetcherIterator: Getting 2 (114.0 B) non-empty blocks including 2 (114.0 B) local and 0 (0.0 B) host-local and 0 (0.0 B) remote blocks
22/11/08 16:43:45 INFO ShuffleBlockFetcherIterator: Started 0 remote fetches in 24 ms
22/11/08 16:43:45 INFO ShuffleBlockFetcherIterator: Getting 2 (736.0 B) non-empty blocks including 2 (736.0 B) local and 0 (0.0 B) host-local and 0 (0.0 B) remote blocks
22/11/08 16:43:45 INFO ShuffleBlockFetcherIterator: Started 0 remote fetches in 1 ms
22/11/08 16:43:45 INFO ShuffleBlockFetcherIterator: Getting 2 (702.0 B) non-empty blocks including 2 (702.0 B) local and 0 (0.0 B) host-local and 0 (0.0 B) remote blocks
22/11/08 16:43:45 INFO ShuffleBlockFetcherIterator: Started 0 remote fetches in 1 ms
22/11/08 16:43:45 INFO Executor: Finished task 0.0 in stage 2.0 (TID 4). 1476 bytes result sent to driver
22/11/08 16:43:45 INFO TaskSetManager: Starting task 0.0 in stage 3.0 (TID 6) (exp-1-01.expanse.sdsc.edu, executor driver, partition 0, NODE_LOCAL, 4477 bytes) taskResourceAssignments Map()
22/11/08 16:43:45 INFO Executor: Finished task 1.0 in stage 2.0 (TID 5). 1476 bytes result sent to driver
22/11/08 16:43:45 INFO TaskSetManager: Finished task 0.0 in stage 2.0 (TID 4) in 158 ms on exp-1-01.expanse.sdsc.edu (executor driver) (1/2)
22/11/08 16:43:45 INFO TaskSetManager: Finished task 1.0 in stage 2.0 (TID 5) in 146 ms on exp-1-01.expanse.sdsc.edu (executor driver) (2/2)
22/11/08 16:43:45 INFO TaskSchedulerImpl: Removed TaskSet 2.0, whose tasks have all completed, from pool 
22/11/08 16:43:45 INFO TaskSetManager: Starting task 1.0 in stage 3.0 (TID 7) (exp-1-01.expanse.sdsc.edu, executor driver, partition 1, NODE_LOCAL, 4477 bytes) taskResourceAssignments Map()
22/11/08 16:43:45 INFO DAGScheduler: ShuffleMapStage 2 (flatMap at Graph.scala:25) finished in 0.188 s
22/11/08 16:43:45 INFO DAGScheduler: looking for newly runnable stages
22/11/08 16:43:45 INFO DAGScheduler: running: Set(ShuffleMapStage 3)
22/11/08 16:43:45 INFO DAGScheduler: waiting: Set(ShuffleMapStage 9, ShuffleMapStage 5, ShuffleMapStage 6, ShuffleMapStage 10, ShuffleMapStage 7, ShuffleMapStage 4, ResultStage 11, ShuffleMapStage 8)
22/11/08 16:43:45 INFO DAGScheduler: failed: Set()
22/11/08 16:43:45 INFO Executor: Running task 1.0 in stage 3.0 (TID 7)
22/11/08 16:43:45 INFO Executor: Running task 0.0 in stage 3.0 (TID 6)
22/11/08 16:43:45 INFO ShuffleBlockFetcherIterator: Getting 2 (114.0 B) non-empty blocks including 2 (114.0 B) local and 0 (0.0 B) host-local and 0 (0.0 B) remote blocks
22/11/08 16:43:45 INFO ShuffleBlockFetcherIterator: Started 0 remote fetches in 9 ms
22/11/08 16:43:45 INFO ShuffleBlockFetcherIterator: Getting 2 (120.0 B) non-empty blocks including 2 (120.0 B) local and 0 (0.0 B) host-local and 0 (0.0 B) remote blocks
22/11/08 16:43:45 INFO ShuffleBlockFetcherIterator: Started 0 remote fetches in 1 ms
22/11/08 16:43:45 INFO ShuffleBlockFetcherIterator: Getting 2 (702.0 B) non-empty blocks including 2 (702.0 B) local and 0 (0.0 B) host-local and 0 (0.0 B) remote blocks
22/11/08 16:43:45 INFO ShuffleBlockFetcherIterator: Started 0 remote fetches in 0 ms
22/11/08 16:43:45 INFO ShuffleBlockFetcherIterator: Getting 2 (736.0 B) non-empty blocks including 2 (736.0 B) local and 0 (0.0 B) host-local and 0 (0.0 B) remote blocks
22/11/08 16:43:45 INFO ShuffleBlockFetcherIterator: Started 0 remote fetches in 1 ms
22/11/08 16:43:45 INFO Executor: Finished task 0.0 in stage 3.0 (TID 6). 1476 bytes result sent to driver
22/11/08 16:43:45 INFO TaskSetManager: Finished task 0.0 in stage 3.0 (TID 6) in 90 ms on exp-1-01.expanse.sdsc.edu (executor driver) (1/2)
22/11/08 16:43:45 INFO Executor: Finished task 1.0 in stage 3.0 (TID 7). 1519 bytes result sent to driver
22/11/08 16:43:45 INFO TaskSetManager: Finished task 1.0 in stage 3.0 (TID 7) in 99 ms on exp-1-01.expanse.sdsc.edu (executor driver) (2/2)
22/11/08 16:43:45 INFO TaskSchedulerImpl: Removed TaskSet 3.0, whose tasks have all completed, from pool 
22/11/08 16:43:45 INFO DAGScheduler: ShuffleMapStage 3 (map at Graph.scala:27) finished in 0.246 s
22/11/08 16:43:45 INFO DAGScheduler: looking for newly runnable stages
22/11/08 16:43:45 INFO DAGScheduler: running: Set()
22/11/08 16:43:45 INFO DAGScheduler: waiting: Set(ShuffleMapStage 9, ShuffleMapStage 5, ShuffleMapStage 6, ShuffleMapStage 10, ShuffleMapStage 7, ShuffleMapStage 4, ResultStage 11, ShuffleMapStage 8)
22/11/08 16:43:45 INFO DAGScheduler: failed: Set()
22/11/08 16:43:45 INFO DAGScheduler: Submitting ShuffleMapStage 5 (MapPartitionsRDD[17] at flatMap at Graph.scala:25), which has no missing parents
22/11/08 16:43:45 INFO MemoryStore: Block broadcast_5 stored as values in memory (estimated size 6.7 KiB, free 434.2 MiB)
22/11/08 16:43:45 INFO MemoryStore: Block broadcast_5_piece0 stored as bytes in memory (estimated size 3.8 KiB, free 434.2 MiB)
22/11/08 16:43:45 INFO BlockManagerInfo: Added broadcast_5_piece0 in memory on exp-1-01.expanse.sdsc.edu:36989 (size: 3.8 KiB, free: 434.4 MiB)
22/11/08 16:43:45 INFO SparkContext: Created broadcast 5 from broadcast at DAGScheduler.scala:1388
22/11/08 16:43:45 INFO DAGScheduler: Submitting 2 missing tasks from ShuffleMapStage 5 (MapPartitionsRDD[17] at flatMap at Graph.scala:25) (first 15 tasks are for partitions Vector(0, 1))
22/11/08 16:43:45 INFO TaskSchedulerImpl: Adding task set 5.0 with 2 tasks resource profile 0
22/11/08 16:43:45 INFO DAGScheduler: Submitting ShuffleMapStage 4 (MapPartitionsRDD[19] at map at Graph.scala:27), which has no missing parents
22/11/08 16:43:45 INFO TaskSetManager: Starting task 0.0 in stage 5.0 (TID 8) (exp-1-01.expanse.sdsc.edu, executor driver, partition 0, NODE_LOCAL, 4477 bytes) taskResourceAssignments Map()
22/11/08 16:43:45 INFO TaskSetManager: Starting task 1.0 in stage 5.0 (TID 9) (exp-1-01.expanse.sdsc.edu, executor driver, partition 1, NODE_LOCAL, 4477 bytes) taskResourceAssignments Map()
22/11/08 16:43:45 INFO Executor: Running task 0.0 in stage 5.0 (TID 8)
22/11/08 16:43:45 INFO ShuffleBlockFetcherIterator: Getting 2 (126.0 B) non-empty blocks including 2 (126.0 B) local and 0 (0.0 B) host-local and 0 (0.0 B) remote blocks
22/11/08 16:43:45 INFO ShuffleBlockFetcherIterator: Started 0 remote fetches in 0 ms
22/11/08 16:43:45 INFO MemoryStore: Block broadcast_6 stored as values in memory (estimated size 6.7 KiB, free 434.1 MiB)
22/11/08 16:43:45 INFO ShuffleBlockFetcherIterator: Getting 1 (445.0 B) non-empty blocks including 1 (445.0 B) local and 0 (0.0 B) host-local and 0 (0.0 B) remote blocks
22/11/08 16:43:45 INFO ShuffleBlockFetcherIterator: Started 0 remote fetches in 0 ms
22/11/08 16:43:45 INFO Executor: Running task 1.0 in stage 5.0 (TID 9)
22/11/08 16:43:45 INFO Executor: Finished task 0.0 in stage 5.0 (TID 8). 1476 bytes result sent to driver
22/11/08 16:43:45 INFO TaskSetManager: Finished task 0.0 in stage 5.0 (TID 8) in 80 ms on exp-1-01.expanse.sdsc.edu (executor driver) (1/2)
22/11/08 16:43:45 INFO ShuffleBlockFetcherIterator: Getting 2 (132.0 B) non-empty blocks including 2 (132.0 B) local and 0 (0.0 B) host-local and 0 (0.0 B) remote blocks
22/11/08 16:43:45 INFO ShuffleBlockFetcherIterator: Started 0 remote fetches in 1 ms
22/11/08 16:43:45 INFO MemoryStore: Block broadcast_6_piece0 stored as bytes in memory (estimated size 3.7 KiB, free 434.1 MiB)
22/11/08 16:43:45 INFO BlockManagerInfo: Added broadcast_6_piece0 in memory on exp-1-01.expanse.sdsc.edu:36989 (size: 3.7 KiB, free: 434.4 MiB)
22/11/08 16:43:45 INFO SparkContext: Created broadcast 6 from broadcast at DAGScheduler.scala:1388
22/11/08 16:43:45 INFO DAGScheduler: Submitting 2 missing tasks from ShuffleMapStage 4 (MapPartitionsRDD[19] at map at Graph.scala:27) (first 15 tasks are for partitions Vector(0, 1))
22/11/08 16:43:45 INFO TaskSchedulerImpl: Adding task set 4.0 with 2 tasks resource profile 0
22/11/08 16:43:45 INFO TaskSetManager: Starting task 0.0 in stage 4.0 (TID 10) (exp-1-01.expanse.sdsc.edu, executor driver, partition 0, NODE_LOCAL, 4477 bytes) taskResourceAssignments Map()
22/11/08 16:43:45 INFO BlockManagerInfo: Removed broadcast_1_piece0 on exp-1-01.expanse.sdsc.edu:36989 in memory (size: 3.4 KiB, free: 434.4 MiB)
22/11/08 16:43:45 INFO Executor: Running task 0.0 in stage 4.0 (TID 10)
22/11/08 16:43:45 INFO ShuffleBlockFetcherIterator: Getting 2 (126.0 B) non-empty blocks including 2 (126.0 B) local and 0 (0.0 B) host-local and 0 (0.0 B) remote blocks
22/11/08 16:43:45 INFO ShuffleBlockFetcherIterator: Started 0 remote fetches in 1 ms
22/11/08 16:43:45 INFO ShuffleBlockFetcherIterator: Getting 1 (445.0 B) non-empty blocks including 1 (445.0 B) local and 0 (0.0 B) host-local and 0 (0.0 B) remote blocks
22/11/08 16:43:45 INFO ShuffleBlockFetcherIterator: Started 0 remote fetches in 1 ms
22/11/08 16:43:45 INFO ShuffleBlockFetcherIterator: Getting 1 (445.0 B) non-empty blocks including 1 (445.0 B) local and 0 (0.0 B) host-local and 0 (0.0 B) remote blocks
22/11/08 16:43:45 INFO ShuffleBlockFetcherIterator: Started 0 remote fetches in 13 ms
22/11/08 16:43:45 INFO Executor: Finished task 1.0 in stage 5.0 (TID 9). 1476 bytes result sent to driver
22/11/08 16:43:45 INFO TaskSetManager: Starting task 1.0 in stage 4.0 (TID 11) (exp-1-01.expanse.sdsc.edu, executor driver, partition 1, NODE_LOCAL, 4477 bytes) taskResourceAssignments Map()
22/11/08 16:43:45 INFO Executor: Running task 1.0 in stage 4.0 (TID 11)
22/11/08 16:43:45 INFO TaskSetManager: Finished task 1.0 in stage 5.0 (TID 9) in 153 ms on exp-1-01.expanse.sdsc.edu (executor driver) (2/2)
22/11/08 16:43:45 INFO TaskSchedulerImpl: Removed TaskSet 5.0, whose tasks have all completed, from pool 
22/11/08 16:43:45 INFO DAGScheduler: ShuffleMapStage 5 (flatMap at Graph.scala:25) finished in 0.166 s
22/11/08 16:43:45 INFO DAGScheduler: looking for newly runnable stages
22/11/08 16:43:45 INFO DAGScheduler: running: Set(ShuffleMapStage 4)
22/11/08 16:43:45 INFO DAGScheduler: waiting: Set(ShuffleMapStage 9, ShuffleMapStage 6, ShuffleMapStage 10, ShuffleMapStage 7, ResultStage 11, ShuffleMapStage 8)
22/11/08 16:43:45 INFO DAGScheduler: failed: Set()
22/11/08 16:43:45 INFO Executor: Finished task 0.0 in stage 4.0 (TID 10). 1476 bytes result sent to driver
22/11/08 16:43:45 INFO TaskSetManager: Finished task 0.0 in stage 4.0 (TID 10) in 70 ms on exp-1-01.expanse.sdsc.edu (executor driver) (1/2)
22/11/08 16:43:45 INFO ShuffleBlockFetcherIterator: Getting 2 (132.0 B) non-empty blocks including 2 (132.0 B) local and 0 (0.0 B) host-local and 0 (0.0 B) remote blocks
22/11/08 16:43:45 INFO ShuffleBlockFetcherIterator: Started 0 remote fetches in 1 ms
22/11/08 16:43:45 INFO ShuffleBlockFetcherIterator: Getting 1 (445.0 B) non-empty blocks including 1 (445.0 B) local and 0 (0.0 B) host-local and 0 (0.0 B) remote blocks
22/11/08 16:43:45 INFO ShuffleBlockFetcherIterator: Started 0 remote fetches in 1 ms
22/11/08 16:43:45 INFO BlockManagerInfo: Removed broadcast_2_piece0 on exp-1-01.expanse.sdsc.edu:36989 in memory (size: 4.0 KiB, free: 434.4 MiB)
22/11/08 16:43:45 INFO Executor: Finished task 1.0 in stage 4.0 (TID 11). 1476 bytes result sent to driver
22/11/08 16:43:45 INFO TaskSetManager: Finished task 1.0 in stage 4.0 (TID 11) in 76 ms on exp-1-01.expanse.sdsc.edu (executor driver) (2/2)
22/11/08 16:43:45 INFO TaskSchedulerImpl: Removed TaskSet 4.0, whose tasks have all completed, from pool 
22/11/08 16:43:45 INFO DAGScheduler: ShuffleMapStage 4 (map at Graph.scala:27) finished in 0.181 s
22/11/08 16:43:45 INFO DAGScheduler: looking for newly runnable stages
22/11/08 16:43:45 INFO DAGScheduler: running: Set()
22/11/08 16:43:45 INFO DAGScheduler: waiting: Set(ShuffleMapStage 9, ShuffleMapStage 6, ShuffleMapStage 10, ShuffleMapStage 7, ResultStage 11, ShuffleMapStage 8)
22/11/08 16:43:45 INFO DAGScheduler: failed: Set()
22/11/08 16:43:45 INFO DAGScheduler: Submitting ShuffleMapStage 6 (MapPartitionsRDD[26] at map at Graph.scala:27), which has no missing parents
22/11/08 16:43:45 INFO MemoryStore: Block broadcast_7 stored as values in memory (estimated size 6.7 KiB, free 434.2 MiB)
22/11/08 16:43:45 INFO MemoryStore: Block broadcast_7_piece0 stored as bytes in memory (estimated size 3.7 KiB, free 434.2 MiB)
22/11/08 16:43:45 INFO BlockManagerInfo: Added broadcast_7_piece0 in memory on exp-1-01.expanse.sdsc.edu:36989 (size: 3.7 KiB, free: 434.4 MiB)
22/11/08 16:43:45 INFO SparkContext: Created broadcast 7 from broadcast at DAGScheduler.scala:1388
22/11/08 16:43:45 INFO DAGScheduler: Submitting 2 missing tasks from ShuffleMapStage 6 (MapPartitionsRDD[26] at map at Graph.scala:27) (first 15 tasks are for partitions Vector(0, 1))
22/11/08 16:43:45 INFO TaskSchedulerImpl: Adding task set 6.0 with 2 tasks resource profile 0
22/11/08 16:43:45 INFO DAGScheduler: Submitting ShuffleMapStage 7 (MapPartitionsRDD[24] at flatMap at Graph.scala:25), which has no missing parents
22/11/08 16:43:45 INFO TaskSetManager: Starting task 0.0 in stage 6.0 (TID 12) (exp-1-01.expanse.sdsc.edu, executor driver, partition 0, NODE_LOCAL, 4477 bytes) taskResourceAssignments Map()
22/11/08 16:43:45 INFO TaskSetManager: Starting task 1.0 in stage 6.0 (TID 13) (exp-1-01.expanse.sdsc.edu, executor driver, partition 1, NODE_LOCAL, 4477 bytes) taskResourceAssignments Map()
22/11/08 16:43:45 INFO MemoryStore: Block broadcast_8 stored as values in memory (estimated size 6.7 KiB, free 434.1 MiB)
22/11/08 16:43:45 INFO Executor: Running task 0.0 in stage 6.0 (TID 12)
22/11/08 16:43:45 INFO ShuffleBlockFetcherIterator: Getting 2 (126.0 B) non-empty blocks including 2 (126.0 B) local and 0 (0.0 B) host-local and 0 (0.0 B) remote blocks
22/11/08 16:43:45 INFO ShuffleBlockFetcherIterator: Started 0 remote fetches in 1 ms
22/11/08 16:43:45 INFO Executor: Running task 1.0 in stage 6.0 (TID 13)
22/11/08 16:43:45 INFO MemoryStore: Block broadcast_8_piece0 stored as bytes in memory (estimated size 3.8 KiB, free 434.1 MiB)
22/11/08 16:43:45 INFO BlockManagerInfo: Added broadcast_8_piece0 in memory on exp-1-01.expanse.sdsc.edu:36989 (size: 3.8 KiB, free: 434.4 MiB)
22/11/08 16:43:46 INFO SparkContext: Created broadcast 8 from broadcast at DAGScheduler.scala:1388
22/11/08 16:43:46 INFO BlockManagerInfo: Removed broadcast_5_piece0 on exp-1-01.expanse.sdsc.edu:36989 in memory (size: 3.8 KiB, free: 434.4 MiB)
22/11/08 16:43:46 INFO ShuffleBlockFetcherIterator: Getting 1 (445.0 B) non-empty blocks including 1 (445.0 B) local and 0 (0.0 B) host-local and 0 (0.0 B) remote blocks
22/11/08 16:43:46 INFO ShuffleBlockFetcherIterator: Started 0 remote fetches in 1 ms
22/11/08 16:43:46 INFO DAGScheduler: Submitting 2 missing tasks from ShuffleMapStage 7 (MapPartitionsRDD[24] at flatMap at Graph.scala:25) (first 15 tasks are for partitions Vector(0, 1))
22/11/08 16:43:46 INFO TaskSchedulerImpl: Adding task set 7.0 with 2 tasks resource profile 0
22/11/08 16:43:46 INFO ShuffleBlockFetcherIterator: Getting 2 (132.0 B) non-empty blocks including 2 (132.0 B) local and 0 (0.0 B) host-local and 0 (0.0 B) remote blocks
22/11/08 16:43:46 INFO ShuffleBlockFetcherIterator: Started 0 remote fetches in 9 ms
22/11/08 16:43:46 INFO Executor: Finished task 0.0 in stage 6.0 (TID 12). 1519 bytes result sent to driver
22/11/08 16:43:46 INFO TaskSetManager: Starting task 0.0 in stage 7.0 (TID 14) (exp-1-01.expanse.sdsc.edu, executor driver, partition 0, NODE_LOCAL, 4477 bytes) taskResourceAssignments Map()
22/11/08 16:43:46 INFO TaskSetManager: Finished task 0.0 in stage 6.0 (TID 12) in 121 ms on exp-1-01.expanse.sdsc.edu (executor driver) (1/2)
22/11/08 16:43:46 INFO Executor: Running task 0.0 in stage 7.0 (TID 14)
22/11/08 16:43:46 INFO ShuffleBlockFetcherIterator: Getting 2 (126.0 B) non-empty blocks including 2 (126.0 B) local and 0 (0.0 B) host-local and 0 (0.0 B) remote blocks
22/11/08 16:43:46 INFO ShuffleBlockFetcherIterator: Started 0 remote fetches in 1 ms
22/11/08 16:43:46 INFO ShuffleBlockFetcherIterator: Getting 1 (445.0 B) non-empty blocks including 1 (445.0 B) local and 0 (0.0 B) host-local and 0 (0.0 B) remote blocks
22/11/08 16:43:46 INFO ShuffleBlockFetcherIterator: Started 0 remote fetches in 0 ms
22/11/08 16:43:46 INFO Executor: Finished task 1.0 in stage 6.0 (TID 13). 1519 bytes result sent to driver
22/11/08 16:43:46 INFO TaskSetManager: Starting task 1.0 in stage 7.0 (TID 15) (exp-1-01.expanse.sdsc.edu, executor driver, partition 1, NODE_LOCAL, 4477 bytes) taskResourceAssignments Map()
22/11/08 16:43:46 INFO TaskSetManager: Finished task 1.0 in stage 6.0 (TID 13) in 145 ms on exp-1-01.expanse.sdsc.edu (executor driver) (2/2)
22/11/08 16:43:46 INFO TaskSchedulerImpl: Removed TaskSet 6.0, whose tasks have all completed, from pool 
22/11/08 16:43:46 INFO Executor: Running task 1.0 in stage 7.0 (TID 15)
22/11/08 16:43:46 INFO DAGScheduler: ShuffleMapStage 6 (map at Graph.scala:27) finished in 0.167 s
22/11/08 16:43:46 INFO DAGScheduler: looking for newly runnable stages
22/11/08 16:43:46 INFO DAGScheduler: running: Set(ShuffleMapStage 7)
22/11/08 16:43:46 INFO DAGScheduler: waiting: Set(ShuffleMapStage 9, ShuffleMapStage 10, ResultStage 11, ShuffleMapStage 8)
22/11/08 16:43:46 INFO DAGScheduler: failed: Set()
22/11/08 16:43:46 INFO ShuffleBlockFetcherIterator: Getting 1 (445.0 B) non-empty blocks including 1 (445.0 B) local and 0 (0.0 B) host-local and 0 (0.0 B) remote blocks
22/11/08 16:43:46 INFO ShuffleBlockFetcherIterator: Started 0 remote fetches in 0 ms
22/11/08 16:43:46 INFO BlockManagerInfo: Removed broadcast_4_piece0 on exp-1-01.expanse.sdsc.edu:36989 in memory (size: 3.7 KiB, free: 434.4 MiB)
22/11/08 16:43:46 INFO ShuffleBlockFetcherIterator: Getting 2 (132.0 B) non-empty blocks including 2 (132.0 B) local and 0 (0.0 B) host-local and 0 (0.0 B) remote blocks
22/11/08 16:43:46 INFO ShuffleBlockFetcherIterator: Started 0 remote fetches in 0 ms
22/11/08 16:43:46 INFO ShuffleBlockFetcherIterator: Getting 1 (445.0 B) non-empty blocks including 1 (445.0 B) local and 0 (0.0 B) host-local and 0 (0.0 B) remote blocks
22/11/08 16:43:46 INFO ShuffleBlockFetcherIterator: Started 0 remote fetches in 5 ms
22/11/08 16:43:46 INFO Executor: Finished task 1.0 in stage 7.0 (TID 15). 1476 bytes result sent to driver
22/11/08 16:43:46 INFO TaskSetManager: Finished task 1.0 in stage 7.0 (TID 15) in 44 ms on exp-1-01.expanse.sdsc.edu (executor driver) (1/2)
22/11/08 16:43:46 INFO Executor: Finished task 0.0 in stage 7.0 (TID 14). 1476 bytes result sent to driver
22/11/08 16:43:46 INFO TaskSetManager: Finished task 0.0 in stage 7.0 (TID 14) in 78 ms on exp-1-01.expanse.sdsc.edu (executor driver) (2/2)
22/11/08 16:43:46 INFO TaskSchedulerImpl: Removed TaskSet 7.0, whose tasks have all completed, from pool 
22/11/08 16:43:46 INFO DAGScheduler: ShuffleMapStage 7 (flatMap at Graph.scala:25) finished in 0.198 s
22/11/08 16:43:46 INFO DAGScheduler: looking for newly runnable stages
22/11/08 16:43:46 INFO DAGScheduler: running: Set()
22/11/08 16:43:46 INFO DAGScheduler: waiting: Set(ShuffleMapStage 9, ShuffleMapStage 10, ResultStage 11, ShuffleMapStage 8)
22/11/08 16:43:46 INFO DAGScheduler: failed: Set()
22/11/08 16:43:46 INFO DAGScheduler: Submitting ShuffleMapStage 9 (MapPartitionsRDD[33] at map at Graph.scala:27), which has no missing parents
22/11/08 16:43:46 INFO MemoryStore: Block broadcast_9 stored as values in memory (estimated size 6.7 KiB, free 434.2 MiB)
22/11/08 16:43:46 INFO MemoryStore: Block broadcast_9_piece0 stored as bytes in memory (estimated size 3.7 KiB, free 434.2 MiB)
22/11/08 16:43:46 INFO BlockManagerInfo: Removed broadcast_3_piece0 on exp-1-01.expanse.sdsc.edu:36989 in memory (size: 3.8 KiB, free: 434.4 MiB)
22/11/08 16:43:46 INFO BlockManagerInfo: Added broadcast_9_piece0 in memory on exp-1-01.expanse.sdsc.edu:36989 (size: 3.7 KiB, free: 434.4 MiB)
22/11/08 16:43:46 INFO SparkContext: Created broadcast 9 from broadcast at DAGScheduler.scala:1388
22/11/08 16:43:46 INFO DAGScheduler: Submitting 2 missing tasks from ShuffleMapStage 9 (MapPartitionsRDD[33] at map at Graph.scala:27) (first 15 tasks are for partitions Vector(0, 1))
22/11/08 16:43:46 INFO TaskSchedulerImpl: Adding task set 9.0 with 2 tasks resource profile 0
22/11/08 16:43:46 INFO DAGScheduler: Submitting ShuffleMapStage 8 (MapPartitionsRDD[31] at flatMap at Graph.scala:25), which has no missing parents
22/11/08 16:43:46 INFO TaskSetManager: Starting task 0.0 in stage 9.0 (TID 16) (exp-1-01.expanse.sdsc.edu, executor driver, partition 0, NODE_LOCAL, 4477 bytes) taskResourceAssignments Map()
22/11/08 16:43:46 INFO TaskSetManager: Starting task 1.0 in stage 9.0 (TID 17) (exp-1-01.expanse.sdsc.edu, executor driver, partition 1, NODE_LOCAL, 4477 bytes) taskResourceAssignments Map()
22/11/08 16:43:46 INFO Executor: Running task 0.0 in stage 9.0 (TID 16)
22/11/08 16:43:46 INFO MemoryStore: Block broadcast_10 stored as values in memory (estimated size 6.7 KiB, free 434.1 MiB)
22/11/08 16:43:46 INFO MemoryStore: Block broadcast_10_piece0 stored as bytes in memory (estimated size 3.8 KiB, free 434.1 MiB)
22/11/08 16:43:46 INFO BlockManagerInfo: Added broadcast_10_piece0 in memory on exp-1-01.expanse.sdsc.edu:36989 (size: 3.8 KiB, free: 434.4 MiB)
22/11/08 16:43:46 INFO Executor: Running task 1.0 in stage 9.0 (TID 17)
22/11/08 16:43:46 INFO SparkContext: Created broadcast 10 from broadcast at DAGScheduler.scala:1388
22/11/08 16:43:46 INFO DAGScheduler: Submitting 2 missing tasks from ShuffleMapStage 8 (MapPartitionsRDD[31] at flatMap at Graph.scala:25) (first 15 tasks are for partitions Vector(0, 1))
22/11/08 16:43:46 INFO TaskSchedulerImpl: Adding task set 8.0 with 2 tasks resource profile 0
22/11/08 16:43:46 INFO ShuffleBlockFetcherIterator: Getting 2 (126.0 B) non-empty blocks including 2 (126.0 B) local and 0 (0.0 B) host-local and 0 (0.0 B) remote blocks
22/11/08 16:43:46 INFO ShuffleBlockFetcherIterator: Started 0 remote fetches in 11 ms
22/11/08 16:43:46 INFO ShuffleBlockFetcherIterator: Getting 2 (132.0 B) non-empty blocks including 2 (132.0 B) local and 0 (0.0 B) host-local and 0 (0.0 B) remote blocks
22/11/08 16:43:46 INFO ShuffleBlockFetcherIterator: Started 0 remote fetches in 1 ms
22/11/08 16:43:46 INFO ShuffleBlockFetcherIterator: Getting 1 (445.0 B) non-empty blocks including 1 (445.0 B) local and 0 (0.0 B) host-local and 0 (0.0 B) remote blocks
22/11/08 16:43:46 INFO ShuffleBlockFetcherIterator: Started 0 remote fetches in 6 ms
22/11/08 16:43:46 INFO Executor: Finished task 0.0 in stage 9.0 (TID 16). 1476 bytes result sent to driver
22/11/08 16:43:46 INFO TaskSetManager: Starting task 0.0 in stage 8.0 (TID 18) (exp-1-01.expanse.sdsc.edu, executor driver, partition 0, NODE_LOCAL, 4477 bytes) taskResourceAssignments Map()
22/11/08 16:43:46 INFO TaskSetManager: Finished task 0.0 in stage 9.0 (TID 16) in 61 ms on exp-1-01.expanse.sdsc.edu (executor driver) (1/2)
22/11/08 16:43:46 INFO Executor: Running task 0.0 in stage 8.0 (TID 18)
22/11/08 16:43:46 INFO ShuffleBlockFetcherIterator: Getting 2 (126.0 B) non-empty blocks including 2 (126.0 B) local and 0 (0.0 B) host-local and 0 (0.0 B) remote blocks
22/11/08 16:43:46 INFO ShuffleBlockFetcherIterator: Started 0 remote fetches in 1 ms
22/11/08 16:43:46 INFO ShuffleBlockFetcherIterator: Getting 1 (445.0 B) non-empty blocks including 1 (445.0 B) local and 0 (0.0 B) host-local and 0 (0.0 B) remote blocks
22/11/08 16:43:46 INFO ShuffleBlockFetcherIterator: Started 0 remote fetches in 0 ms
22/11/08 16:43:46 INFO Executor: Finished task 1.0 in stage 9.0 (TID 17). 1476 bytes result sent to driver
22/11/08 16:43:46 INFO TaskSetManager: Starting task 1.0 in stage 8.0 (TID 19) (exp-1-01.expanse.sdsc.edu, executor driver, partition 1, NODE_LOCAL, 4477 bytes) taskResourceAssignments Map()
22/11/08 16:43:46 INFO TaskSetManager: Finished task 1.0 in stage 9.0 (TID 17) in 115 ms on exp-1-01.expanse.sdsc.edu (executor driver) (2/2)
22/11/08 16:43:46 INFO TaskSchedulerImpl: Removed TaskSet 9.0, whose tasks have all completed, from pool 
22/11/08 16:43:46 INFO DAGScheduler: ShuffleMapStage 9 (map at Graph.scala:27) finished in 0.148 s
22/11/08 16:43:46 INFO DAGScheduler: looking for newly runnable stages
22/11/08 16:43:46 INFO DAGScheduler: running: Set(ShuffleMapStage 8)
22/11/08 16:43:46 INFO DAGScheduler: waiting: Set(ShuffleMapStage 10, ResultStage 11)
22/11/08 16:43:46 INFO DAGScheduler: failed: Set()
22/11/08 16:43:46 INFO ShuffleBlockFetcherIterator: Getting 1 (445.0 B) non-empty blocks including 1 (445.0 B) local and 0 (0.0 B) host-local and 0 (0.0 B) remote blocks
22/11/08 16:43:46 INFO ShuffleBlockFetcherIterator: Started 0 remote fetches in 0 ms
22/11/08 16:43:46 INFO Executor: Running task 1.0 in stage 8.0 (TID 19)
22/11/08 16:43:46 INFO Executor: Finished task 0.0 in stage 8.0 (TID 18). 1476 bytes result sent to driver
22/11/08 16:43:46 INFO ShuffleBlockFetcherIterator: Getting 2 (132.0 B) non-empty blocks including 2 (132.0 B) local and 0 (0.0 B) host-local and 0 (0.0 B) remote blocks
22/11/08 16:43:46 INFO ShuffleBlockFetcherIterator: Started 0 remote fetches in 1 ms
22/11/08 16:43:46 INFO TaskSetManager: Finished task 0.0 in stage 8.0 (TID 18) in 85 ms on exp-1-01.expanse.sdsc.edu (executor driver) (1/2)
22/11/08 16:43:46 INFO ShuffleBlockFetcherIterator: Getting 1 (445.0 B) non-empty blocks including 1 (445.0 B) local and 0 (0.0 B) host-local and 0 (0.0 B) remote blocks
22/11/08 16:43:46 INFO ShuffleBlockFetcherIterator: Started 0 remote fetches in 2 ms
22/11/08 16:43:46 INFO Executor: Finished task 1.0 in stage 8.0 (TID 19). 1476 bytes result sent to driver
22/11/08 16:43:46 INFO TaskSetManager: Finished task 1.0 in stage 8.0 (TID 19) in 55 ms on exp-1-01.expanse.sdsc.edu (executor driver) (2/2)
22/11/08 16:43:46 INFO TaskSchedulerImpl: Removed TaskSet 8.0, whose tasks have all completed, from pool 
22/11/08 16:43:46 INFO DAGScheduler: ShuffleMapStage 8 (flatMap at Graph.scala:25) finished in 0.166 s
22/11/08 16:43:46 INFO DAGScheduler: looking for newly runnable stages
22/11/08 16:43:46 INFO DAGScheduler: running: Set()
22/11/08 16:43:46 INFO DAGScheduler: waiting: Set(ShuffleMapStage 10, ResultStage 11)
22/11/08 16:43:46 INFO DAGScheduler: failed: Set()
22/11/08 16:43:46 INFO DAGScheduler: Submitting ShuffleMapStage 10 (MapPartitionsRDD[38] at map at Graph.scala:32), which has no missing parents
22/11/08 16:43:46 INFO MemoryStore: Block broadcast_11 stored as values in memory (estimated size 6.8 KiB, free 434.1 MiB)
22/11/08 16:43:46 INFO MemoryStore: Block broadcast_11_piece0 stored as bytes in memory (estimated size 3.8 KiB, free 434.1 MiB)
22/11/08 16:43:46 INFO BlockManagerInfo: Added broadcast_11_piece0 in memory on exp-1-01.expanse.sdsc.edu:36989 (size: 3.8 KiB, free: 434.4 MiB)
22/11/08 16:43:46 INFO SparkContext: Created broadcast 11 from broadcast at DAGScheduler.scala:1388
22/11/08 16:43:46 INFO DAGScheduler: Submitting 2 missing tasks from ShuffleMapStage 10 (MapPartitionsRDD[38] at map at Graph.scala:32) (first 15 tasks are for partitions Vector(0, 1))
22/11/08 16:43:46 INFO TaskSchedulerImpl: Adding task set 10.0 with 2 tasks resource profile 0
22/11/08 16:43:46 INFO TaskSetManager: Starting task 0.0 in stage 10.0 (TID 20) (exp-1-01.expanse.sdsc.edu, executor driver, partition 0, NODE_LOCAL, 4477 bytes) taskResourceAssignments Map()
22/11/08 16:43:46 INFO TaskSetManager: Starting task 1.0 in stage 10.0 (TID 21) (exp-1-01.expanse.sdsc.edu, executor driver, partition 1, NODE_LOCAL, 4477 bytes) taskResourceAssignments Map()
22/11/08 16:43:46 INFO Executor: Running task 1.0 in stage 10.0 (TID 21)
22/11/08 16:43:46 INFO Executor: Running task 0.0 in stage 10.0 (TID 20)
22/11/08 16:43:46 INFO ShuffleBlockFetcherIterator: Getting 2 (132.0 B) non-empty blocks including 2 (132.0 B) local and 0 (0.0 B) host-local and 0 (0.0 B) remote blocks
22/11/08 16:43:46 INFO ShuffleBlockFetcherIterator: Started 0 remote fetches in 1 ms
22/11/08 16:43:46 INFO ShuffleBlockFetcherIterator: Getting 1 (445.0 B) non-empty blocks including 1 (445.0 B) local and 0 (0.0 B) host-local and 0 (0.0 B) remote blocks
22/11/08 16:43:46 INFO ShuffleBlockFetcherIterator: Started 0 remote fetches in 2 ms
22/11/08 16:43:46 INFO ShuffleBlockFetcherIterator: Getting 2 (126.0 B) non-empty blocks including 2 (126.0 B) local and 0 (0.0 B) host-local and 0 (0.0 B) remote blocks
22/11/08 16:43:46 INFO ShuffleBlockFetcherIterator: Started 0 remote fetches in 0 ms
22/11/08 16:43:46 INFO Executor: Finished task 1.0 in stage 10.0 (TID 21). 1476 bytes result sent to driver
22/11/08 16:43:46 INFO TaskSetManager: Finished task 1.0 in stage 10.0 (TID 21) in 36 ms on exp-1-01.expanse.sdsc.edu (executor driver) (1/2)
22/11/08 16:43:46 INFO ShuffleBlockFetcherIterator: Getting 1 (445.0 B) non-empty blocks including 1 (445.0 B) local and 0 (0.0 B) host-local and 0 (0.0 B) remote blocks
22/11/08 16:43:46 INFO ShuffleBlockFetcherIterator: Started 0 remote fetches in 0 ms
22/11/08 16:43:46 INFO Executor: Finished task 0.0 in stage 10.0 (TID 20). 1476 bytes result sent to driver
22/11/08 16:43:46 INFO TaskSetManager: Finished task 0.0 in stage 10.0 (TID 20) in 66 ms on exp-1-01.expanse.sdsc.edu (executor driver) (2/2)
22/11/08 16:43:46 INFO TaskSchedulerImpl: Removed TaskSet 10.0, whose tasks have all completed, from pool 
22/11/08 16:43:46 INFO DAGScheduler: ShuffleMapStage 10 (map at Graph.scala:32) finished in 0.079 s
22/11/08 16:43:46 INFO DAGScheduler: looking for newly runnable stages
22/11/08 16:43:46 INFO DAGScheduler: running: Set()
22/11/08 16:43:46 INFO DAGScheduler: waiting: Set(ResultStage 11)
22/11/08 16:43:46 INFO DAGScheduler: failed: Set()
22/11/08 16:43:46 INFO DAGScheduler: Submitting ResultStage 11 (MapPartitionsRDD[42] at sortBy at Graph.scala:32), which has no missing parents
22/11/08 16:43:46 INFO MemoryStore: Block broadcast_12 stored as values in memory (estimated size 6.4 KiB, free 434.1 MiB)
22/11/08 16:43:46 INFO MemoryStore: Block broadcast_12_piece0 stored as bytes in memory (estimated size 3.4 KiB, free 434.1 MiB)
22/11/08 16:43:46 INFO BlockManagerInfo: Added broadcast_12_piece0 in memory on exp-1-01.expanse.sdsc.edu:36989 (size: 3.4 KiB, free: 434.3 MiB)
22/11/08 16:43:46 INFO SparkContext: Created broadcast 12 from broadcast at DAGScheduler.scala:1388
22/11/08 16:43:46 INFO DAGScheduler: Submitting 2 missing tasks from ResultStage 11 (MapPartitionsRDD[42] at sortBy at Graph.scala:32) (first 15 tasks are for partitions Vector(0, 1))
22/11/08 16:43:46 INFO TaskSchedulerImpl: Adding task set 11.0 with 2 tasks resource profile 0
22/11/08 16:43:46 INFO TaskSetManager: Starting task 0.0 in stage 11.0 (TID 22) (exp-1-01.expanse.sdsc.edu, executor driver, partition 0, NODE_LOCAL, 4271 bytes) taskResourceAssignments Map()
22/11/08 16:43:46 INFO TaskSetManager: Starting task 1.0 in stage 11.0 (TID 23) (exp-1-01.expanse.sdsc.edu, executor driver, partition 1, NODE_LOCAL, 4271 bytes) taskResourceAssignments Map()
22/11/08 16:43:46 INFO Executor: Running task 0.0 in stage 11.0 (TID 22)
22/11/08 16:43:46 INFO Executor: Running task 1.0 in stage 11.0 (TID 23)
22/11/08 16:43:46 INFO ShuffleBlockFetcherIterator: Getting 2 (98.0 B) non-empty blocks including 2 (98.0 B) local and 0 (0.0 B) host-local and 0 (0.0 B) remote blocks
22/11/08 16:43:46 INFO ShuffleBlockFetcherIterator: Started 0 remote fetches in 0 ms
22/11/08 16:43:46 INFO Executor: Finished task 1.0 in stage 11.0 (TID 23). 1500 bytes result sent to driver
22/11/08 16:43:46 INFO TaskSetManager: Finished task 1.0 in stage 11.0 (TID 23) in 43 ms on exp-1-01.expanse.sdsc.edu (executor driver) (1/2)
22/11/08 16:43:46 INFO ShuffleBlockFetcherIterator: Getting 2 (98.0 B) non-empty blocks including 2 (98.0 B) local and 0 (0.0 B) host-local and 0 (0.0 B) remote blocks
22/11/08 16:43:46 INFO ShuffleBlockFetcherIterator: Started 0 remote fetches in 0 ms
22/11/08 16:43:46 INFO Executor: Finished task 0.0 in stage 11.0 (TID 22). 1500 bytes result sent to driver
22/11/08 16:43:46 INFO TaskSetManager: Finished task 0.0 in stage 11.0 (TID 22) in 53 ms on exp-1-01.expanse.sdsc.edu (executor driver) (2/2)
22/11/08 16:43:46 INFO TaskSchedulerImpl: Removed TaskSet 11.0, whose tasks have all completed, from pool 
22/11/08 16:43:46 INFO DAGScheduler: ResultStage 11 (sortBy at Graph.scala:32) finished in 0.062 s
22/11/08 16:43:46 INFO DAGScheduler: Job 0 is finished. Cancelling potential speculative or zombie tasks for this job
22/11/08 16:43:46 INFO TaskSchedulerImpl: Killing all running tasks in stage 11: Stage finished
22/11/08 16:43:46 INFO DAGScheduler: Job 0 finished: sortBy at Graph.scala:32, took 2.252802 s
22/11/08 16:43:46 INFO SparkContext: Starting job: collect at Graph.scala:33
22/11/08 16:43:46 INFO DAGScheduler: Registering RDD 40 (sortBy at Graph.scala:32) as input to shuffle 11
22/11/08 16:43:46 INFO DAGScheduler: Got job 1 (collect at Graph.scala:33) with 2 output partitions
22/11/08 16:43:46 INFO DAGScheduler: Final stage: ResultStage 24 (collect at Graph.scala:33)
22/11/08 16:43:46 INFO DAGScheduler: Parents of final stage: List(ShuffleMapStage 23)
22/11/08 16:43:46 INFO DAGScheduler: Missing parents: List(ShuffleMapStage 23)
22/11/08 16:43:46 INFO DAGScheduler: Submitting ShuffleMapStage 23 (MapPartitionsRDD[40] at sortBy at Graph.scala:32), which has no missing parents
22/11/08 16:43:46 INFO MemoryStore: Block broadcast_13 stored as values in memory (estimated size 6.3 KiB, free 434.1 MiB)
22/11/08 16:43:46 INFO MemoryStore: Block broadcast_13_piece0 stored as bytes in memory (estimated size 3.6 KiB, free 434.1 MiB)
22/11/08 16:43:46 INFO BlockManagerInfo: Added broadcast_13_piece0 in memory on exp-1-01.expanse.sdsc.edu:36989 (size: 3.6 KiB, free: 434.3 MiB)
22/11/08 16:43:46 INFO SparkContext: Created broadcast 13 from broadcast at DAGScheduler.scala:1388
22/11/08 16:43:46 INFO DAGScheduler: Submitting 2 missing tasks from ShuffleMapStage 23 (MapPartitionsRDD[40] at sortBy at Graph.scala:32) (first 15 tasks are for partitions Vector(0, 1))
22/11/08 16:43:46 INFO TaskSchedulerImpl: Adding task set 23.0 with 2 tasks resource profile 0
22/11/08 16:43:46 INFO TaskSetManager: Starting task 0.0 in stage 23.0 (TID 24) (exp-1-01.expanse.sdsc.edu, executor driver, partition 0, NODE_LOCAL, 4260 bytes) taskResourceAssignments Map()
22/11/08 16:43:46 INFO TaskSetManager: Starting task 1.0 in stage 23.0 (TID 25) (exp-1-01.expanse.sdsc.edu, executor driver, partition 1, NODE_LOCAL, 4260 bytes) taskResourceAssignments Map()
22/11/08 16:43:46 INFO Executor: Running task 1.0 in stage 23.0 (TID 25)
22/11/08 16:43:46 INFO Executor: Running task 0.0 in stage 23.0 (TID 24)
22/11/08 16:43:46 INFO BlockManagerInfo: Removed broadcast_12_piece0 on exp-1-01.expanse.sdsc.edu:36989 in memory (size: 3.4 KiB, free: 434.3 MiB)
22/11/08 16:43:46 INFO ShuffleBlockFetcherIterator: Getting 2 (98.0 B) non-empty blocks including 2 (98.0 B) local and 0 (0.0 B) host-local and 0 (0.0 B) remote blocks
22/11/08 16:43:46 INFO ShuffleBlockFetcherIterator: Started 0 remote fetches in 1 ms
22/11/08 16:43:46 INFO ShuffleBlockFetcherIterator: Getting 2 (98.0 B) non-empty blocks including 2 (98.0 B) local and 0 (0.0 B) host-local and 0 (0.0 B) remote blocks
22/11/08 16:43:46 INFO ShuffleBlockFetcherIterator: Started 0 remote fetches in 1 ms
22/11/08 16:43:46 INFO Executor: Finished task 1.0 in stage 23.0 (TID 25). 1476 bytes result sent to driver
22/11/08 16:43:46 INFO Executor: Finished task 0.0 in stage 23.0 (TID 24). 1476 bytes result sent to driver
22/11/08 16:43:46 INFO TaskSetManager: Finished task 1.0 in stage 23.0 (TID 25) in 117 ms on exp-1-01.expanse.sdsc.edu (executor driver) (1/2)
22/11/08 16:43:46 INFO TaskSetManager: Finished task 0.0 in stage 23.0 (TID 24) in 122 ms on exp-1-01.expanse.sdsc.edu (executor driver) (2/2)
22/11/08 16:43:46 INFO TaskSchedulerImpl: Removed TaskSet 23.0, whose tasks have all completed, from pool 
22/11/08 16:43:46 INFO DAGScheduler: ShuffleMapStage 23 (sortBy at Graph.scala:32) finished in 0.187 s
22/11/08 16:43:46 INFO DAGScheduler: looking for newly runnable stages
22/11/08 16:43:46 INFO DAGScheduler: running: Set()
22/11/08 16:43:46 INFO DAGScheduler: waiting: Set(ResultStage 24)
22/11/08 16:43:46 INFO DAGScheduler: failed: Set()
22/11/08 16:43:46 INFO DAGScheduler: Submitting ResultStage 24 (MapPartitionsRDD[45] at map at Graph.scala:33), which has no missing parents
22/11/08 16:43:46 INFO MemoryStore: Block broadcast_14 stored as values in memory (estimated size 4.9 KiB, free 434.1 MiB)
22/11/08 16:43:46 INFO MemoryStore: Block broadcast_14_piece0 stored as bytes in memory (estimated size 2.7 KiB, free 434.1 MiB)
22/11/08 16:43:46 INFO BlockManagerInfo: Added broadcast_14_piece0 in memory on exp-1-01.expanse.sdsc.edu:36989 (size: 2.7 KiB, free: 434.3 MiB)
22/11/08 16:43:46 INFO SparkContext: Created broadcast 14 from broadcast at DAGScheduler.scala:1388
22/11/08 16:43:46 INFO DAGScheduler: Submitting 2 missing tasks from ResultStage 24 (MapPartitionsRDD[45] at map at Graph.scala:33) (first 15 tasks are for partitions Vector(0, 1))
22/11/08 16:43:46 INFO TaskSchedulerImpl: Adding task set 24.0 with 2 tasks resource profile 0
22/11/08 16:43:46 INFO TaskSetManager: Starting task 0.0 in stage 24.0 (TID 26) (exp-1-01.expanse.sdsc.edu, executor driver, partition 0, NODE_LOCAL, 4271 bytes) taskResourceAssignments Map()
22/11/08 16:43:46 INFO TaskSetManager: Starting task 1.0 in stage 24.0 (TID 27) (exp-1-01.expanse.sdsc.edu, executor driver, partition 1, NODE_LOCAL, 4271 bytes) taskResourceAssignments Map()
22/11/08 16:43:46 INFO Executor: Running task 0.0 in stage 24.0 (TID 26)
22/11/08 16:43:46 INFO Executor: Running task 1.0 in stage 24.0 (TID 27)
22/11/08 16:43:46 INFO ShuffleBlockFetcherIterator: Getting 1 (228.0 B) non-empty blocks including 1 (228.0 B) local and 0 (0.0 B) host-local and 0 (0.0 B) remote blocks
22/11/08 16:43:46 INFO ShuffleBlockFetcherIterator: Started 0 remote fetches in 0 ms
22/11/08 16:43:46 INFO ShuffleBlockFetcherIterator: Getting 1 (228.0 B) non-empty blocks including 1 (228.0 B) local and 0 (0.0 B) host-local and 0 (0.0 B) remote blocks
22/11/08 16:43:46 INFO ShuffleBlockFetcherIterator: Started 0 remote fetches in 1 ms
22/11/08 16:43:46 INFO Executor: Finished task 0.0 in stage 24.0 (TID 26). 1273 bytes result sent to driver
22/11/08 16:43:46 INFO TaskSetManager: Finished task 0.0 in stage 24.0 (TID 26) in 28 ms on exp-1-01.expanse.sdsc.edu (executor driver) (1/2)
22/11/08 16:43:46 INFO BlockManagerInfo: Removed broadcast_11_piece0 on exp-1-01.expanse.sdsc.edu:36989 in memory (size: 3.8 KiB, free: 434.3 MiB)
22/11/08 16:43:46 INFO Executor: Finished task 1.0 in stage 24.0 (TID 27). 1273 bytes result sent to driver
22/11/08 16:43:46 INFO TaskSetManager: Finished task 1.0 in stage 24.0 (TID 27) in 38 ms on exp-1-01.expanse.sdsc.edu (executor driver) (2/2)
22/11/08 16:43:46 INFO TaskSchedulerImpl: Removed TaskSet 24.0, whose tasks have all completed, from pool 
22/11/08 16:43:46 INFO DAGScheduler: ResultStage 24 (collect at Graph.scala:33) finished in 0.052 s
22/11/08 16:43:46 INFO DAGScheduler: Job 1 is finished. Cancelling potential speculative or zombie tasks for this job
22/11/08 16:43:46 INFO TaskSchedulerImpl: Killing all running tasks in stage 24: Stage finished
22/11/08 16:43:46 INFO DAGScheduler: Job 1 finished: collect at Graph.scala:33, took 0.278285 s
0	3
1	7
22/11/08 16:43:46 INFO SparkUI: Stopped Spark web UI at http://exp-1-01.expanse.sdsc.edu:4041
22/11/08 16:43:46 INFO MapOutputTrackerMasterEndpoint: MapOutputTrackerMasterEndpoint stopped!
22/11/08 16:43:46 INFO MemoryStore: MemoryStore cleared
22/11/08 16:43:46 INFO BlockManager: BlockManager stopped
22/11/08 16:43:46 INFO BlockManagerMaster: BlockManagerMaster stopped
22/11/08 16:43:46 INFO OutputCommitCoordinator$OutputCommitCoordinatorEndpoint: OutputCommitCoordinator stopped!
22/11/08 16:43:47 INFO SparkContext: Successfully stopped SparkContext
22/11/08 16:43:47 INFO ShutdownHookManager: Shutdown hook called
22/11/08 16:43:47 INFO ShutdownHookManager: Deleting directory /tmp/spark-8c8ade45-7287-411c-b751-b3dbdd795f06
22/11/08 16:43:47 INFO ShutdownHookManager: Deleting directory /tmp/spark-9f2a0726-fc41-4062-ad84-6e4d2f88eeda
