M-matrix-small.txt
2022-10-06 18:31:24,724 INFO impl.MetricsConfig: Loaded properties from hadoop-metrics2.properties
2022-10-06 18:31:24,787 INFO impl.MetricsSystemImpl: Scheduled Metric snapshot period at 10 second(s).
2022-10-06 18:31:24,787 INFO impl.MetricsSystemImpl: JobTracker metrics system started
2022-10-06 18:31:24,841 WARN mapreduce.JobResourceUploader: Hadoop command-line option parsing not performed. Implement the Tool interface and execute your application with ToolRunner to remedy this.
2022-10-06 18:31:24,951 INFO input.FileInputFormat: Total input files to process : 1
2022-10-06 18:31:24,979 INFO mapreduce.JobSubmitter: number of splits:1
2022-10-06 18:31:25,099 INFO mapreduce.JobSubmitter: Submitting tokens for job: job_local1555398557_0001
2022-10-06 18:31:25,099 INFO mapreduce.JobSubmitter: Executing with tokens: []
2022-10-06 18:31:25,185 INFO mapreduce.Job: The url to track the job: http://localhost:8080/
2022-10-06 18:31:25,189 INFO mapreduce.Job: Running job: job_local1555398557_0001
2022-10-06 18:31:25,194 INFO mapred.LocalJobRunner: OutputCommitter set in config null
2022-10-06 18:31:25,201 INFO output.FileOutputCommitter: File Output Committer Algorithm version is 2
2022-10-06 18:31:25,201 INFO output.FileOutputCommitter: FileOutputCommitter skip cleanup _temporary folders under output directory:false, ignore cleanup failures: false
2022-10-06 18:31:25,201 INFO mapred.LocalJobRunner: OutputCommitter is org.apache.hadoop.mapreduce.lib.output.FileOutputCommitter
2022-10-06 18:31:25,299 INFO mapred.LocalJobRunner: Waiting for map tasks
2022-10-06 18:31:25,300 INFO mapred.LocalJobRunner: Starting task: attempt_local1555398557_0001_m_000000_0
2022-10-06 18:31:25,316 INFO output.FileOutputCommitter: File Output Committer Algorithm version is 2
2022-10-06 18:31:25,316 INFO output.FileOutputCommitter: FileOutputCommitter skip cleanup _temporary folders under output directory:false, ignore cleanup failures: false
2022-10-06 18:31:25,336 INFO mapred.Task:  Using ResourceCalculatorProcessTree : [ ]
2022-10-06 18:31:25,338 INFO mapred.MapTask: Processing split: file:/home/rkonka/project2/M-matrix-small.txt:0+132
2022-10-06 18:31:25,357 INFO mapred.MapTask: (EQUATOR) 0 kvi 26214396(104857584)
2022-10-06 18:31:25,357 INFO mapred.MapTask: mapreduce.task.io.sort.mb: 100
2022-10-06 18:31:25,357 INFO mapred.MapTask: soft limit at 83886080
2022-10-06 18:31:25,357 INFO mapred.MapTask: bufstart = 0; bufvoid = 104857600
2022-10-06 18:31:25,357 INFO mapred.MapTask: kvstart = 26214396; length = 6553600
2022-10-06 18:31:25,360 INFO mapred.MapTask: Map output collector class = org.apache.hadoop.mapred.MapTask$MapOutputBuffer
2022-10-06 18:31:25,385 INFO mapred.LocalJobRunner: 
2022-10-06 18:31:25,385 INFO mapred.MapTask: Starting flush of map output
2022-10-06 18:31:25,385 INFO mapred.MapTask: Spilling map output
2022-10-06 18:31:25,385 INFO mapred.MapTask: bufstart = 0; bufend = 288; bufvoid = 104857600
2022-10-06 18:31:25,385 INFO mapred.MapTask: kvstart = 26214396(104857584); kvend = 26214352(104857408); length = 45/6553600
2022-10-06 18:31:25,389 INFO mapred.MapTask: Finished spill 0
2022-10-06 18:31:25,395 INFO mapred.Task: Task:attempt_local1555398557_0001_m_000000_0 is done. And is in the process of committing
2022-10-06 18:31:25,397 INFO mapred.LocalJobRunner: map
2022-10-06 18:31:25,397 INFO mapred.Task: Task 'attempt_local1555398557_0001_m_000000_0' done.
2022-10-06 18:31:25,401 INFO mapred.Task: Final Counters for attempt_local1555398557_0001_m_000000_0: Counters: 17
	File System Counters
		FILE: Number of bytes read=10793
		FILE: Number of bytes written=554736
		FILE: Number of read operations=0
		FILE: Number of large read operations=0
		FILE: Number of write operations=0
	Map-Reduce Framework
		Map input records=12
		Map output records=12
		Map output bytes=288
		Map output materialized bytes=318
		Input split bytes=239
		Combine input records=0
		Spilled Records=12
		Failed Shuffles=0
		Merged Map outputs=0
		GC time elapsed (ms)=0
		Total committed heap usage (bytes)=2147483648
	File Input Format Counters 
		Bytes Read=0
2022-10-06 18:31:25,401 INFO mapred.LocalJobRunner: Finishing task: attempt_local1555398557_0001_m_000000_0
2022-10-06 18:31:25,402 INFO mapred.LocalJobRunner: map task executor complete.
2022-10-06 18:31:25,404 INFO mapred.LocalJobRunner: Waiting for reduce tasks
2022-10-06 18:31:25,404 INFO mapred.LocalJobRunner: Starting task: attempt_local1555398557_0001_r_000000_0
2022-10-06 18:31:25,409 INFO output.FileOutputCommitter: File Output Committer Algorithm version is 2
2022-10-06 18:31:25,409 INFO output.FileOutputCommitter: FileOutputCommitter skip cleanup _temporary folders under output directory:false, ignore cleanup failures: false
2022-10-06 18:31:25,410 INFO mapred.Task:  Using ResourceCalculatorProcessTree : [ ]
2022-10-06 18:31:25,411 INFO mapred.ReduceTask: Using ShuffleConsumerPlugin: org.apache.hadoop.mapreduce.task.reduce.Shuffle@139e18e0
2022-10-06 18:31:25,412 WARN impl.MetricsSystemImpl: JobTracker metrics system already initialized!
2022-10-06 18:31:25,422 INFO reduce.MergeManagerImpl: The max number of bytes for a single in-memory shuffle cannot be larger than Integer.MAX_VALUE. Setting it to Integer.MAX_VALUE
2022-10-06 18:31:25,422 INFO reduce.MergeManagerImpl: MergerManager: memoryLimit=22525089792, maxSingleShuffleLimit=2147483647, mergeThreshold=14866560000, ioSortFactor=10, memToMemMergeOutputsThreshold=10
2022-10-06 18:31:25,424 INFO reduce.EventFetcher: attempt_local1555398557_0001_r_000000_0 Thread started: EventFetcher for fetching Map Completion Events
2022-10-06 18:31:25,445 INFO reduce.LocalFetcher: localfetcher#1 about to shuffle output of map attempt_local1555398557_0001_m_000000_0 decomp: 314 len: 318 to MEMORY
2022-10-06 18:31:25,447 INFO reduce.InMemoryMapOutput: Read 314 bytes from map-output for attempt_local1555398557_0001_m_000000_0
2022-10-06 18:31:25,448 INFO reduce.MergeManagerImpl: closeInMemoryFile -> map-output of size: 314, inMemoryMapOutputs.size() -> 1, commitMemory -> 0, usedMemory ->314
2022-10-06 18:31:25,450 INFO reduce.EventFetcher: EventFetcher is interrupted.. Returning
2022-10-06 18:31:25,451 INFO mapred.LocalJobRunner: 1 / 1 copied.
2022-10-06 18:31:25,451 INFO reduce.MergeManagerImpl: finalMerge called with 1 in-memory map-outputs and 0 on-disk map-outputs
2022-10-06 18:31:25,454 INFO mapred.Merger: Merging 1 sorted segments
2022-10-06 18:31:25,454 INFO mapred.Merger: Down to the last merge-pass, with 1 segments left of total size: 304 bytes
2022-10-06 18:31:25,455 INFO reduce.MergeManagerImpl: Merged 1 segments, 314 bytes to disk to satisfy reduce memory limit
2022-10-06 18:31:25,455 INFO reduce.MergeManagerImpl: Merging 1 files, 318 bytes from disk
2022-10-06 18:31:25,455 INFO reduce.MergeManagerImpl: Merging 0 segments, 0 bytes from memory into reduce
2022-10-06 18:31:25,455 INFO mapred.Merger: Merging 1 sorted segments
2022-10-06 18:31:25,456 INFO mapred.Merger: Down to the last merge-pass, with 1 segments left of total size: 304 bytes
2022-10-06 18:31:25,456 INFO mapred.LocalJobRunner: 1 / 1 copied.
2022-10-06 18:31:25,539 INFO Configuration.deprecation: mapred.skip.on is deprecated. Instead, use mapreduce.job.skiprecords
2022-10-06 18:31:25,558 INFO mapred.Task: Task:attempt_local1555398557_0001_r_000000_0 is done. And is in the process of committing
2022-10-06 18:31:25,559 INFO mapred.LocalJobRunner: 1 / 1 copied.
2022-10-06 18:31:25,559 INFO mapred.Task: Task attempt_local1555398557_0001_r_000000_0 is allowed to commit now
2022-10-06 18:31:25,569 INFO output.FileOutputCommitter: Saved output of task 'attempt_local1555398557_0001_r_000000_0' to file:/home/rkonka/project2/left_tmp
2022-10-06 18:31:25,569 INFO mapred.LocalJobRunner: reduce > reduce
2022-10-06 18:31:25,569 INFO mapred.Task: Task 'attempt_local1555398557_0001_r_000000_0' done.
2022-10-06 18:31:25,570 INFO mapred.Task: Final Counters for attempt_local1555398557_0001_r_000000_0: Counters: 24
	File System Counters
		FILE: Number of bytes read=11461
		FILE: Number of bytes written=635743
		FILE: Number of read operations=0
		FILE: Number of large read operations=0
		FILE: Number of write operations=0
	Map-Reduce Framework
		Combine input records=0
		Combine output records=0
		Reduce input groups=1
		Reduce shuffle bytes=318
		Reduce input records=12
		Reduce output records=1
		Spilled Records=12
		Shuffled Maps =1
		Failed Shuffles=0
		Merged Map outputs=1
		GC time elapsed (ms)=0
		Total committed heap usage (bytes)=2147483648
	Shuffle Errors
		BAD_ID=0
		CONNECTION=0
		IO_ERROR=0
		WRONG_LENGTH=0
		WRONG_MAP=0
		WRONG_REDUCE=0
	File Output Format Counters 
		Bytes Written=80689
2022-10-06 18:31:25,570 INFO mapred.LocalJobRunner: Finishing task: attempt_local1555398557_0001_r_000000_0
2022-10-06 18:31:25,570 INFO mapred.LocalJobRunner: reduce task executor complete.
2022-10-06 18:31:26,198 INFO mapreduce.Job: Job job_local1555398557_0001 running in uber mode : false
2022-10-06 18:31:26,199 INFO mapreduce.Job:  map 100% reduce 100%
2022-10-06 18:31:26,199 INFO mapreduce.Job: Job job_local1555398557_0001 completed successfully
2022-10-06 18:31:26,205 INFO mapreduce.Job: Counters: 30
	File System Counters
		FILE: Number of bytes read=22254
		FILE: Number of bytes written=1190479
		FILE: Number of read operations=0
		FILE: Number of large read operations=0
		FILE: Number of write operations=0
	Map-Reduce Framework
		Map input records=12
		Map output records=12
		Map output bytes=288
		Map output materialized bytes=318
		Input split bytes=239
		Combine input records=0
		Combine output records=0
		Reduce input groups=1
		Reduce shuffle bytes=318
		Reduce input records=12
		Reduce output records=1
		Spilled Records=24
		Shuffled Maps =1
		Failed Shuffles=0
		Merged Map outputs=1
		GC time elapsed (ms)=0
		Total committed heap usage (bytes)=4294967296
	Shuffle Errors
		BAD_ID=0
		CONNECTION=0
		IO_ERROR=0
		WRONG_LENGTH=0
		WRONG_MAP=0
		WRONG_REDUCE=0
	File Input Format Counters 
		Bytes Read=0
	File Output Format Counters 
		Bytes Written=80689
2022-10-06 18:31:26,219 WARN impl.MetricsSystemImpl: JobTracker metrics system already initialized!
2022-10-06 18:31:26,220 WARN mapreduce.JobResourceUploader: Hadoop command-line option parsing not performed. Implement the Tool interface and execute your application with ToolRunner to remedy this.
2022-10-06 18:31:26,224 INFO input.FileInputFormat: Total input files to process : 1
2022-10-06 18:31:26,225 INFO mapreduce.JobSubmitter: number of splits:1
2022-10-06 18:31:26,234 INFO mapreduce.JobSubmitter: Submitting tokens for job: job_local1059800054_0002
2022-10-06 18:31:26,234 INFO mapreduce.JobSubmitter: Executing with tokens: []
2022-10-06 18:31:26,322 INFO mapreduce.Job: The url to track the job: http://localhost:8080/
2022-10-06 18:31:26,322 INFO mapreduce.Job: Running job: job_local1059800054_0002
2022-10-06 18:31:26,322 INFO mapred.LocalJobRunner: OutputCommitter set in config null
2022-10-06 18:31:26,323 INFO output.FileOutputCommitter: File Output Committer Algorithm version is 2
2022-10-06 18:31:26,323 INFO output.FileOutputCommitter: FileOutputCommitter skip cleanup _temporary folders under output directory:false, ignore cleanup failures: false
2022-10-06 18:31:26,323 INFO mapred.LocalJobRunner: OutputCommitter is org.apache.hadoop.mapreduce.lib.output.FileOutputCommitter
2022-10-06 18:31:26,386 INFO mapred.LocalJobRunner: Waiting for map tasks
2022-10-06 18:31:26,386 INFO mapred.LocalJobRunner: Starting task: attempt_local1059800054_0002_m_000000_0
2022-10-06 18:31:26,387 INFO output.FileOutputCommitter: File Output Committer Algorithm version is 2
2022-10-06 18:31:26,387 INFO output.FileOutputCommitter: FileOutputCommitter skip cleanup _temporary folders under output directory:false, ignore cleanup failures: false
2022-10-06 18:31:26,388 INFO mapred.Task:  Using ResourceCalculatorProcessTree : [ ]
2022-10-06 18:31:26,389 INFO mapred.MapTask: Processing split: file:/home/rkonka/project2/N-matrix-small.txt:0+129
2022-10-06 18:31:26,396 INFO mapred.MapTask: (EQUATOR) 0 kvi 26214396(104857584)
2022-10-06 18:31:26,396 INFO mapred.MapTask: mapreduce.task.io.sort.mb: 100
2022-10-06 18:31:26,396 INFO mapred.MapTask: soft limit at 83886080
2022-10-06 18:31:26,396 INFO mapred.MapTask: bufstart = 0; bufvoid = 104857600
2022-10-06 18:31:26,396 INFO mapred.MapTask: kvstart = 26214396; length = 6553600
2022-10-06 18:31:26,397 INFO mapred.MapTask: Map output collector class = org.apache.hadoop.mapred.MapTask$MapOutputBuffer
2022-10-06 18:31:26,407 INFO mapred.LocalJobRunner: 
2022-10-06 18:31:26,407 INFO mapred.MapTask: Starting flush of map output
2022-10-06 18:31:26,407 INFO mapred.MapTask: Spilling map output
2022-10-06 18:31:26,407 INFO mapred.MapTask: bufstart = 0; bufend = 288; bufvoid = 104857600
2022-10-06 18:31:26,407 INFO mapred.MapTask: kvstart = 26214396(104857584); kvend = 26214352(104857408); length = 45/6553600
2022-10-06 18:31:26,408 INFO mapred.MapTask: Finished spill 0
2022-10-06 18:31:26,409 INFO mapred.Task: Task:attempt_local1059800054_0002_m_000000_0 is done. And is in the process of committing
2022-10-06 18:31:26,410 INFO mapred.LocalJobRunner: map
2022-10-06 18:31:26,410 INFO mapred.Task: Task 'attempt_local1059800054_0002_m_000000_0' done.
2022-10-06 18:31:26,410 INFO mapred.Task: Final Counters for attempt_local1059800054_0002_m_000000_0: Counters: 17
	File System Counters
		FILE: Number of bytes read=22252
		FILE: Number of bytes written=1190498
		FILE: Number of read operations=0
		FILE: Number of large read operations=0
		FILE: Number of write operations=0
	Map-Reduce Framework
		Map input records=12
		Map output records=12
		Map output bytes=288
		Map output materialized bytes=318
		Input split bytes=240
		Combine input records=0
		Spilled Records=12
		Failed Shuffles=0
		Merged Map outputs=0
		GC time elapsed (ms)=0
		Total committed heap usage (bytes)=2147483648
	File Input Format Counters 
		Bytes Read=0
2022-10-06 18:31:26,410 INFO mapred.LocalJobRunner: Finishing task: attempt_local1059800054_0002_m_000000_0
2022-10-06 18:31:26,410 INFO mapred.LocalJobRunner: map task executor complete.
2022-10-06 18:31:26,411 INFO mapred.LocalJobRunner: Waiting for reduce tasks
2022-10-06 18:31:26,411 INFO mapred.LocalJobRunner: Starting task: attempt_local1059800054_0002_r_000000_0
2022-10-06 18:31:26,412 INFO output.FileOutputCommitter: File Output Committer Algorithm version is 2
2022-10-06 18:31:26,412 INFO output.FileOutputCommitter: FileOutputCommitter skip cleanup _temporary folders under output directory:false, ignore cleanup failures: false
2022-10-06 18:31:26,413 INFO mapred.Task:  Using ResourceCalculatorProcessTree : [ ]
2022-10-06 18:31:26,413 INFO mapred.ReduceTask: Using ShuffleConsumerPlugin: org.apache.hadoop.mapreduce.task.reduce.Shuffle@50a8ed37
2022-10-06 18:31:26,413 WARN impl.MetricsSystemImpl: JobTracker metrics system already initialized!
2022-10-06 18:31:26,414 INFO reduce.MergeManagerImpl: The max number of bytes for a single in-memory shuffle cannot be larger than Integer.MAX_VALUE. Setting it to Integer.MAX_VALUE
2022-10-06 18:31:26,414 INFO reduce.MergeManagerImpl: MergerManager: memoryLimit=22525089792, maxSingleShuffleLimit=2147483647, mergeThreshold=14866560000, ioSortFactor=10, memToMemMergeOutputsThreshold=10
2022-10-06 18:31:26,414 INFO reduce.EventFetcher: attempt_local1059800054_0002_r_000000_0 Thread started: EventFetcher for fetching Map Completion Events
2022-10-06 18:31:26,416 INFO reduce.LocalFetcher: localfetcher#2 about to shuffle output of map attempt_local1059800054_0002_m_000000_0 decomp: 314 len: 318 to MEMORY
2022-10-06 18:31:26,416 INFO reduce.InMemoryMapOutput: Read 314 bytes from map-output for attempt_local1059800054_0002_m_000000_0
2022-10-06 18:31:26,416 INFO reduce.MergeManagerImpl: closeInMemoryFile -> map-output of size: 314, inMemoryMapOutputs.size() -> 1, commitMemory -> 0, usedMemory ->314
2022-10-06 18:31:26,417 INFO reduce.EventFetcher: EventFetcher is interrupted.. Returning
2022-10-06 18:31:26,417 INFO mapred.LocalJobRunner: 1 / 1 copied.
2022-10-06 18:31:26,417 INFO reduce.MergeManagerImpl: finalMerge called with 1 in-memory map-outputs and 0 on-disk map-outputs
2022-10-06 18:31:26,418 INFO mapred.Merger: Merging 1 sorted segments
2022-10-06 18:31:26,418 INFO mapred.Merger: Down to the last merge-pass, with 1 segments left of total size: 304 bytes
2022-10-06 18:31:26,419 INFO reduce.MergeManagerImpl: Merged 1 segments, 314 bytes to disk to satisfy reduce memory limit
2022-10-06 18:31:26,420 INFO reduce.MergeManagerImpl: Merging 1 files, 318 bytes from disk
2022-10-06 18:31:26,420 INFO reduce.MergeManagerImpl: Merging 0 segments, 0 bytes from memory into reduce
2022-10-06 18:31:26,420 INFO mapred.Merger: Merging 1 sorted segments
2022-10-06 18:31:26,420 INFO mapred.Merger: Down to the last merge-pass, with 1 segments left of total size: 304 bytes
2022-10-06 18:31:26,420 INFO mapred.LocalJobRunner: 1 / 1 copied.
2022-10-06 18:31:26,487 INFO mapred.Task: Task:attempt_local1059800054_0002_r_000000_0 is done. And is in the process of committing
2022-10-06 18:31:26,488 INFO mapred.LocalJobRunner: 1 / 1 copied.
2022-10-06 18:31:26,488 INFO mapred.Task: Task attempt_local1059800054_0002_r_000000_0 is allowed to commit now
2022-10-06 18:31:26,527 INFO output.FileOutputCommitter: Saved output of task 'attempt_local1059800054_0002_r_000000_0' to file:/home/rkonka/project2/right_tmp
2022-10-06 18:31:26,528 INFO mapred.LocalJobRunner: reduce > reduce
2022-10-06 18:31:26,528 INFO mapred.Task: Task 'attempt_local1059800054_0002_r_000000_0' done.
2022-10-06 18:31:26,528 INFO mapred.Task: Final Counters for attempt_local1059800054_0002_r_000000_0: Counters: 24
	File System Counters
		FILE: Number of bytes read=22920
		FILE: Number of bytes written=1271505
		FILE: Number of read operations=0
		FILE: Number of large read operations=0
		FILE: Number of write operations=0
	Map-Reduce Framework
		Combine input records=0
		Combine output records=0
		Reduce input groups=1
		Reduce shuffle bytes=318
		Reduce input records=12
		Reduce output records=1
		Spilled Records=12
		Shuffled Maps =1
		Failed Shuffles=0
		Merged Map outputs=1
		GC time elapsed (ms)=0
		Total committed heap usage (bytes)=2147483648
	Shuffle Errors
		BAD_ID=0
		CONNECTION=0
		IO_ERROR=0
		WRONG_LENGTH=0
		WRONG_MAP=0
		WRONG_REDUCE=0
	File Output Format Counters 
		Bytes Written=80689
2022-10-06 18:31:26,528 INFO mapred.LocalJobRunner: Finishing task: attempt_local1059800054_0002_r_000000_0
2022-10-06 18:31:26,528 INFO mapred.LocalJobRunner: reduce task executor complete.
2022-10-06 18:31:27,323 INFO mapreduce.Job: Job job_local1059800054_0002 running in uber mode : false
2022-10-06 18:31:27,323 INFO mapreduce.Job:  map 100% reduce 100%
2022-10-06 18:31:27,323 INFO mapreduce.Job: Job job_local1059800054_0002 completed successfully
2022-10-06 18:31:27,326 INFO mapreduce.Job: Counters: 30
	File System Counters
		FILE: Number of bytes read=45172
		FILE: Number of bytes written=2462003
		FILE: Number of read operations=0
		FILE: Number of large read operations=0
		FILE: Number of write operations=0
	Map-Reduce Framework
		Map input records=12
		Map output records=12
		Map output bytes=288
		Map output materialized bytes=318
		Input split bytes=240
		Combine input records=0
		Combine output records=0
		Reduce input groups=1
		Reduce shuffle bytes=318
		Reduce input records=12
		Reduce output records=1
		Spilled Records=24
		Shuffled Maps =1
		Failed Shuffles=0
		Merged Map outputs=1
		GC time elapsed (ms)=0
		Total committed heap usage (bytes)=4294967296
	Shuffle Errors
		BAD_ID=0
		CONNECTION=0
		IO_ERROR=0
		WRONG_LENGTH=0
		WRONG_MAP=0
		WRONG_REDUCE=0
	File Input Format Counters 
		Bytes Read=0
	File Output Format Counters 
		Bytes Written=80689
2022-10-06 18:31:27,331 WARN impl.MetricsSystemImpl: JobTracker metrics system already initialized!
2022-10-06 18:31:27,333 WARN mapreduce.JobResourceUploader: Hadoop command-line option parsing not performed. Implement the Tool interface and execute your application with ToolRunner to remedy this.
2022-10-06 18:31:27,340 INFO input.FileInputFormat: Total input files to process : 2
2022-10-06 18:31:27,341 INFO mapreduce.JobSubmitter: number of splits:2
2022-10-06 18:31:27,356 INFO mapreduce.JobSubmitter: Submitting tokens for job: job_local2050862628_0003
2022-10-06 18:31:27,356 INFO mapreduce.JobSubmitter: Executing with tokens: []
2022-10-06 18:31:27,400 INFO mapreduce.Job: The url to track the job: http://localhost:8080/
2022-10-06 18:31:27,400 INFO mapreduce.Job: Running job: job_local2050862628_0003
2022-10-06 18:31:27,400 INFO mapred.LocalJobRunner: OutputCommitter set in config null
2022-10-06 18:31:27,400 INFO output.FileOutputCommitter: File Output Committer Algorithm version is 2
2022-10-06 18:31:27,400 INFO output.FileOutputCommitter: FileOutputCommitter skip cleanup _temporary folders under output directory:false, ignore cleanup failures: false
2022-10-06 18:31:27,401 INFO mapred.LocalJobRunner: OutputCommitter is org.apache.hadoop.mapreduce.lib.output.FileOutputCommitter
2022-10-06 18:31:27,455 INFO mapred.LocalJobRunner: Waiting for map tasks
2022-10-06 18:31:27,455 INFO mapred.LocalJobRunner: Starting task: attempt_local2050862628_0003_m_000000_0
2022-10-06 18:31:27,456 INFO output.FileOutputCommitter: File Output Committer Algorithm version is 2
2022-10-06 18:31:27,456 INFO output.FileOutputCommitter: FileOutputCommitter skip cleanup _temporary folders under output directory:false, ignore cleanup failures: false
2022-10-06 18:31:27,456 INFO mapred.Task:  Using ResourceCalculatorProcessTree : [ ]
2022-10-06 18:31:27,457 INFO mapred.MapTask: Processing split: file:/home/rkonka/project2/left_tmp/part-r-00000:0+80053
2022-10-06 18:31:27,468 INFO mapred.MapTask: (EQUATOR) 0 kvi 26214396(104857584)
2022-10-06 18:31:27,468 INFO mapred.MapTask: mapreduce.task.io.sort.mb: 100
2022-10-06 18:31:27,468 INFO mapred.MapTask: soft limit at 83886080
2022-10-06 18:31:27,468 INFO mapred.MapTask: bufstart = 0; bufvoid = 104857600
2022-10-06 18:31:27,468 INFO mapred.MapTask: kvstart = 26214396; length = 6553600
2022-10-06 18:31:27,469 INFO mapred.MapTask: Map output collector class = org.apache.hadoop.mapred.MapTask$MapOutputBuffer
2022-10-06 18:31:27,477 INFO mapred.LocalJobRunner: 
2022-10-06 18:31:27,477 INFO mapred.MapTask: Starting flush of map output
2022-10-06 18:31:27,477 INFO mapred.MapTask: Spilling map output
2022-10-06 18:31:27,477 INFO mapred.MapTask: bufstart = 0; bufend = 80008; bufvoid = 104857600
2022-10-06 18:31:27,477 INFO mapred.MapTask: kvstart = 26214396(104857584); kvend = 26214396(104857584); length = 1/6553600
2022-10-06 18:31:27,478 INFO mapred.MapTask: Finished spill 0
2022-10-06 18:31:27,479 INFO mapred.Task: Task:attempt_local2050862628_0003_m_000000_0 is done. And is in the process of committing
2022-10-06 18:31:27,480 INFO mapred.LocalJobRunner: map
2022-10-06 18:31:27,480 INFO mapred.Task: Task 'attempt_local2050862628_0003_m_000000_0' done.
2022-10-06 18:31:27,480 INFO mapred.Task: Final Counters for attempt_local2050862628_0003_m_000000_0: Counters: 17
	File System Counters
		FILE: Number of bytes read=114276
		FILE: Number of bytes written=1906260
		FILE: Number of read operations=0
		FILE: Number of large read operations=0
		FILE: Number of write operations=0
	Map-Reduce Framework
		Map input records=1
		Map output records=1
		Map output bytes=80008
		Map output materialized bytes=80019
		Input split bytes=113
		Combine input records=0
		Spilled Records=1
		Failed Shuffles=0
		Merged Map outputs=0
		GC time elapsed (ms)=0
		Total committed heap usage (bytes)=2147483648
	File Input Format Counters 
		Bytes Read=80689
2022-10-06 18:31:27,480 INFO mapred.LocalJobRunner: Finishing task: attempt_local2050862628_0003_m_000000_0
2022-10-06 18:31:27,480 INFO mapred.LocalJobRunner: Starting task: attempt_local2050862628_0003_m_000001_0
2022-10-06 18:31:27,481 INFO output.FileOutputCommitter: File Output Committer Algorithm version is 2
2022-10-06 18:31:27,481 INFO output.FileOutputCommitter: FileOutputCommitter skip cleanup _temporary folders under output directory:false, ignore cleanup failures: false
2022-10-06 18:31:27,482 INFO mapred.Task:  Using ResourceCalculatorProcessTree : [ ]
2022-10-06 18:31:27,482 INFO mapred.MapTask: Processing split: file:/home/rkonka/project2/right_tmp/part-r-00000:0+80053
2022-10-06 18:31:27,493 INFO mapred.MapTask: (EQUATOR) 0 kvi 26214396(104857584)
2022-10-06 18:31:27,493 INFO mapred.MapTask: mapreduce.task.io.sort.mb: 100
2022-10-06 18:31:27,493 INFO mapred.MapTask: soft limit at 83886080
2022-10-06 18:31:27,493 INFO mapred.MapTask: bufstart = 0; bufvoid = 104857600
2022-10-06 18:31:27,493 INFO mapred.MapTask: kvstart = 26214396; length = 6553600
2022-10-06 18:31:27,494 INFO mapred.MapTask: Map output collector class = org.apache.hadoop.mapred.MapTask$MapOutputBuffer
2022-10-06 18:31:27,497 INFO mapred.LocalJobRunner: 
2022-10-06 18:31:27,497 INFO mapred.MapTask: Starting flush of map output
2022-10-06 18:31:27,497 INFO mapred.MapTask: Spilling map output
2022-10-06 18:31:27,497 INFO mapred.MapTask: bufstart = 0; bufend = 80008; bufvoid = 104857600
2022-10-06 18:31:27,497 INFO mapred.MapTask: kvstart = 26214396(104857584); kvend = 26214396(104857584); length = 1/6553600
2022-10-06 18:31:27,498 INFO mapred.MapTask: Finished spill 0
2022-10-06 18:31:27,499 INFO mapred.Task: Task:attempt_local2050862628_0003_m_000001_0 is done. And is in the process of committing
2022-10-06 18:31:27,500 INFO mapred.LocalJobRunner: map
2022-10-06 18:31:27,500 INFO mapred.Task: Task 'attempt_local2050862628_0003_m_000001_0' done.
2022-10-06 18:31:27,500 INFO mapred.Task: Final Counters for attempt_local2050862628_0003_m_000001_0: Counters: 17
	File System Counters
		FILE: Number of bytes read=195211
		FILE: Number of bytes written=1986311
		FILE: Number of read operations=0
		FILE: Number of large read operations=0
		FILE: Number of write operations=0
	Map-Reduce Framework
		Map input records=1
		Map output records=1
		Map output bytes=80008
		Map output materialized bytes=80019
		Input split bytes=114
		Combine input records=0
		Spilled Records=1
		Failed Shuffles=0
		Merged Map outputs=0
		GC time elapsed (ms)=0
		Total committed heap usage (bytes)=2147483648
	File Input Format Counters 
		Bytes Read=80689
2022-10-06 18:31:27,500 INFO mapred.LocalJobRunner: Finishing task: attempt_local2050862628_0003_m_000001_0
2022-10-06 18:31:27,500 INFO mapred.LocalJobRunner: map task executor complete.
2022-10-06 18:31:27,501 INFO mapred.LocalJobRunner: Waiting for reduce tasks
2022-10-06 18:31:27,501 INFO mapred.LocalJobRunner: Starting task: attempt_local2050862628_0003_r_000000_0
2022-10-06 18:31:27,502 INFO output.FileOutputCommitter: File Output Committer Algorithm version is 2
2022-10-06 18:31:27,502 INFO output.FileOutputCommitter: FileOutputCommitter skip cleanup _temporary folders under output directory:false, ignore cleanup failures: false
2022-10-06 18:31:27,502 INFO mapred.Task:  Using ResourceCalculatorProcessTree : [ ]
2022-10-06 18:31:27,502 INFO mapred.ReduceTask: Using ShuffleConsumerPlugin: org.apache.hadoop.mapreduce.task.reduce.Shuffle@5a8ecfa3
2022-10-06 18:31:27,502 WARN impl.MetricsSystemImpl: JobTracker metrics system already initialized!
2022-10-06 18:31:27,503 INFO reduce.MergeManagerImpl: The max number of bytes for a single in-memory shuffle cannot be larger than Integer.MAX_VALUE. Setting it to Integer.MAX_VALUE
2022-10-06 18:31:27,503 INFO reduce.MergeManagerImpl: MergerManager: memoryLimit=22525089792, maxSingleShuffleLimit=2147483647, mergeThreshold=14866560000, ioSortFactor=10, memToMemMergeOutputsThreshold=10
2022-10-06 18:31:27,504 INFO reduce.EventFetcher: attempt_local2050862628_0003_r_000000_0 Thread started: EventFetcher for fetching Map Completion Events
2022-10-06 18:31:27,505 INFO reduce.LocalFetcher: localfetcher#3 about to shuffle output of map attempt_local2050862628_0003_m_000001_0 decomp: 80015 len: 80019 to MEMORY
2022-10-06 18:31:27,505 INFO reduce.InMemoryMapOutput: Read 80015 bytes from map-output for attempt_local2050862628_0003_m_000001_0
2022-10-06 18:31:27,505 INFO reduce.MergeManagerImpl: closeInMemoryFile -> map-output of size: 80015, inMemoryMapOutputs.size() -> 1, commitMemory -> 0, usedMemory ->80015
2022-10-06 18:31:27,506 INFO reduce.LocalFetcher: localfetcher#3 about to shuffle output of map attempt_local2050862628_0003_m_000000_0 decomp: 80015 len: 80019 to MEMORY
2022-10-06 18:31:27,506 INFO reduce.InMemoryMapOutput: Read 80015 bytes from map-output for attempt_local2050862628_0003_m_000000_0
2022-10-06 18:31:27,506 INFO reduce.MergeManagerImpl: closeInMemoryFile -> map-output of size: 80015, inMemoryMapOutputs.size() -> 2, commitMemory -> 80015, usedMemory ->160030
2022-10-06 18:31:27,506 INFO reduce.EventFetcher: EventFetcher is interrupted.. Returning
2022-10-06 18:31:27,507 INFO mapred.LocalJobRunner: 2 / 2 copied.
2022-10-06 18:31:27,507 INFO reduce.MergeManagerImpl: finalMerge called with 2 in-memory map-outputs and 0 on-disk map-outputs
2022-10-06 18:31:27,507 INFO mapred.Merger: Merging 2 sorted segments
2022-10-06 18:31:27,508 INFO mapred.Merger: Down to the last merge-pass, with 2 segments left of total size: 160004 bytes
2022-10-06 18:31:27,508 INFO reduce.MergeManagerImpl: Merged 2 segments, 160030 bytes to disk to satisfy reduce memory limit
2022-10-06 18:31:27,508 INFO reduce.MergeManagerImpl: Merging 1 files, 160032 bytes from disk
2022-10-06 18:31:27,508 INFO reduce.MergeManagerImpl: Merging 0 segments, 0 bytes from memory into reduce
2022-10-06 18:31:27,508 INFO mapred.Merger: Merging 1 sorted segments
2022-10-06 18:31:27,509 INFO mapred.Merger: Down to the last merge-pass, with 1 segments left of total size: 160015 bytes
2022-10-06 18:31:27,509 INFO mapred.LocalJobRunner: 2 / 2 copied.
2022-10-06 18:31:27,668 INFO mapred.Task: Task:attempt_local2050862628_0003_r_000000_0 is done. And is in the process of committing
2022-10-06 18:31:27,669 INFO mapred.LocalJobRunner: 2 / 2 copied.
2022-10-06 18:31:27,669 INFO mapred.Task: Task attempt_local2050862628_0003_r_000000_0 is allowed to commit now
2022-10-06 18:31:27,687 INFO output.FileOutputCommitter: Saved output of task 'attempt_local2050862628_0003_r_000000_0' to file:/home/rkonka/project2/output
2022-10-06 18:31:27,688 INFO mapred.LocalJobRunner: reduce > reduce
2022-10-06 18:31:27,688 INFO mapred.Task: Task 'attempt_local2050862628_0003_r_000000_0' done.
2022-10-06 18:31:27,688 INFO mapred.Task: Final Counters for attempt_local2050862628_0003_r_000000_0: Counters: 24
	File System Counters
		FILE: Number of bytes read=515345
		FILE: Number of bytes written=2206946
		FILE: Number of read operations=0
		FILE: Number of large read operations=0
		FILE: Number of write operations=0
	Map-Reduce Framework
		Combine input records=0
		Combine output records=0
		Reduce input groups=1
		Reduce shuffle bytes=160038
		Reduce input records=2
		Reduce output records=1
		Spilled Records=2
		Shuffled Maps =2
		Failed Shuffles=0
		Merged Map outputs=2
		GC time elapsed (ms)=16
		Total committed heap usage (bytes)=2147483648
	Shuffle Errors
		BAD_ID=0
		CONNECTION=0
		IO_ERROR=0
		WRONG_LENGTH=0
		WRONG_MAP=0
		WRONG_REDUCE=0
	File Output Format Counters 
		Bytes Written=60603
2022-10-06 18:31:27,688 INFO mapred.LocalJobRunner: Finishing task: attempt_local2050862628_0003_r_000000_0
2022-10-06 18:31:27,688 INFO mapred.LocalJobRunner: reduce task executor complete.
2022-10-06 18:31:28,400 INFO mapreduce.Job: Job job_local2050862628_0003 running in uber mode : false
2022-10-06 18:31:28,401 INFO mapreduce.Job:  map 100% reduce 100%
2022-10-06 18:31:28,402 INFO mapreduce.Job: Job job_local2050862628_0003 completed successfully
2022-10-06 18:31:28,405 INFO mapreduce.Job: Counters: 30
	File System Counters
		FILE: Number of bytes read=824832
		FILE: Number of bytes written=6099517
		FILE: Number of read operations=0
		FILE: Number of large read operations=0
		FILE: Number of write operations=0
	Map-Reduce Framework
		Map input records=2
		Map output records=2
		Map output bytes=160016
		Map output materialized bytes=160038
		Input split bytes=227
		Combine input records=0
		Combine output records=0
		Reduce input groups=1
		Reduce shuffle bytes=160038
		Reduce input records=2
		Reduce output records=1
		Spilled Records=4
		Shuffled Maps =2
		Failed Shuffles=0
		Merged Map outputs=2
		GC time elapsed (ms)=16
		Total committed heap usage (bytes)=6442450944
	Shuffle Errors
		BAD_ID=0
		CONNECTION=0
		IO_ERROR=0
		WRONG_LENGTH=0
		WRONG_MAP=0
		WRONG_REDUCE=0
	File Input Format Counters 
		Bytes Read=161378
	File Output Format Counters 
		Bytes Written=60603
